#
# A fatal error has been detected by the Java Runtime Environment:
#
#  EXCEPTION_ACCESS_VIOLATION (0xc0000005) at pc=0x00007ffdf4f30502, pid=4496, tid=37316
#
# JRE version: OpenJDK Runtime Environment (22.0.1+8) (build 22.0.1+8-16)
# Java VM: OpenJDK 64-Bit Server VM (22.0.1+8-16, mixed mode, sharing, tiered, compressed oops, compressed class ptrs, g1 gc, windows-amd64)
# Problematic frame:
# V  [jvm.dll+0x450502]
#
# No core dump will be written. Minidumps are not enabled by default on client versions of Windows
#
# If you would like to submit a bug report, please visit:
#   https://bugreport.java.com/bugreport/crash.jsp
#

---------------  S U M M A R Y ------------

Command Line: -Dfile.encoding=windows-1252 -Dsun.stdout.encoding=windows-1252 -Dsun.stderr.encoding=windows-1252 C:\Users\migue\IdeaProjects\PomoFX_Win\out\artifacts\PomoFX_Win_jar\PomoFX_Win.jar

Host: AMD Ryzen 9 5950X 16-Core Processor            , 32 cores, 31G,  Windows 11 , 64 bit Build 22621 (10.0.22621.3672)
Time: Thu May 30 17:11:44 2024 Pacific Daylight Time elapsed time: 0.413545 seconds (0d 0h 0m 0s)

---------------  T H R E A D  ---------------

Current thread (0x00000260c1b04ec0):  JavaThread "WindowsNativeRunloopThread"        [_thread_in_vm, id=37316, stack(0x000000623ae00000,0x000000623af00000) (1024K)]

Stack: [0x000000623ae00000,0x000000623af00000],  sp=0x000000623aeff2d0,  free space=1020k
Native frames: (J=compiled Java code, j=interpreted, Vv=VM code, C=native code)
V  [jvm.dll+0x450502]  (no source info available)
C  [glass.dll+0x510c]  (no source info available)
C  [glass.dll+0xa706]  (no source info available)
C  0x00000260daa2cfc7  (no source info available)

The last pc belongs to native method entry point (kind = native) (printed below).
Java frames: (J=compiled Java code, j=interpreted, Vv=VM code)
j  com.sun.glass.ui.win.WinApplication._runLoop(Ljava/lang/Runnable;)V+0
j  com.sun.glass.ui.win.WinApplication.lambda$runLoop$3(ILjava/lang/Runnable;)V+8
j  com.sun.glass.ui.win.WinApplication$$Lambda+0x00000260810325e0.run()V+12
j  java.lang.Thread.runWith(Ljava/lang/Object;Ljava/lang/Runnable;)V+5 java.base@22.0.1
j  java.lang.Thread.run()V+19 java.base@22.0.1
v  ~StubRoutines::call_stub 0x00000260daa2100d

siginfo: EXCEPTION_ACCESS_VIOLATION (0xc0000005), reading address 0x0000000000000000


Registers:
RAX=0x0000000000000000, RBX=0x00000260c1b04ec0, RCX=0x00000260c1b05280, RDX=0x000000623aeff4b8
RSP=0x000000623aeff2d0, RBP=0x000000623aeff3d8, RSI=0x0000000000000000, RDI=0x00000260c1b05280
R8 =0x0000000000000000, R9 =0x000000623aeff3d8, R10=0x0000000000000000, R11=0x0000000000000246
R12=0x0000000000000000, R13=0x00000260c24f7d40, R14=0x000000623aeff4b8, R15=0x00000260c1b04ec0
RIP=0x00007ffdf4f30502, EFLAGS=0x0000000000010246


Register to memory mapping:

RAX=0x0 is null
RBX=0x00000260c1b04ec0 is a thread
RCX=0x00000260c1b05280 points into unknown readable memory: 0x00007ffdf56bdac0 | c0 da 6b f5 fd 7f 00 00
RDX=0x000000623aeff4b8 is pointing into the stack for thread: 0x00000260c1b04ec0
RSP=0x000000623aeff2d0 is pointing into the stack for thread: 0x00000260c1b04ec0
RBP=0x000000623aeff3d8 is pointing into the stack for thread: 0x00000260c1b04ec0
RSI=0x0 is null
RDI=0x00000260c1b05280 points into unknown readable memory: 0x00007ffdf56bdac0 | c0 da 6b f5 fd 7f 00 00
R8 =0x0 is null
R9 =0x000000623aeff3d8 is pointing into the stack for thread: 0x00000260c1b04ec0
R10=0x0 is null
R11=0x0000000000000246 is an unknown value
R12=0x0 is null
R13={method} {0x00000260c24f7d48} '_runLoop' '(Ljava/lang/Runnable;)V' in 'com/sun/glass/ui/win/WinApplication'
R14=0x000000623aeff4b8 is pointing into the stack for thread: 0x00000260c1b04ec0
R15=0x00000260c1b04ec0 is a thread

Top of Stack: (sp=0x000000623aeff2d0)
0x000000623aeff2d0:   000000623aeff2e0 0000000000000001
0x000000623aeff2e0:   0000000000000000 000000623aeff2f8
0x000000623aeff2f0:   00008599f0985495 0000000000320030
0x000000623aeff300:   00007ffedd021f00 00007ffedc3b95e1
0x000000623aeff310:   000000623aeff3c8 0000000000000000
0x000000623aeff320:   00000260c1b04ec0 0000000000000000
0x000000623aeff330:   0000000000000000 00007ffedd0472f0
0x000000623aeff340:   00000260c1ace600 00007ffedd2550bf
0x000000623aeff350:   0000000000180016 00007ffedd021e58
0x000000623aeff360:   000000623aeff350 0000000000000000
0x000000623aeff370:   00000260c1b04ec0 000000623aeff4c0
0x000000623aeff380:   00000260c1b05280 00007ffeab60510c
0x000000623aeff390:   0000000000000000 000000623aeff498
0x000000623aeff3a0:   000000623aeff4b8 00000260c1b05280
0x000000623aeff3b0:   000000623aeff4b8 00007ffeab60a706
0x000000623aeff3c0:   00000260c24f7d40 0000026000000000
0x000000623aeff3d0:   0000000000000000 0000000000000000
0x000000623aeff3e0:   00000260daa289b6 00000260daa2ce38
0x000000623aeff3f0:   00000260c24f7d40 00000260c24f7d40
0x000000623aeff400:   00000260c24f7d40 000000623aeff4c0
0x000000623aeff410:   00000260daa289b6 00000260daa2cfc7
0x000000623aeff420:   00000260c24f7d40 000000623aeff9f0
0x000000623aeff430:   3ff0000000000000 00000260c1b04ec0
0x000000623aeff440:   000000623aeff9f0 00000260daa2cc5b
0x000000623aeff450:   fffffffffffffff7 00000260c24f7d40
0x000000623aeff460:   0000000000000005 00000260c251d430
0x000000623aeff470:   0000000000000000 00000006205b9728
0x000000623aeff480:   00000260c24f7d40 0000000000000000
0x000000623aeff490:   000000623aeff4b8 000000623aeff510
0x000000623aeff4a0:   00000260daa288c0 0000000000000000
0x000000623aeff4b0:   00000260daa2a517 00000006206a9908
0x000000623aeff4c0:   00000006206a33a0 fffffffffffffff7 

Instructions: (pc=0x00007ffdf4f30502)
0x00007ffdf4f30402:   ff 48 8b 4b 08 48 8b 43 10 48 89 41 10 48 8b 4b
0x00007ffdf4f30412:   08 48 8b 43 18 48 89 41 18 48 8b 4b 08 48 8b 43
0x00007ffdf4f30422:   20 48 89 41 20 48 8d 8f a0 03 00 00 e8 bd 85 ec
0x00007ffdf4f30432:   ff 90 c7 87 54 04 00 00 04 00 00 00 48 81 c4 b8
0x00007ffdf4f30442:   00 00 00 41 5f 41 5e 5f 5e 5d 5b c3 cc cc 48 89
0x00007ffdf4f30452:   5c 24 08 48 89 6c 24 10 48 89 74 24 18 57 41 56
0x00007ffdf4f30462:   41 57 48 81 ec a0 00 00 00 8b 81 b8 00 00 00 48
0x00007ffdf4f30472:   8d 99 40 fc ff ff 05 53 21 ff ff 49 8b e9 49 8b
0x00007ffdf4f30482:   f0 4c 8b f2 48 8b f9 83 f8 01 77 08 48 8b cb e8
0x00007ffdf4f30492:   ca 17 fa ff 80 3d 97 2b 7f 00 00 c7 83 54 04 00
0x00007ffdf4f304a2:   00 06 00 00 00 75 06 e8 92 23 28 00 90 48 8b 83
0x00007ffdf4f304b2:   58 04 00 00 a8 01 74 0d 45 33 c0 b2 01 48 8b cb
0x00007ffdf4f304c2:   e8 e9 5e 2f 00 8b 83 50 04 00 00 a8 0c 74 08 48
0x00007ffdf4f304d2:   8b cb e8 27 2c fa ff c7 83 54 04 00 00 06 00 00
0x00007ffdf4f304e2:   00 48 83 7b 08 00 48 89 5c 24 50 48 c7 44 24 58
0x00007ffdf4f304f2:   00 00 00 00 74 0a 48 8d 4c 24 50 e8 0e fd 2b 00
0x00007ffdf4f30502:   48 8b 16 48 8d 4c 24 70 c6 44 24 40 0e e8 ac b1
0x00007ffdf4f30512:   00 00 48 8d 44 24 70 48 89 5c 24 30 48 89 44 24
0x00007ffdf4f30522:   28 4c 8d 3d 46 9e 5b 00 41 b9 01 00 00 00 48 89
0x00007ffdf4f30532:   74 24 20 4d 8b c6 4c 89 7c 24 70 48 8d 54 24 40
0x00007ffdf4f30542:   48 89 ac 24 98 00 00 00 48 8b cf e8 7e bf 00 00
0x00007ffdf4f30552:   48 83 7c 24 58 00 4c 89 7c 24 70 48 c7 84 24 98
0x00007ffdf4f30562:   00 00 00 00 00 00 00 74 0a 48 8d 4c 24 50 e8 1b
0x00007ffdf4f30572:   fd 2b 00 48 8b bb 98 01 00 00 48 8b 47 10 48 83
0x00007ffdf4f30582:   38 00 74 08 48 8b cf e8 72 37 f5 ff 48 8b 4f 08
0x00007ffdf4f30592:   48 8b 47 10 48 89 41 10 48 8b 4f 08 48 8b 47 18
0x00007ffdf4f305a2:   48 89 41 18 48 8b 4f 08 48 8b 47 20 48 89 41 20
0x00007ffdf4f305b2:   48 8d 8b a0 03 00 00 e8 32 84 ec ff 4c 8d 9c 24
0x00007ffdf4f305c2:   a0 00 00 00 90 49 8b 6b 28 49 8b 73 30 c7 83 54
0x00007ffdf4f305d2:   04 00 00 04 00 00 00 49 8b 5b 20 49 8b e3 41 5f
0x00007ffdf4f305e2:   41 5e 5f c3 cc cc cc cc cc cc cc cc cc cc 48 89
0x00007ffdf4f305f2:   5c 24 08 48 89 6c 24 10 48 89 74 24 18 48 89 7c 


Stack slot to memory mapping:

stack at sp + 0 slots: 0x000000623aeff2e0 is pointing into the stack for thread: 0x00000260c1b04ec0
stack at sp + 1 slots: 0x0000000000000001 is an unknown value
stack at sp + 2 slots: 0x0 is null
stack at sp + 3 slots: 0x000000623aeff2f8 is pointing into the stack for thread: 0x00000260c1b04ec0
stack at sp + 4 slots: 0x00008599f0985495 is an unknown value
stack at sp + 5 slots: 0x0000000000320030 is an unknown value
stack at sp + 6 slots: 0x00007ffedd021f00 ole32.dll
stack at sp + 7 slots: 0x00007ffedc3b95e1 KERNELBASE.dll

native method entry point (kind = native)  [0x00000260daa2cba0, 0x00000260daa2d6c0]  2848 bytes
[MachCode]
  0x00000260daa2cba0: 488b 4b08 | 0fb7 492e | 584c 8d74 | ccf8 6800 | 0000 0068 | 0000 0000 | 5055 488b | ec41 5568 
  0x00000260daa2cbc0: 0000 0000 | 4c8b 6b08 | 4d8d 6d38 | 5348 8b53 | 0848 8b52 | 0848 8b52 | 1848 8b52 | 7048 8b12 
  0x00000260daa2cbe0: 5248 8b53 | 1048 85d2 | 0f84 0700 | 0000 4881 | c210 0100 | 0052 488b | 5308 488b | 5208 488b 
  0x00000260daa2cc00: 5210 5249 | 8bc6 482b | c548 c1e8 | 0350 6800 | 0000 0068 | f7ff ffff | 41c6 8781 | 0400 0001 
  0x00000260daa2cc20: 488b 4310 | 4885 c074 | 208b 88cc | 0000 0083 | c102 8988 | cc00 0000 | 2388 e000 | 0000 0f84 
  0x00000260daa2cc40: cb09 0000 | e9cf 0000 | 0048 8b43 | 1848 85c0 | 0f85 b000 | 0000 e805 | 0000 00e9 | 9900 0000 
  0x00000260daa2cc60: 488b d348 | 8d44 2408 | 4c89 6dc0 | 498b cfc5 | f877 4989 | afb0 0300 | 0049 8987 | a003 0000 
  0x00000260daa2cc80: 4883 ec20 | 40f6 c40f | 0f84 1900 | 0000 4883 | ec08 48b8 | a0a3 ebf4 | fd7f 0000 | ffd0 4883 
  0x00000260daa2cca0: c408 e90c | 0000 0048 | b8a0 a3eb | f4fd 7f00 | 00ff d048 | 83c4 2049 | c787 a003 | 0000 0000 
  0x00000260daa2ccc0: 0000 49c7 | 87b0 0300 | 0000 0000 | 0049 c787 | a803 0000 | 0000 0000 | c5f8 7749 | 837f 0800 
  0x00000260daa2cce0: 0f84 0500 | 0000 e915 | 42ff ff4c | 8b6d c04c | 8b75 c84e | 8d74 f500 | c348 8b43 | 1848 85c0 
  0x00000260daa2cd00: 0f84 1200 | 0000 8b48 | 0883 c102 | 8948 0823 | 481c 0f84 | f708 0000 | 493b a7f0 | 0400 000f 
  0x00000260daa2cd20: 8748 0000 | 0089 8424 | 00f0 ffff | 8984 2400 | e0ff ff89 | 8424 00d0 | ffff 8984 | 2400 c0ff 
  0x00000260daa2cd40: ff89 8424 | 00b0 ffff | 8984 2400 | a0ff ff89 | 8424 0090 | ffff 8984 | 2400 80ff | ff49 3ba7 
  0x00000260daa2cd60: e804 0000 | 7607 4989 | a7f0 0400 | 0041 c687 | 8104 0000 | 0049 ba9c | 3072 f5fd | 7f00 0041 
  0x00000260daa2cd80: 803a 000f | 843e 0000 | 0048 8b55 | e849 8bcf | 4883 ec20 | 40f6 c40f | 0f84 1900 | 0000 4883 
  0x00000260daa2cda0: ec08 48b8 | 40b5 22f5 | fd7f 0000 | ffd0 4883 | c408 e90c | 0000 0048 | b840 b522 | f5fd 7f00 
  0x00000260daa2cdc0: 00ff d048 | 83c4 2048 | 8b5d e84c | 8b5b 0845 | 0fb7 5b2e | 41c1 e303 | 492b e348 | 83ec 2048 
  0x00000260daa2cde0: 83e4 f04c | 8b5b 604d | 85db 0f85 | ab00 0000 | e805 0000 | 00e9 9900 | 0000 488b | d348 8d44 
  0x00000260daa2ce00: 2408 4c89 | 6dc0 498b | cfc5 f877 | 4989 afb0 | 0300 0049 | 8987 a003 | 0000 4883 | ec20 40f6 
  0x00000260daa2ce20: c40f 0f84 | 1900 0000 | 4883 ec08 | 48b8 c0ca | ebf4 fd7f | 0000 ffd0 | 4883 c408 | e90c 0000 
  0x00000260daa2ce40: 0048 b8c0 | caeb f4fd | 7f00 00ff | d048 83c4 | 2049 c787 | a003 0000 | 0000 0000 | 49c7 87b0 
  0x00000260daa2ce60: 0300 0000 | 0000 0049 | c787 a803 | 0000 0000 | 0000 c5f8 | 7749 837f | 0800 0f84 | 0500 0000 
  0x00000260daa2ce80: e97b 40ff | ff4c 8b6d | c04c 8b75 | c84e 8d74 | f500 c348 | 8b5d e84c | 8b5b 6041 | ffd3 488b 
  0x00000260daa2cea0: 5de8 4889 | 4518 448b | 5b28 41f6 | c308 0f84 | 1b00 0000 | 4c8b 5b08 | 4d8b 5b08 | 4d8b 5b18 
  0x00000260daa2cec0: 4d8b 5b70 | 4d8b 1b4c | 895d 1048 | 8d55 1048 | 8b43 5849 | ba40 0c23 | f5fd 7f00 | 0049 3bc2 
  0x00000260daa2cee0: 0f85 ab00 | 0000 e805 | 0000 00e9 | 9900 0000 | 488b d348 | 8d44 2408 | 4c89 6dc0 | 498b cfc5 
  0x00000260daa2cf00: f877 4989 | afb0 0300 | 0049 8987 | a003 0000 | 4883 ec20 | 40f6 c40f | 0f84 1900 | 0000 4883 
  0x00000260daa2cf20: ec08 48b8 | c0ca ebf4 | fd7f 0000 | ffd0 4883 | c408 e90c | 0000 0048 | b8c0 caeb | f4fd 7f00 
  0x00000260daa2cf40: 00ff d048 | 83c4 2049 | c787 a003 | 0000 0000 | 0000 49c7 | 87b0 0300 | 0000 0000 | 0049 c787 
  0x00000260daa2cf60: a803 0000 | 0000 0000 | c5f8 7749 | 837f 0800 | 0f84 0500 | 0000 e985 | 3fff ff4c | 8b6d c04c 
  0x00000260daa2cf80: 8b75 c84e | 8d74 f500 | c348 8b5d | e848 8b43 | 5849 8d8f | c003 0000 | c5f8 7749 | 89af b003 
  0x00000260daa2cfa0: 0000 49ba | 98cf a2da | 6002 0000 | 4d89 97a8 | 0300 0049 | 89a7 a003 | 0000 41c7 | 8754 0400 
  0x00000260daa2cfc0: 0004 0000 | 00ff d0c5 | f877 4883 | ec10 c5fb | 1104 2448 | 83ec 1048 | 8904 2448 | c744 2408 
  0x00000260daa2cfe0: 0000 0000 | 41c7 8754 | 0400 0005 | 0000 00f0 | 8344 24c0 | 0049 3baf | 5804 0000 | 0f87 0e00 
  0x00000260daa2d000: 0000 4183 | bf50 0400 | 0000 0f84 | 2000 0000 | 498b cf4c | 8be4 4883 | ec20 4883 | e4f0 48b8 
  0x00000260daa2d020: d01e edf4 | fd7f 0000 | ffd0 498b | e44d 33e4 | 41c7 8754 | 0400 0008 | 0000 0049 | c787 a003 
  0x00000260daa2d040: 0000 0000 | 0000 49c7 | 87b0 0300 | 0000 0000 | 0049 c787 | a803 0000 | 0000 0000 | c5f8 774d 
  0x00000260daa2d060: 8b9f 3004 | 0000 41c7 | 8300 0100 | 0000 0000 | 0049 bb1a | a5a2 da60 | 0200 004c | 3b5d 180f 
  0x00000260daa2d080: 8524 0200 | 0048 8b04 | 2448 83c4 | 1048 85c0 | 0f84 fe01 | 0000 a803 | 0f85 0800 | 0000 488b 
  0x00000260daa2d0a0: 00e9 ee01 | 0000 a801 | 0f85 0900 | 0000 488b | 40fe e9dd | 0100 0048 | 8b40 ff41 | 807f 3800 
  0x00000260daa2d0c0: 0f84 ce01 | 0000 4883 | f800 0f84 | c401 0000 | 4d8b 5f28 | 4983 fb00 | 0f84 1400 | 0000 4983 
  0x00000260daa2d0e0: eb08 4d89 | 5f28 4d03 | 5f30 4989 | 03e9 a201 | 0000 4881 | ecd0 0000 | 0048 8904 | 2448 894c 
  0x00000260daa2d100: 2408 4889 | 5424 1048 | 8974 2418 | 4889 7c24 | 204c 8944 | 2428 4c89 | 4c24 304c | 8954 2438 
  0x00000260daa2d120: 4c89 5c24 | 40c5 fb11 | 4424 50c5 | fb11 4c24 | 58c5 fb11 | 5424 60c5 | fb11 5c24 | 68c5 fb11 
  0x00000260daa2d140: 6424 70c5 | fb11 6c24 | 78c5 fb11 | b424 8000 | 0000 c5fb | 11bc 2488 | 0000 00c5 | 7b11 8424 
  0x00000260daa2d160: 9000 0000 | c57b 118c | 2498 0000 | 00c5 7b11 | 9424 a000 | 0000 c57b | 119c 24a8 | 0000 00c5 
  0x00000260daa2d180: 7b11 a424 | b000 0000 | c57b 11ac | 24b8 0000 | 00c5 7b11 | b424 c000 | 0000 c57b | 11bc 24c8 
  0x00000260daa2d1a0: 0000 0049 | 8bd7 488b | c848 83ec | 2040 f6c4 | 0f0f 8419 | 0000 0048 | 83ec 0848 | b8e0 3ee0 
  0x00000260daa2d1c0: f4fd 7f00 | 00ff d048 | 83c4 08e9 | 0c00 0000 | 48b8 e03e | e0f4 fd7f | 0000 ffd0 | 4883 c420 
  0x00000260daa2d1e0: c57b 10bc | 24c8 0000 | 00c5 7b10 | b424 c000 | 0000 c57b | 10ac 24b8 | 0000 00c5 | 7b10 a424 
  0x00000260daa2d200: b000 0000 | c57b 109c | 24a8 0000 | 00c5 7b10 | 9424 a000 | 0000 c57b | 108c 2498 | 0000 00c5 
  0x00000260daa2d220: 7b10 8424 | 9000 0000 | c5fb 10bc | 2488 0000 | 00c5 fb10 | b424 8000 | 0000 c5fb | 106c 2478 
  0x00000260daa2d240: c5fb 1064 | 2470 c5fb | 105c 2468 | c5fb 1054 | 2460 c5fb | 104c 2458 | c5fb 1044 | 2450 4c8b 
  0x00000260daa2d260: 5c24 404c | 8b54 2438 | 4c8b 4c24 | 304c 8b44 | 2428 488b | 7c24 2048 | 8b74 2418 | 488b 5424 
  0x00000260daa2d280: 1048 8b4c | 2408 488b | 0424 4881 | c4d0 0000 | 00c5 f877 | 4889 4510 | 4883 ec10 | 4889 0424 
  0x00000260daa2d2a0: 48c7 4424 | 0800 0000 | 0041 83bf | d004 0000 | 020f 85bf | 0000 0048 | 81ec 8000 | 0000 4889 
  0x00000260daa2d2c0: 4424 7848 | 894c 2470 | 4889 5424 | 6848 895c | 2460 4889 | 6c24 5048 | 8974 2448 | 4889 7c24 
  0x00000260daa2d2e0: 404c 8944 | 2438 4c89 | 4c24 304c | 8954 2428 | 4c89 5c24 | 204c 8964 | 2418 4c89 | 6c24 104c 
  0x00000260daa2d300: 8974 2408 | 4c89 3c24 | 4c8b e448 | 83ec 2048 | 83e4 f048 | b890 ed22 | f5fd 7f00 | 00ff d049 
  0x00000260daa2d320: 8be4 4c8b | 3c24 4c8b | 7424 084c | 8b6c 2410 | 4c8b 6424 | 184c 8b5c | 2420 4c8b | 5424 284c 
  0x00000260daa2d340: 8b4c 2430 | 4c8b 4424 | 3848 8b7c | 2440 488b | 7424 4848 | 8b6c 2450 | 488b 5c24 | 6048 8b54 
  0x00000260daa2d360: 2468 488b | 4c24 7048 | 8b44 2478 | 4881 c480 | 0000 004d | 33e4 488b | 5de8 4c8b | 6b08 4d8d 
  0x00000260daa2d380: 6d38 4983 | 7f08 000f | 84bb 0000 | 00e8 0500 | 0000 e996 | 0000 0048 | 8d44 2408 | 4c89 6dc0 
  0x00000260daa2d3a0: 498b cfc5 | f877 4989 | afb0 0300 | 0049 8987 | a003 0000 | 4883 ec20 | 40f6 c40f | 0f84 1900 
  0x00000260daa2d3c0: 0000 4883 | ec08 48b8 | 00e9 ebf4 | fd7f 0000 | ffd0 4883 | c408 e90c | 0000 0048 | b800 e9eb 
  0x00000260daa2d3e0: f4fd 7f00 | 00ff d048 | 83c4 2049 | c787 a003 | 0000 0000 | 0000 49c7 | 87b0 0300 | 0000 0000 
  0x00000260daa2d400: 0049 c787 | a803 0000 | 0000 0000 | c5f8 7749 | 837f 0800 | 0f84 0500 | 0000 e9e1 | 3aff ff4c 
  0x00000260daa2d420: 8b6d c04c | 8b75 c84e | 8d74 f500 | c348 b9d0 | 184a f5fd | 7f00 0048 | 83e4 f048 | b8c0 9411 
  0x00000260daa2d440: f5fd 7f00 | 00ff d0f4 | 448b 5b28 | 41f6 c320 | 0f84 4401 | 0000 488d | 55a8 4c8b | 5a08 4d85 
  0x00000260daa2d460: db0f 85bb | 0000 00e8 | 0500 0000 | e996 0000 | 0048 8d44 | 2408 4c89 | 6dc0 498b | cfc5 f877 
  0x00000260daa2d480: 4989 afb0 | 0300 0049 | 8987 a003 | 0000 4883 | ec20 40f6 | c40f 0f84 | 1900 0000 | 4883 ec08 
  0x00000260daa2d4a0: 48b8 30e8 | ebf4 fd7f | 0000 ffd0 | 4883 c408 | e90c 0000 | 0048 b830 | e8eb f4fd | 7f00 00ff 
  0x00000260daa2d4c0: d048 83c4 | 2049 c787 | a003 0000 | 0000 0000 | 49c7 87b0 | 0300 0000 | 0000 0049 | c787 a803 
  0x00000260daa2d4e0: 0000 0000 | 0000 c5f8 | 7749 837f | 0800 0f84 | 0500 0000 | e907 3aff | ff4c 8b6d | c04c 8b75 
  0x00000260daa2d500: c84e 8d74 | f500 c348 | b9d0 184a | f5fd 7f00 | 0048 83e4 | f048 b8c0 | 9411 f5fd | 7f00 00ff 
  0x00000260daa2d520: d0f4 4c89 | 6dc0 488d | 024c 8b4a | 0848 c742 | 0800 0000 | 004c 8b00 | 4d85 c00f | 840b 0000 
  0x00000260daa2d540: 00f0 4d0f | b101 0f85 | 0c00 0000 | 49ff 8f58 | 0500 00e9 | 3e00 0000 | 4c89 4a08 | 488b ca48 
  0x00000260daa2d560: 83ec 2040 | f6c4 0f0f | 8419 0000 | 0048 83ec | 0848 b8c0 | baeb f4fd | 7f00 00ff | d048 83c4 
  0x00000260daa2d580: 08e9 0c00 | 0000 48b8 | c0ba ebf4 | fd7f 0000 | ffd0 4883 | c420 4c8b | 6dc0 49ba | 9c30 72f5 
  0x00000260daa2d5a0: fd7f 0000 | 4180 3a00 | 0f84 3e00 | 0000 488b | 55e8 498b | cf48 83ec | 2040 f6c4 | 0f0f 8419 
  0x00000260daa2d5c0: 0000 0048 | 83ec 0848 | b840 b522 | f5fd 7f00 | 00ff d048 | 83c4 08e9 | 0c00 0000 | 48b8 40b5 
  0x00000260daa2d5e0: 22f5 fd7f | 0000 ffd0 | 4883 c420 | 488b 0424 | 4883 c410 | c5fb 1004 | 2448 83c4 | 104c 8b5d 
  0x00000260daa2d600: 1841 ffd3 | 4c8b 5df8 | c95f 498b | e3ff e7ba | 0000 0000 | e805 0000 | 00e9 9600 | 0000 488d 
  0x00000260daa2d620: 4424 084c | 896d c049 | 8bcf c5f8 | 7749 89af | b003 0000 | 4989 87a0 | 0300 0048 | 83ec 2040 
  0x00000260daa2d640: f6c4 0f0f | 8419 0000 | 0048 83ec | 0848 b880 | aeeb f4fd | 7f00 00ff | d048 83c4 | 08e9 0c00 
  0x00000260daa2d660: 0000 48b8 | 80ae ebf4 | fd7f 0000 | ffd0 4883 | c420 49c7 | 87a0 0300 | 0000 0000 | 0049 c787 
  0x00000260daa2d680: b003 0000 | 0000 0000 | 49c7 87a8 | 0300 0000 | 0000 00c5 | f877 4983 | 7f08 000f | 8405 0000 
  0x00000260daa2d6a0: 00e9 5a38 | ffff 4c8b | 6dc0 4c8b | 75c8 4e8d | 74f5 00c3 | 488b 5de8 | e95b f6ff | ff66 6690 
[/MachCode]

---------------  P R O C E S S  ---------------

Threads class SMR info:
_java_thread_list=0x00000260c1b04a30, length=21, elements={
0x00000260c978e7c0, 0x00000260f057df60, 0x00000260f0583290, 0x00000260f0586920,
0x00000260f0589390, 0x00000260f0589f20, 0x00000260c1081fa0, 0x00000260c108ce80,
0x00000260c108da60, 0x00000260c11474f0, 0x00000260c122bc30, 0x00000260c1232ef0,
0x00000260c12b1e60, 0x00000260c12aeb60, 0x00000260c13273e0, 0x00000260c13282c0,
0x00000260c13296d0, 0x00000260c13b5ae0, 0x00000260c195cb10, 0x00000260c1aac350,
0x00000260c1b04ec0
}

Java Threads: ( => current thread )
  0x00000260c978e7c0 JavaThread "main"                              [_thread_blocked, id=25692, stack(0x0000006239200000,0x0000006239300000) (1024K)]
  0x00000260f057df60 JavaThread "Reference Handler"          daemon [_thread_blocked, id=13952, stack(0x0000006239a00000,0x0000006239b00000) (1024K)]
  0x00000260f0583290 JavaThread "Finalizer"                  daemon [_thread_blocked, id=30280, stack(0x0000006239b00000,0x0000006239c00000) (1024K)]
  0x00000260f0586920 JavaThread "Signal Dispatcher"          daemon [_thread_blocked, id=39584, stack(0x0000006239c00000,0x0000006239d00000) (1024K)]
  0x00000260f0589390 JavaThread "Attach Listener"            daemon [_thread_blocked, id=23060, stack(0x0000006239d00000,0x0000006239e00000) (1024K)]
  0x00000260f0589f20 JavaThread "Service Thread"             daemon [_thread_blocked, id=17300, stack(0x0000006239e00000,0x0000006239f00000) (1024K)]
  0x00000260c1081fa0 JavaThread "Monitor Deflation Thread"   daemon [_thread_blocked, id=30292, stack(0x0000006239f00000,0x000000623a000000) (1024K)]
  0x00000260c108ce80 JavaThread "C2 CompilerThread0"         daemon [_thread_blocked, id=26756, stack(0x000000623a000000,0x000000623a100000) (1024K)]
  0x00000260c108da60 JavaThread "C1 CompilerThread0"         daemon [_thread_blocked, id=7524, stack(0x000000623a100000,0x000000623a200000) (1024K)]
  0x00000260c11474f0 JavaThread "C1 CompilerThread1"         daemon [_thread_blocked, id=21724, stack(0x000000623a200000,0x000000623a300000) (1024K)]
  0x00000260c122bc30 JavaThread "Notification Thread"        daemon [_thread_blocked, id=38488, stack(0x000000623a300000,0x000000623a400000) (1024K)]
  0x00000260c1232ef0 JavaThread "Common-Cleaner"             daemon [_thread_blocked, id=2360, stack(0x000000623a400000,0x000000623a500000) (1024K)]
  0x00000260c12b1e60 JavaThread "C2 CompilerThread1"         daemon [_thread_blocked, id=6120, stack(0x000000623a500000,0x000000623a600000) (1024K)]
  0x00000260c12aeb60 JavaThread "JavaFX-Launcher"                   [_thread_blocked, id=14980, stack(0x000000623a600000,0x000000623a700000) (1024K)]
  0x00000260c13273e0 JavaThread "C1 CompilerThread2"         daemon [_thread_blocked, id=21740, stack(0x000000623a700000,0x000000623a800000) (1024K)]
  0x00000260c13282c0 JavaThread "C1 CompilerThread3"         daemon [_thread_blocked, id=2324, stack(0x000000623a800000,0x000000623a900000) (1024K)]
  0x00000260c13296d0 JavaThread "C1 CompilerThread4"         daemon [_thread_blocked, id=4632, stack(0x000000623a900000,0x000000623aa00000) (1024K)]
  0x00000260c13b5ae0 JavaThread "C2 CompilerThread2"         daemon [_thread_blocked, id=25808, stack(0x000000623aa00000,0x000000623ab00000) (1024K)]
  0x00000260c195cb10 JavaThread "QuantumRenderer-0"          daemon [_thread_blocked, id=38612, stack(0x000000623ab00000,0x000000623ac00000) (1024K)]
  0x00000260c1aac350 JavaThread "InvokeLaterDispatcher"      daemon [_thread_blocked, id=33408, stack(0x000000623ad00000,0x000000623ae00000) (1024K)]
=>0x00000260c1b04ec0 JavaThread "WindowsNativeRunloopThread"        [_thread_in_vm, id=37316, stack(0x000000623ae00000,0x000000623af00000) (1024K)]
Total: 21

Other Threads:
  0x00000260f0565150 VMThread "VM Thread"                           [id=7620, stack(0x0000006239900000,0x0000006239a00000) (1024K)]
  0x00000260c1080cd0 WatcherThread "VM Periodic Task Thread"        [id=39248, stack(0x0000006239800000,0x0000006239900000) (1024K)]
  0x00000260c9bb4520 WorkerThread "GC Thread#0"                     [id=21732, stack(0x0000006239300000,0x0000006239400000) (1024K)]
  0x00000260c9bc56d0 ConcurrentGCThread "G1 Main Marker"            [id=1108, stack(0x0000006239400000,0x0000006239500000) (1024K)]
  0x00000260c9bc7990 WorkerThread "G1 Conc#0"                       [id=37168, stack(0x0000006239500000,0x0000006239600000) (1024K)]
  0x00000260f0488bb0 ConcurrentGCThread "G1 Refine#0"               [id=3392, stack(0x0000006239600000,0x0000006239700000) (1024K)]
  0x00000260f048b740 ConcurrentGCThread "G1 Service"                [id=26260, stack(0x0000006239700000,0x0000006239800000) (1024K)]
Total: 7

Threads with active compile tasks:
Total: 0

VM state: not at safepoint (normal execution)

VM Mutex/Monitor currently owned by a thread: None

Heap address: 0x0000000601400000, size: 8172 MB, Compressed Oops mode: Zero based, Oop shift amount: 3

CDS archive(s) mapped at: [0x0000026080000000-0x0000026080c50000-0x0000026080c50000), size 12910592, SharedBaseAddress: 0x0000026080000000, ArchiveRelocationMode: 1.
Compressed class space mapped at: 0x0000026081000000-0x00000260c1000000, reserved size: 1073741824
Narrow klass base: 0x0000026080000000, Narrow klass shift: 0, Narrow klass range: 0x41000000

GC Precious Log:
 CardTable entry size: 512
 Card Set container configuration: InlinePtr #cards 4 size 8 Array Of Cards #cards 32 size 80 Howl #buckets 8 coarsen threshold 7372 Howl Bitmap #cards 1024 size 144 coarsen threshold 921 Card regions per heap region 1 cards per card region 8192
 CPUs: 32 total, 32 available
 Memory: 32681M
 Large Page Support: Disabled
 NUMA Support: Disabled
 Compressed Oops: Enabled (Zero based)
 Heap Region Size: 4M
 Heap Min Capacity: 8M
 Heap Initial Capacity: 512M
 Heap Max Capacity: 8172M
 Pre-touch: Disabled
 Parallel Workers: 23
 Concurrent Workers: 6
 Concurrent Refinement Workers: 23
 Periodic GC: Disabled

Heap:
 garbage-first heap   total reserved 8368128K, committed 524288K, used 8192K [0x0000000601400000, 0x0000000800000000)
  region size 4096K, 4 young (16384K), 0 survivors (0K)
 Metaspace       used 3281K, committed 3520K, reserved 1114112K
  class space    used 339K, committed 448K, reserved 1048576K

Heap Regions: E=young(eden), S=young(survivor), O=old, HS=humongous(starts), HC=humongous(continues), CS=collection set, F=free, TAMS=top-at-mark-start, PB=parsable bottom
|   0|0x0000000601400000, 0x0000000601400000, 0x0000000601800000|  0%| F|  |TAMS 0x0000000601400000| PB 0x0000000601400000| Untracked |  0
|   1|0x0000000601800000, 0x0000000601800000, 0x0000000601c00000|  0%| F|  |TAMS 0x0000000601800000| PB 0x0000000601800000| Untracked |  0
|   2|0x0000000601c00000, 0x0000000601c00000, 0x0000000602000000|  0%| F|  |TAMS 0x0000000601c00000| PB 0x0000000601c00000| Untracked |  0
|   3|0x0000000602000000, 0x0000000602000000, 0x0000000602400000|  0%| F|  |TAMS 0x0000000602000000| PB 0x0000000602000000| Untracked |  0
|   4|0x0000000602400000, 0x0000000602400000, 0x0000000602800000|  0%| F|  |TAMS 0x0000000602400000| PB 0x0000000602400000| Untracked |  0
|   5|0x0000000602800000, 0x0000000602800000, 0x0000000602c00000|  0%| F|  |TAMS 0x0000000602800000| PB 0x0000000602800000| Untracked |  0
|   6|0x0000000602c00000, 0x0000000602c00000, 0x0000000603000000|  0%| F|  |TAMS 0x0000000602c00000| PB 0x0000000602c00000| Untracked |  0
|   7|0x0000000603000000, 0x0000000603000000, 0x0000000603400000|  0%| F|  |TAMS 0x0000000603000000| PB 0x0000000603000000| Untracked |  0
|   8|0x0000000603400000, 0x0000000603400000, 0x0000000603800000|  0%| F|  |TAMS 0x0000000603400000| PB 0x0000000603400000| Untracked |  0
|   9|0x0000000603800000, 0x0000000603800000, 0x0000000603c00000|  0%| F|  |TAMS 0x0000000603800000| PB 0x0000000603800000| Untracked |  0
|  10|0x0000000603c00000, 0x0000000603c00000, 0x0000000604000000|  0%| F|  |TAMS 0x0000000603c00000| PB 0x0000000603c00000| Untracked |  0
|  11|0x0000000604000000, 0x0000000604000000, 0x0000000604400000|  0%| F|  |TAMS 0x0000000604000000| PB 0x0000000604000000| Untracked |  0
|  12|0x0000000604400000, 0x0000000604400000, 0x0000000604800000|  0%| F|  |TAMS 0x0000000604400000| PB 0x0000000604400000| Untracked |  0
|  13|0x0000000604800000, 0x0000000604800000, 0x0000000604c00000|  0%| F|  |TAMS 0x0000000604800000| PB 0x0000000604800000| Untracked |  0
|  14|0x0000000604c00000, 0x0000000604c00000, 0x0000000605000000|  0%| F|  |TAMS 0x0000000604c00000| PB 0x0000000604c00000| Untracked |  0
|  15|0x0000000605000000, 0x0000000605000000, 0x0000000605400000|  0%| F|  |TAMS 0x0000000605000000| PB 0x0000000605000000| Untracked |  0
|  16|0x0000000605400000, 0x0000000605400000, 0x0000000605800000|  0%| F|  |TAMS 0x0000000605400000| PB 0x0000000605400000| Untracked |  0
|  17|0x0000000605800000, 0x0000000605800000, 0x0000000605c00000|  0%| F|  |TAMS 0x0000000605800000| PB 0x0000000605800000| Untracked |  0
|  18|0x0000000605c00000, 0x0000000605c00000, 0x0000000606000000|  0%| F|  |TAMS 0x0000000605c00000| PB 0x0000000605c00000| Untracked |  0
|  19|0x0000000606000000, 0x0000000606000000, 0x0000000606400000|  0%| F|  |TAMS 0x0000000606000000| PB 0x0000000606000000| Untracked |  0
|  20|0x0000000606400000, 0x0000000606400000, 0x0000000606800000|  0%| F|  |TAMS 0x0000000606400000| PB 0x0000000606400000| Untracked |  0
|  21|0x0000000606800000, 0x0000000606800000, 0x0000000606c00000|  0%| F|  |TAMS 0x0000000606800000| PB 0x0000000606800000| Untracked |  0
|  22|0x0000000606c00000, 0x0000000606c00000, 0x0000000607000000|  0%| F|  |TAMS 0x0000000606c00000| PB 0x0000000606c00000| Untracked |  0
|  23|0x0000000607000000, 0x0000000607000000, 0x0000000607400000|  0%| F|  |TAMS 0x0000000607000000| PB 0x0000000607000000| Untracked |  0
|  24|0x0000000607400000, 0x0000000607400000, 0x0000000607800000|  0%| F|  |TAMS 0x0000000607400000| PB 0x0000000607400000| Untracked |  0
|  25|0x0000000607800000, 0x0000000607800000, 0x0000000607c00000|  0%| F|  |TAMS 0x0000000607800000| PB 0x0000000607800000| Untracked |  0
|  26|0x0000000607c00000, 0x0000000607c00000, 0x0000000608000000|  0%| F|  |TAMS 0x0000000607c00000| PB 0x0000000607c00000| Untracked |  0
|  27|0x0000000608000000, 0x0000000608000000, 0x0000000608400000|  0%| F|  |TAMS 0x0000000608000000| PB 0x0000000608000000| Untracked |  0
|  28|0x0000000608400000, 0x0000000608400000, 0x0000000608800000|  0%| F|  |TAMS 0x0000000608400000| PB 0x0000000608400000| Untracked |  0
|  29|0x0000000608800000, 0x0000000608800000, 0x0000000608c00000|  0%| F|  |TAMS 0x0000000608800000| PB 0x0000000608800000| Untracked |  0
|  30|0x0000000608c00000, 0x0000000608c00000, 0x0000000609000000|  0%| F|  |TAMS 0x0000000608c00000| PB 0x0000000608c00000| Untracked |  0
|  31|0x0000000609000000, 0x0000000609000000, 0x0000000609400000|  0%| F|  |TAMS 0x0000000609000000| PB 0x0000000609000000| Untracked |  0
|  32|0x0000000609400000, 0x0000000609400000, 0x0000000609800000|  0%| F|  |TAMS 0x0000000609400000| PB 0x0000000609400000| Untracked |  0
|  33|0x0000000609800000, 0x0000000609800000, 0x0000000609c00000|  0%| F|  |TAMS 0x0000000609800000| PB 0x0000000609800000| Untracked |  0
|  34|0x0000000609c00000, 0x0000000609c00000, 0x000000060a000000|  0%| F|  |TAMS 0x0000000609c00000| PB 0x0000000609c00000| Untracked |  0
|  35|0x000000060a000000, 0x000000060a000000, 0x000000060a400000|  0%| F|  |TAMS 0x000000060a000000| PB 0x000000060a000000| Untracked |  0
|  36|0x000000060a400000, 0x000000060a400000, 0x000000060a800000|  0%| F|  |TAMS 0x000000060a400000| PB 0x000000060a400000| Untracked |  0
|  37|0x000000060a800000, 0x000000060a800000, 0x000000060ac00000|  0%| F|  |TAMS 0x000000060a800000| PB 0x000000060a800000| Untracked |  0
|  38|0x000000060ac00000, 0x000000060ac00000, 0x000000060b000000|  0%| F|  |TAMS 0x000000060ac00000| PB 0x000000060ac00000| Untracked |  0
|  39|0x000000060b000000, 0x000000060b000000, 0x000000060b400000|  0%| F|  |TAMS 0x000000060b000000| PB 0x000000060b000000| Untracked |  0
|  40|0x000000060b400000, 0x000000060b400000, 0x000000060b800000|  0%| F|  |TAMS 0x000000060b400000| PB 0x000000060b400000| Untracked |  0
|  41|0x000000060b800000, 0x000000060b800000, 0x000000060bc00000|  0%| F|  |TAMS 0x000000060b800000| PB 0x000000060b800000| Untracked |  0
|  42|0x000000060bc00000, 0x000000060bc00000, 0x000000060c000000|  0%| F|  |TAMS 0x000000060bc00000| PB 0x000000060bc00000| Untracked |  0
|  43|0x000000060c000000, 0x000000060c000000, 0x000000060c400000|  0%| F|  |TAMS 0x000000060c000000| PB 0x000000060c000000| Untracked |  0
|  44|0x000000060c400000, 0x000000060c400000, 0x000000060c800000|  0%| F|  |TAMS 0x000000060c400000| PB 0x000000060c400000| Untracked |  0
|  45|0x000000060c800000, 0x000000060c800000, 0x000000060cc00000|  0%| F|  |TAMS 0x000000060c800000| PB 0x000000060c800000| Untracked |  0
|  46|0x000000060cc00000, 0x000000060cc00000, 0x000000060d000000|  0%| F|  |TAMS 0x000000060cc00000| PB 0x000000060cc00000| Untracked |  0
|  47|0x000000060d000000, 0x000000060d000000, 0x000000060d400000|  0%| F|  |TAMS 0x000000060d000000| PB 0x000000060d000000| Untracked |  0
|  48|0x000000060d400000, 0x000000060d400000, 0x000000060d800000|  0%| F|  |TAMS 0x000000060d400000| PB 0x000000060d400000| Untracked |  0
|  49|0x000000060d800000, 0x000000060d800000, 0x000000060dc00000|  0%| F|  |TAMS 0x000000060d800000| PB 0x000000060d800000| Untracked |  0
|  50|0x000000060dc00000, 0x000000060dc00000, 0x000000060e000000|  0%| F|  |TAMS 0x000000060dc00000| PB 0x000000060dc00000| Untracked |  0
|  51|0x000000060e000000, 0x000000060e000000, 0x000000060e400000|  0%| F|  |TAMS 0x000000060e000000| PB 0x000000060e000000| Untracked |  0
|  52|0x000000060e400000, 0x000000060e400000, 0x000000060e800000|  0%| F|  |TAMS 0x000000060e400000| PB 0x000000060e400000| Untracked |  0
|  53|0x000000060e800000, 0x000000060e800000, 0x000000060ec00000|  0%| F|  |TAMS 0x000000060e800000| PB 0x000000060e800000| Untracked |  0
|  54|0x000000060ec00000, 0x000000060ec00000, 0x000000060f000000|  0%| F|  |TAMS 0x000000060ec00000| PB 0x000000060ec00000| Untracked |  0
|  55|0x000000060f000000, 0x000000060f000000, 0x000000060f400000|  0%| F|  |TAMS 0x000000060f000000| PB 0x000000060f000000| Untracked |  0
|  56|0x000000060f400000, 0x000000060f400000, 0x000000060f800000|  0%| F|  |TAMS 0x000000060f400000| PB 0x000000060f400000| Untracked |  0
|  57|0x000000060f800000, 0x000000060f800000, 0x000000060fc00000|  0%| F|  |TAMS 0x000000060f800000| PB 0x000000060f800000| Untracked |  0
|  58|0x000000060fc00000, 0x000000060fc00000, 0x0000000610000000|  0%| F|  |TAMS 0x000000060fc00000| PB 0x000000060fc00000| Untracked |  0
|  59|0x0000000610000000, 0x0000000610000000, 0x0000000610400000|  0%| F|  |TAMS 0x0000000610000000| PB 0x0000000610000000| Untracked |  0
|  60|0x0000000610400000, 0x0000000610400000, 0x0000000610800000|  0%| F|  |TAMS 0x0000000610400000| PB 0x0000000610400000| Untracked |  0
|  61|0x0000000610800000, 0x0000000610800000, 0x0000000610c00000|  0%| F|  |TAMS 0x0000000610800000| PB 0x0000000610800000| Untracked |  0
|  62|0x0000000610c00000, 0x0000000610c00000, 0x0000000611000000|  0%| F|  |TAMS 0x0000000610c00000| PB 0x0000000610c00000| Untracked |  0
|  63|0x0000000611000000, 0x0000000611000000, 0x0000000611400000|  0%| F|  |TAMS 0x0000000611000000| PB 0x0000000611000000| Untracked |  0
|  64|0x0000000611400000, 0x0000000611400000, 0x0000000611800000|  0%| F|  |TAMS 0x0000000611400000| PB 0x0000000611400000| Untracked |  0
|  65|0x0000000611800000, 0x0000000611800000, 0x0000000611c00000|  0%| F|  |TAMS 0x0000000611800000| PB 0x0000000611800000| Untracked |  0
|  66|0x0000000611c00000, 0x0000000611c00000, 0x0000000612000000|  0%| F|  |TAMS 0x0000000611c00000| PB 0x0000000611c00000| Untracked |  0
|  67|0x0000000612000000, 0x0000000612000000, 0x0000000612400000|  0%| F|  |TAMS 0x0000000612000000| PB 0x0000000612000000| Untracked |  0
|  68|0x0000000612400000, 0x0000000612400000, 0x0000000612800000|  0%| F|  |TAMS 0x0000000612400000| PB 0x0000000612400000| Untracked |  0
|  69|0x0000000612800000, 0x0000000612800000, 0x0000000612c00000|  0%| F|  |TAMS 0x0000000612800000| PB 0x0000000612800000| Untracked |  0
|  70|0x0000000612c00000, 0x0000000612c00000, 0x0000000613000000|  0%| F|  |TAMS 0x0000000612c00000| PB 0x0000000612c00000| Untracked |  0
|  71|0x0000000613000000, 0x0000000613000000, 0x0000000613400000|  0%| F|  |TAMS 0x0000000613000000| PB 0x0000000613000000| Untracked |  0
|  72|0x0000000613400000, 0x0000000613400000, 0x0000000613800000|  0%| F|  |TAMS 0x0000000613400000| PB 0x0000000613400000| Untracked |  0
|  73|0x0000000613800000, 0x0000000613800000, 0x0000000613c00000|  0%| F|  |TAMS 0x0000000613800000| PB 0x0000000613800000| Untracked |  0
|  74|0x0000000613c00000, 0x0000000613c00000, 0x0000000614000000|  0%| F|  |TAMS 0x0000000613c00000| PB 0x0000000613c00000| Untracked |  0
|  75|0x0000000614000000, 0x0000000614000000, 0x0000000614400000|  0%| F|  |TAMS 0x0000000614000000| PB 0x0000000614000000| Untracked |  0
|  76|0x0000000614400000, 0x0000000614400000, 0x0000000614800000|  0%| F|  |TAMS 0x0000000614400000| PB 0x0000000614400000| Untracked |  0
|  77|0x0000000614800000, 0x0000000614800000, 0x0000000614c00000|  0%| F|  |TAMS 0x0000000614800000| PB 0x0000000614800000| Untracked |  0
|  78|0x0000000614c00000, 0x0000000614c00000, 0x0000000615000000|  0%| F|  |TAMS 0x0000000614c00000| PB 0x0000000614c00000| Untracked |  0
|  79|0x0000000615000000, 0x0000000615000000, 0x0000000615400000|  0%| F|  |TAMS 0x0000000615000000| PB 0x0000000615000000| Untracked |  0
|  80|0x0000000615400000, 0x0000000615400000, 0x0000000615800000|  0%| F|  |TAMS 0x0000000615400000| PB 0x0000000615400000| Untracked |  0
|  81|0x0000000615800000, 0x0000000615800000, 0x0000000615c00000|  0%| F|  |TAMS 0x0000000615800000| PB 0x0000000615800000| Untracked |  0
|  82|0x0000000615c00000, 0x0000000615c00000, 0x0000000616000000|  0%| F|  |TAMS 0x0000000615c00000| PB 0x0000000615c00000| Untracked |  0
|  83|0x0000000616000000, 0x0000000616000000, 0x0000000616400000|  0%| F|  |TAMS 0x0000000616000000| PB 0x0000000616000000| Untracked |  0
|  84|0x0000000616400000, 0x0000000616400000, 0x0000000616800000|  0%| F|  |TAMS 0x0000000616400000| PB 0x0000000616400000| Untracked |  0
|  85|0x0000000616800000, 0x0000000616800000, 0x0000000616c00000|  0%| F|  |TAMS 0x0000000616800000| PB 0x0000000616800000| Untracked |  0
|  86|0x0000000616c00000, 0x0000000616c00000, 0x0000000617000000|  0%| F|  |TAMS 0x0000000616c00000| PB 0x0000000616c00000| Untracked |  0
|  87|0x0000000617000000, 0x0000000617000000, 0x0000000617400000|  0%| F|  |TAMS 0x0000000617000000| PB 0x0000000617000000| Untracked |  0
|  88|0x0000000617400000, 0x0000000617400000, 0x0000000617800000|  0%| F|  |TAMS 0x0000000617400000| PB 0x0000000617400000| Untracked |  0
|  89|0x0000000617800000, 0x0000000617800000, 0x0000000617c00000|  0%| F|  |TAMS 0x0000000617800000| PB 0x0000000617800000| Untracked |  0
|  90|0x0000000617c00000, 0x0000000617c00000, 0x0000000618000000|  0%| F|  |TAMS 0x0000000617c00000| PB 0x0000000617c00000| Untracked |  0
|  91|0x0000000618000000, 0x0000000618000000, 0x0000000618400000|  0%| F|  |TAMS 0x0000000618000000| PB 0x0000000618000000| Untracked |  0
|  92|0x0000000618400000, 0x0000000618400000, 0x0000000618800000|  0%| F|  |TAMS 0x0000000618400000| PB 0x0000000618400000| Untracked |  0
|  93|0x0000000618800000, 0x0000000618800000, 0x0000000618c00000|  0%| F|  |TAMS 0x0000000618800000| PB 0x0000000618800000| Untracked |  0
|  94|0x0000000618c00000, 0x0000000618c00000, 0x0000000619000000|  0%| F|  |TAMS 0x0000000618c00000| PB 0x0000000618c00000| Untracked |  0
|  95|0x0000000619000000, 0x0000000619000000, 0x0000000619400000|  0%| F|  |TAMS 0x0000000619000000| PB 0x0000000619000000| Untracked |  0
|  96|0x0000000619400000, 0x0000000619400000, 0x0000000619800000|  0%| F|  |TAMS 0x0000000619400000| PB 0x0000000619400000| Untracked |  0
|  97|0x0000000619800000, 0x0000000619800000, 0x0000000619c00000|  0%| F|  |TAMS 0x0000000619800000| PB 0x0000000619800000| Untracked |  0
|  98|0x0000000619c00000, 0x0000000619c00000, 0x000000061a000000|  0%| F|  |TAMS 0x0000000619c00000| PB 0x0000000619c00000| Untracked |  0
|  99|0x000000061a000000, 0x000000061a000000, 0x000000061a400000|  0%| F|  |TAMS 0x000000061a000000| PB 0x000000061a000000| Untracked |  0
| 100|0x000000061a400000, 0x000000061a400000, 0x000000061a800000|  0%| F|  |TAMS 0x000000061a400000| PB 0x000000061a400000| Untracked |  0
| 101|0x000000061a800000, 0x000000061a800000, 0x000000061ac00000|  0%| F|  |TAMS 0x000000061a800000| PB 0x000000061a800000| Untracked |  0
| 102|0x000000061ac00000, 0x000000061ac00000, 0x000000061b000000|  0%| F|  |TAMS 0x000000061ac00000| PB 0x000000061ac00000| Untracked |  0
| 103|0x000000061b000000, 0x000000061b000000, 0x000000061b400000|  0%| F|  |TAMS 0x000000061b000000| PB 0x000000061b000000| Untracked |  0
| 104|0x000000061b400000, 0x000000061b400000, 0x000000061b800000|  0%| F|  |TAMS 0x000000061b400000| PB 0x000000061b400000| Untracked |  0
| 105|0x000000061b800000, 0x000000061b800000, 0x000000061bc00000|  0%| F|  |TAMS 0x000000061b800000| PB 0x000000061b800000| Untracked |  0
| 106|0x000000061bc00000, 0x000000061bc00000, 0x000000061c000000|  0%| F|  |TAMS 0x000000061bc00000| PB 0x000000061bc00000| Untracked |  0
| 107|0x000000061c000000, 0x000000061c000000, 0x000000061c400000|  0%| F|  |TAMS 0x000000061c000000| PB 0x000000061c000000| Untracked |  0
| 108|0x000000061c400000, 0x000000061c400000, 0x000000061c800000|  0%| F|  |TAMS 0x000000061c400000| PB 0x000000061c400000| Untracked |  0
| 109|0x000000061c800000, 0x000000061c800000, 0x000000061cc00000|  0%| F|  |TAMS 0x000000061c800000| PB 0x000000061c800000| Untracked |  0
| 110|0x000000061cc00000, 0x000000061cc00000, 0x000000061d000000|  0%| F|  |TAMS 0x000000061cc00000| PB 0x000000061cc00000| Untracked |  0
| 111|0x000000061d000000, 0x000000061d000000, 0x000000061d400000|  0%| F|  |TAMS 0x000000061d000000| PB 0x000000061d000000| Untracked |  0
| 112|0x000000061d400000, 0x000000061d400000, 0x000000061d800000|  0%| F|  |TAMS 0x000000061d400000| PB 0x000000061d400000| Untracked |  0
| 113|0x000000061d800000, 0x000000061d800000, 0x000000061dc00000|  0%| F|  |TAMS 0x000000061d800000| PB 0x000000061d800000| Untracked |  0
| 114|0x000000061dc00000, 0x000000061dc00000, 0x000000061e000000|  0%| F|  |TAMS 0x000000061dc00000| PB 0x000000061dc00000| Untracked |  0
| 115|0x000000061e000000, 0x000000061e000000, 0x000000061e400000|  0%| F|  |TAMS 0x000000061e000000| PB 0x000000061e000000| Untracked |  0
| 116|0x000000061e400000, 0x000000061e400000, 0x000000061e800000|  0%| F|  |TAMS 0x000000061e400000| PB 0x000000061e400000| Untracked |  0
| 117|0x000000061e800000, 0x000000061e800000, 0x000000061ec00000|  0%| F|  |TAMS 0x000000061e800000| PB 0x000000061e800000| Untracked |  0
| 118|0x000000061ec00000, 0x000000061ec00000, 0x000000061f000000|  0%| F|  |TAMS 0x000000061ec00000| PB 0x000000061ec00000| Untracked |  0
| 119|0x000000061f000000, 0x000000061f000000, 0x000000061f400000|  0%| F|  |TAMS 0x000000061f000000| PB 0x000000061f000000| Untracked |  0
| 120|0x000000061f400000, 0x000000061f400000, 0x000000061f800000|  0%| F|  |TAMS 0x000000061f400000| PB 0x000000061f400000| Untracked |  0
| 121|0x000000061f800000, 0x000000061f800000, 0x000000061fc00000|  0%| F|  |TAMS 0x000000061f800000| PB 0x000000061f800000| Untracked |  0
| 122|0x000000061fc00000, 0x000000061fc00000, 0x0000000620000000|  0%| F|  |TAMS 0x000000061fc00000| PB 0x000000061fc00000| Untracked |  0
| 123|0x0000000620000000, 0x0000000620000000, 0x0000000620400000|  0%| F|  |TAMS 0x0000000620000000| PB 0x0000000620000000| Untracked |  0
| 124|0x0000000620400000, 0x00000006207ef668, 0x0000000620800000| 98%| E|  |TAMS 0x0000000620400000| PB 0x0000000620400000| Complete |  0
| 125|0x0000000620800000, 0x0000000620c00000, 0x0000000620c00000|100%| E|CS|TAMS 0x0000000620800000| PB 0x0000000620800000| Complete |  0
| 126|0x0000000620c00000, 0x0000000621000000, 0x0000000621000000|100%| E|CS|TAMS 0x0000000620c00000| PB 0x0000000620c00000| Complete |  0
| 127|0x0000000621000000, 0x0000000621400000, 0x0000000621400000|100%| E|  |TAMS 0x0000000621000000| PB 0x0000000621000000| Complete |  0

Card table byte_map: [0x00000260e5070000,0x00000260e6070000] _byte_map_base: 0x00000260e2066000

Marking Bits: (CMBitMap*) 0x00000260c9bb4c30
 Bits: [0x00000260e6070000, 0x00000260ee020000)

Polling page: 0x00000260c9740000

Metaspace:

Usage:
  Non-class:      2.87 MB used.
      Class:    339.80 KB used.
       Both:      3.20 MB used.

Virtual space:
  Non-class space:       64.00 MB reserved,       3.00 MB (  5%) committed,  1 nodes.
      Class space:        1.00 GB reserved,     448.00 KB ( <1%) committed,  1 nodes.
             Both:        1.06 GB reserved,       3.44 MB ( <1%) committed. 

Chunk freelists:
   Non-Class:  10.85 MB
       Class:  15.54 MB
        Both:  26.39 MB

MaxMetaspaceSize: unlimited
CompressedClassSpaceSize: 1.00 GB
Initial GC threshold: 21.00 MB
Current GC threshold: 21.00 MB
CDS: on
 - commit_granule_bytes: 65536.
 - commit_granule_words: 8192.
 - virtual_space_node_default_size: 8388608.
 - enlarge_chunks_in_place: 1.
 - use_allocation_guard: 0.


Internal statistics:

num_allocs_failed_limit: 0.
num_arena_births: 110.
num_arena_deaths: 0.
num_vsnodes_births: 2.
num_vsnodes_deaths: 0.
num_space_committed: 55.
num_space_uncommitted: 0.
num_chunks_returned_to_freelist: 0.
num_chunks_taken_from_freelist: 186.
num_chunk_merges: 0.
num_chunk_splits: 118.
num_chunks_enlarged: 70.
num_inconsistent_stats: 0.

CodeHeap 'non-profiled nmethods': size=118848Kb used=287Kb max_used=287Kb free=118561Kb
 bounds [0x00000260db200000, 0x00000260db470000, 0x00000260e2610000]
CodeHeap 'profiled nmethods': size=118848Kb used=1581Kb max_used=1581Kb free=117266Kb
 bounds [0x00000260d3610000, 0x00000260d3880000, 0x00000260daa20000]
CodeHeap 'non-nmethods': size=8064Kb used=3649Kb max_used=3662Kb free=4414Kb
 bounds [0x00000260daa20000, 0x00000260dadc0000, 0x00000260db200000]
 total_blobs=1464 nmethods=969 adapters=396
 compilation: enabled
              stopped_count=0, restarted_count=0
 full_count=0

Compilation events (20 events):
Event: 0.398 Thread 0x00000260c13296d0 nmethod 952 0x00000260d3795790 code [0x00000260d3795980, 0x00000260d3795df8]
Event: 0.398 Thread 0x00000260c13282c0 nmethod 954 0x00000260d3795f90 code [0x00000260d3796160, 0x00000260d3796550]
Event: 0.400 Thread 0x00000260c12b1e60  955       4       java.lang.invoke.MemberName::getReferenceKind (12 bytes)
Event: 0.400 Thread 0x00000260c12b1e60 nmethod 955 0x00000260db246610 code [0x00000260db246780, 0x00000260db246810]
Event: 0.400 Thread 0x00000260c13273e0  957       3       sun.invoke.util.BytecodeDescriptor::unparse (24 bytes)
Event: 0.400 Thread 0x00000260c13296d0  958       3       jdk.internal.org.objectweb.asm.MethodWriter::visitLabel (330 bytes)
Event: 0.400 Thread 0x00000260c11474f0  959       3       jdk.internal.org.objectweb.asm.MethodWriter::endCurrentBasicBlockWithNoSuccessor (94 bytes)
Event: 0.400 Thread 0x00000260c13273e0 nmethod 957 0x00000260d3796610 code [0x00000260d37967c0, 0x00000260d37969c0]
Event: 0.400 Thread 0x00000260c13273e0  961       3       jdk.internal.org.objectweb.asm.MethodVisitor::<init> (78 bytes)
Event: 0.400 Thread 0x00000260c13282c0  963       3       jdk.internal.org.objectweb.asm.SymbolTable::addConstantMethodref (24 bytes)
Event: 0.400 Thread 0x00000260c108da60  962       3       jdk.internal.org.objectweb.asm.MethodWriter::visitMethodInsn (191 bytes)
Event: 0.400 Thread 0x00000260c11474f0 nmethod 959 0x00000260d3796a90 code [0x00000260d3796c80, 0x00000260d3797310]
Event: 0.400 Thread 0x00000260c13282c0 nmethod 963 0x00000260d3797510 code [0x00000260d37976c0, 0x00000260d3797860]
Event: 0.400 Thread 0x00000260c13296d0 nmethod 958 0x00000260d3797910 code [0x00000260d3797ba0, 0x00000260d3798920]
Event: 0.400 Thread 0x00000260c13273e0 nmethod 961 0x00000260d3798b90 code [0x00000260d3798dc0, 0x00000260d3799560]
Event: 0.400 Thread 0x00000260c11474f0  965       3       java.lang.invoke.DirectMethodHandle::preparedLambdaForm (31 bytes)
Event: 0.401 Thread 0x00000260c108da60 nmethod 962 0x00000260d3799810 code [0x00000260d3799a40, 0x00000260d379a1a8]
Event: 0.401 Thread 0x00000260c11474f0 nmethod 965 0x00000260d379a510 code [0x00000260d379a700, 0x00000260d379ab98]
Event: 0.401 Thread 0x00000260c11474f0  967       3       jdk.internal.org.objectweb.asm.SymbolTable::addTypeInternal (85 bytes)
Event: 0.401 Thread 0x00000260c11474f0 nmethod 967 0x00000260d379ad90 code [0x00000260d379af60, 0x00000260d379b580]

GC Heap History (0 events):
No events

Dll operation events (20 events):
Event: 0.238 Loaded shared library C:\Users\migue\.openjfx\cache\22-ea+11\amd64\api-ms-win-crt-filesystem-l1-1-0.dll
Event: 0.241 Loaded shared library C:\Users\migue\.openjfx\cache\22-ea+11\amd64\api-ms-win-crt-heap-l1-1-0.dll
Event: 0.244 Loaded shared library C:\Users\migue\.openjfx\cache\22-ea+11\amd64\api-ms-win-crt-locale-l1-1-0.dll
Event: 0.246 Loaded shared library C:\Users\migue\.openjfx\cache\22-ea+11\amd64\api-ms-win-crt-math-l1-1-0.dll
Event: 0.250 Loaded shared library C:\Users\migue\.openjfx\cache\22-ea+11\amd64\api-ms-win-crt-multibyte-l1-1-0.dll
Event: 0.253 Loaded shared library C:\Users\migue\.openjfx\cache\22-ea+11\amd64\api-ms-win-crt-private-l1-1-0.dll
Event: 0.256 Loaded shared library C:\Users\migue\.openjfx\cache\22-ea+11\amd64\api-ms-win-crt-process-l1-1-0.dll
Event: 0.259 Loaded shared library C:\Users\migue\.openjfx\cache\22-ea+11\amd64\api-ms-win-crt-runtime-l1-1-0.dll
Event: 0.262 Loaded shared library C:\Users\migue\.openjfx\cache\22-ea+11\amd64\api-ms-win-crt-stdio-l1-1-0.dll
Event: 0.265 Loaded shared library C:\Users\migue\.openjfx\cache\22-ea+11\amd64\api-ms-win-crt-string-l1-1-0.dll
Event: 0.268 Loaded shared library C:\Users\migue\.openjfx\cache\22-ea+11\amd64\api-ms-win-crt-time-l1-1-0.dll
Event: 0.271 Loaded shared library C:\Users\migue\.openjfx\cache\22-ea+11\amd64\api-ms-win-crt-utility-l1-1-0.dll
Event: 0.280 Loaded shared library C:\Users\migue\.openjfx\cache\22-ea+11\amd64\ucrtbase.dll
Event: 0.283 Loaded shared library C:\Users\migue\.openjfx\cache\22-ea+11\amd64\vcruntime140.dll
Event: 0.286 Loaded shared library C:\Users\migue\.openjfx\cache\22-ea+11\amd64\vcruntime140_1.dll
Event: 0.292 Loaded shared library C:\Users\migue\.openjfx\cache\22-ea+11\amd64\msvcp140.dll
Event: 0.295 Loaded shared library C:\Users\migue\.openjfx\cache\22-ea+11\amd64\msvcp140_1.dll
Event: 0.299 Loaded shared library C:\Users\migue\.openjfx\cache\22-ea+11\amd64\msvcp140_2.dll
Event: 0.329 Loaded shared library C:\Users\migue\.openjfx\cache\22-ea+11\amd64\prism_d3d.dll
Event: 0.397 Loaded shared library C:\Users\migue\.openjfx\cache\22-ea+11\amd64\glass.dll

Deoptimization events (20 events):
Event: 0.048 Thread 0x00000260c978e7c0 DEOPT PACKING pc=0x00000260d362dd49 sp=0x00000062392fd980
Event: 0.048 Thread 0x00000260c978e7c0 DEOPT UNPACKING pc=0x00000260daa74e42 sp=0x00000062392fcdf0 mode 0
Event: 0.177 Thread 0x00000260c12aeb60 DEOPT PACKING pc=0x00000260d362cdfc sp=0x000000623a6fe560
Event: 0.177 Thread 0x00000260c12aeb60 DEOPT UNPACKING pc=0x00000260daa74e42 sp=0x000000623a6fd980 mode 0
Event: 0.197 Thread 0x00000260c12aeb60 DEOPT PACKING pc=0x00000260d362b64c sp=0x000000623a6fe590
Event: 0.197 Thread 0x00000260c12aeb60 DEOPT UNPACKING pc=0x00000260daa74e42 sp=0x000000623a6fd9f8 mode 0
Event: 0.282 Thread 0x00000260c12aeb60 DEOPT PACKING pc=0x00000260d371c1df sp=0x000000623a6fe840
Event: 0.282 Thread 0x00000260c12aeb60 DEOPT UNPACKING pc=0x00000260daa74e42 sp=0x000000623a6fdc60 mode 0
Event: 0.383 Thread 0x00000260c195cb10 Uncommon trap: trap_request=0xffffff45 fr.pc=0x00000260db21e740 relative=0x0000000000000040
Event: 0.383 Thread 0x00000260c195cb10 Uncommon trap: reason=unstable_if action=reinterpret pc=0x00000260db21e740 method=java.util.concurrent.locks.AbstractQueuedSynchronizer.signalNext(Ljava/util/concurrent/locks/AbstractQueuedSynchronizer$Node;)V @ 1 c2
Event: 0.383 Thread 0x00000260c195cb10 DEOPT PACKING pc=0x00000260db21e740 sp=0x000000623abff290
Event: 0.383 Thread 0x00000260c195cb10 DEOPT UNPACKING pc=0x00000260daa746a2 sp=0x000000623abff228 mode 2
Event: 0.398 Thread 0x00000260c12aeb60 Uncommon trap: trap_request=0xffffff45 fr.pc=0x00000260db21bb80 relative=0x0000000000000160
Event: 0.398 Thread 0x00000260c12aeb60 Uncommon trap: reason=unstable_if action=reinterpret pc=0x00000260db21bb80 method=java.util.concurrent.locks.ReentrantLock$NonfairSync.initialTryLock()Z @ 10 c2
Event: 0.398 Thread 0x00000260c12aeb60 DEOPT PACKING pc=0x00000260db21bb80 sp=0x000000623a6fdad0
Event: 0.398 Thread 0x00000260c12aeb60 DEOPT UNPACKING pc=0x00000260daa746a2 sp=0x000000623a6fda78 mode 2
Event: 0.398 Thread 0x00000260c12aeb60 Uncommon trap: trap_request=0xffffff45 fr.pc=0x00000260db21db74 relative=0x00000000000000d4
Event: 0.398 Thread 0x00000260c12aeb60 Uncommon trap: reason=unstable_if action=reinterpret pc=0x00000260db21db74 method=java.util.concurrent.locks.ReentrantLock$Sync.tryRelease(I)Z @ 26 c2
Event: 0.398 Thread 0x00000260c12aeb60 DEOPT PACKING pc=0x00000260db21db74 sp=0x000000623a6fdad0
Event: 0.398 Thread 0x00000260c12aeb60 DEOPT UNPACKING pc=0x00000260daa746a2 sp=0x000000623a6fda70 mode 2

Classes loaded (20 events):
Event: 0.392 Loading class java/lang/ProcessEnvironment
Event: 0.392 Loading class java/lang/ProcessEnvironment done
Event: 0.392 Loading class java/lang/ProcessEnvironment$NameComparator
Event: 0.392 Loading class java/lang/ProcessEnvironment$NameComparator done
Event: 0.392 Loading class java/lang/ProcessEnvironment$EntryComparator
Event: 0.392 Loading class java/lang/ProcessEnvironment$EntryComparator done
Event: 0.392 Loading class java/lang/ProcessEnvironment$CheckedEntrySet
Event: 0.392 Loading class java/lang/ProcessEnvironment$CheckedEntrySet done
Event: 0.392 Loading class java/lang/ProcessEnvironment$CheckedEntrySet$1
Event: 0.392 Loading class java/lang/ProcessEnvironment$CheckedEntrySet$1 done
Event: 0.392 Loading class java/lang/ProcessEnvironment$CheckedEntry
Event: 0.392 Loading class java/lang/ProcessEnvironment$CheckedEntry done
Event: 0.398 Loading class java/lang/Throwable$WrappedPrintStream
Event: 0.398 Loading class java/lang/Throwable$PrintStreamOrWriter
Event: 0.398 Loading class java/lang/Throwable$PrintStreamOrWriter done
Event: 0.398 Loading class java/lang/Throwable$WrappedPrintStream done
Event: 0.399 Loading class java/util/concurrent/BlockingDeque
Event: 0.399 Loading class java/util/concurrent/BlockingDeque done
Event: 0.399 Loading class java/util/concurrent/LinkedBlockingDeque
Event: 0.399 Loading class java/util/concurrent/LinkedBlockingDeque done

Classes unloaded (0 events):
No events

Classes redefined (0 events):
No events

Internal exceptions (10 events):
Event: 0.059 Thread 0x00000260c978e7c0 Exception <a 'java/lang/NoSuchMethodError'{0x0000000620cb1208}: 'java.lang.Object java.lang.invoke.DirectMethodHandle$Holder.newInvokeSpecial(java.lang.Object, java.lang.Object, java.lang.Object, java.lang.Object, java.lang.Object)'> (0x0000000620cb1208) 
thrown [s\open\src\hotspot\share\interpreter\linkResolver.cpp, line 774]
Event: 0.060 Thread 0x00000260c12aeb60 Exception <a 'java/lang/NoSuchMethodError'{0x0000000620d0ecb0}: 'void java.lang.invoke.DirectMethodHandle$Holder.invokeStatic(java.lang.Object, java.lang.Object)'> (0x0000000620d0ecb0) 
thrown [s\open\src\hotspot\share\interpreter\linkResolver.cpp, line 774]
Event: 0.096 Thread 0x00000260c12aeb60 Exception <a 'java/lang/NoSuchMethodError'{0x0000000620ecd398}: 'java.lang.Object java.lang.invoke.DirectMethodHandle$Holder.invokeStatic(java.lang.Object, int, java.lang.Object)'> (0x0000000620ecd398) 
thrown [s\open\src\hotspot\share\interpreter\linkResolver.cpp, line 774]
Event: 0.101 Thread 0x00000260c12aeb60 Exception <a 'java/lang/NoSuchMethodError'{0x0000000620ef1178}: 'void java.lang.invoke.DirectMethodHandle$Holder.invokeSpecial(java.lang.Object, java.lang.Object, java.lang.Object)'> (0x0000000620ef1178) 
thrown [s\open\src\hotspot\share\interpreter\linkResolver.cpp, line 774]
Event: 0.105 Thread 0x00000260c12aeb60 Exception <a 'java/lang/ClassNotFoundException'{0x0000000620f258d8}: sun/util/logging/resources/spi/loggingProvider> (0x0000000620f258d8) 
thrown [s\open\src\hotspot\share\classfile\systemDictionary.cpp, line 313]
Event: 0.321 Thread 0x00000260c12aeb60 Exception <a 'java/lang/NoSuchMethodError'{0x00000006205831f0}: 'void java.lang.invoke.DirectMethodHandle$Holder.invokeStatic(java.lang.Object, java.lang.Object, java.lang.Object)'> (0x00000006205831f0) 
thrown [s\open\src\hotspot\share\interpreter\linkResolver.cpp, line 774]
Event: 0.385 Thread 0x00000260c12aeb60 Exception <a 'java/lang/NoSuchMethodError'{0x000000062059a9a8}: 'int java.lang.invoke.DirectMethodHandle$Holder.invokeStaticInit(java.lang.Object, java.lang.Object, java.lang.Object)'> (0x000000062059a9a8) 
thrown [s\open\src\hotspot\share\interpreter\linkResolver.cpp, line 774]
Event: 0.398 Thread 0x00000260c12aeb60 Exception <a 'java/lang/NoSuchMethodError'{0x00000006206a0b10}: notifyThemeChanged> (0x00000006206a0b10) 
thrown [s\open\src\hotspot\share\prims\jni.cpp, line 1077]
Event: 0.400 Thread 0x00000260c12aeb60 Exception <a 'java/lang/NoSuchMethodError'{0x00000006206b1778}: 'java.lang.Object java.lang.invoke.DirectMethodHandle$Holder.newInvokeSpecial(java.lang.Object, java.lang.Object, int, java.lang.Object)'> (0x00000006206b1778) 
thrown [s\open\src\hotspot\share\interpreter\linkResolver.cpp, line 774]
Event: 0.400 Thread 0x00000260c12aeb60 Exception <a 'java/lang/NoSuchMethodError'{0x00000006206b5700}: 'java.lang.Object java.lang.invoke.DirectMethodHandle$Holder.invokeSpecial(java.lang.Object, java.lang.Object, java.lang.Object, int, java.lang.Object)'> (0x00000006206b5700) 
thrown [s\open\src\hotspot\share\interpreter\linkResolver.cpp, line 774]

ZGC Phase Switch (0 events):
No events

VM Operations (4 events):
Event: 0.045 Executing VM operation: HandshakeAllThreads (Deoptimize)
Event: 0.045 Executing VM operation: HandshakeAllThreads (Deoptimize) done
Event: 0.392 Executing VM operation: HandshakeAllThreads (Deoptimize)
Event: 0.392 Executing VM operation: HandshakeAllThreads (Deoptimize) done

Events (20 events):
Event: 0.024 Thread 0x00000260f057df60 Thread added: 0x00000260f057df60
Event: 0.025 Thread 0x00000260f0583290 Thread added: 0x00000260f0583290
Event: 0.025 Thread 0x00000260f0586920 Thread added: 0x00000260f0586920
Event: 0.025 Thread 0x00000260f0589390 Thread added: 0x00000260f0589390
Event: 0.025 Thread 0x00000260f0589f20 Thread added: 0x00000260f0589f20
Event: 0.025 Thread 0x00000260c1081fa0 Thread added: 0x00000260c1081fa0
Event: 0.025 Thread 0x00000260c108ce80 Thread added: 0x00000260c108ce80
Event: 0.025 Thread 0x00000260c108da60 Thread added: 0x00000260c108da60
Event: 0.028 Thread 0x00000260c11474f0 Thread added: 0x00000260c11474f0
Event: 0.034 Thread 0x00000260c122bc30 Thread added: 0x00000260c122bc30
Event: 0.034 Thread 0x00000260c1232ef0 Thread added: 0x00000260c1232ef0
Event: 0.048 Thread 0x00000260c12b1e60 Thread added: 0x00000260c12b1e60
Event: 0.060 Thread 0x00000260c12aeb60 Thread added: 0x00000260c12aeb60
Event: 0.088 Thread 0x00000260c13273e0 Thread added: 0x00000260c13273e0
Event: 0.089 Thread 0x00000260c13282c0 Thread added: 0x00000260c13282c0
Event: 0.089 Thread 0x00000260c13296d0 Thread added: 0x00000260c13296d0
Event: 0.093 Thread 0x00000260c13b5ae0 Thread added: 0x00000260c13b5ae0
Event: 0.321 Thread 0x00000260c195cb10 Thread added: 0x00000260c195cb10
Event: 0.399 Thread 0x00000260c1aac350 Thread added: 0x00000260c1aac350
Event: 0.401 Thread 0x00000260c1b04ec0 Thread added: 0x00000260c1b04ec0


Dynamic libraries:
0x00007ff7e56c0000 - 0x00007ff7e56ce000 	C:\Users\migue\.jdks\openjdk-22.0.1\bin\java.exe
0x00007ffedf030000 - 0x00007ffedf247000 	C:\WINDOWS\SYSTEM32\ntdll.dll
0x00007ffedd960000 - 0x00007ffedda24000 	C:\WINDOWS\System32\KERNEL32.DLL
0x00007ffedc360000 - 0x00007ffedc70c000 	C:\WINDOWS\System32\KERNELBASE.dll
0x00007ffedc800000 - 0x00007ffedc911000 	C:\WINDOWS\System32\ucrtbase.dll
0x00007ffecfd50000 - 0x00007ffecfd67000 	C:\Users\migue\.jdks\openjdk-22.0.1\bin\jli.dll
0x00007ffeb2150000 - 0x00007ffeb216b000 	C:\Users\migue\.jdks\openjdk-22.0.1\bin\VCRUNTIME140.dll
0x00007ffededf0000 - 0x00007ffedef9e000 	C:\WINDOWS\System32\USER32.dll
0x00007ffedcd40000 - 0x00007ffedcd66000 	C:\WINDOWS\System32\win32u.dll
0x00007ffedefc0000 - 0x00007ffedefe9000 	C:\WINDOWS\System32\GDI32.dll
0x00007ffedc920000 - 0x00007ffedca39000 	C:\WINDOWS\System32\gdi32full.dll
0x00007ffebfeb0000 - 0x00007ffec0143000 	C:\WINDOWS\WinSxS\amd64_microsoft.windows.common-controls_6595b64144ccf1df_6.0.22621.3672_none_2713b9d173822955\COMCTL32.dll
0x00007ffedca40000 - 0x00007ffedcada000 	C:\WINDOWS\System32\msvcp_win.dll
0x00007ffede030000 - 0x00007ffede0d7000 	C:\WINDOWS\System32\msvcrt.dll
0x00007ffedd4f0000 - 0x00007ffedd521000 	C:\WINDOWS\System32\IMM32.DLL
0x00007ffecfd40000 - 0x00007ffecfd4c000 	C:\Users\migue\.jdks\openjdk-22.0.1\bin\vcruntime140_1.dll
0x00007ffe83310000 - 0x00007ffe8339e000 	C:\Users\migue\.jdks\openjdk-22.0.1\bin\msvcp140.dll
0x00007ffdf4ae0000 - 0x00007ffdf5827000 	C:\Users\migue\.jdks\openjdk-22.0.1\bin\server\jvm.dll
0x00007ffedd8a0000 - 0x00007ffedd952000 	C:\WINDOWS\System32\ADVAPI32.dll
0x00007ffedd630000 - 0x00007ffedd6d8000 	C:\WINDOWS\System32\sechost.dll
0x00007ffedc710000 - 0x00007ffedc738000 	C:\WINDOWS\System32\bcrypt.dll
0x00007ffedeb60000 - 0x00007ffedec75000 	C:\WINDOWS\System32\RPCRT4.dll
0x00007ffedd5b0000 - 0x00007ffedd621000 	C:\WINDOWS\System32\WS2_32.dll
0x00007ffedb1f0000 - 0x00007ffedb23d000 	C:\WINDOWS\SYSTEM32\POWRPROF.dll
0x00007ffed54f0000 - 0x00007ffed54fa000 	C:\WINDOWS\SYSTEM32\VERSION.dll
0x00007ffed3800000 - 0x00007ffed3834000 	C:\WINDOWS\SYSTEM32\WINMM.dll
0x00007ffedb1d0000 - 0x00007ffedb1e3000 	C:\WINDOWS\SYSTEM32\UMPDC.dll
0x00007ffedb480000 - 0x00007ffedb498000 	C:\WINDOWS\SYSTEM32\kernel.appcore.dll
0x00007ffecfbd0000 - 0x00007ffecfbda000 	C:\Users\migue\.jdks\openjdk-22.0.1\bin\jimage.dll
0x00007ffed4600000 - 0x00007ffed4832000 	C:\WINDOWS\SYSTEM32\DBGHELP.DLL
0x00007ffedd160000 - 0x00007ffedd4e8000 	C:\WINDOWS\System32\combase.dll
0x00007ffeded10000 - 0x00007ffedede7000 	C:\WINDOWS\System32\OLEAUT32.dll
0x00007ffed3b20000 - 0x00007ffed3b52000 	C:\WINDOWS\SYSTEM32\dbgcore.DLL
0x00007ffedcc50000 - 0x00007ffedcccb000 	C:\WINDOWS\System32\bcryptPrimitives.dll
0x00007ffeb2030000 - 0x00007ffeb204e000 	C:\Users\migue\.jdks\openjdk-22.0.1\bin\java.dll
0x00007ffede0e0000 - 0x00007ffede93c000 	C:\WINDOWS\System32\SHELL32.dll
0x00007ffedcf30000 - 0x00007ffedd0d5000 	C:\WINDOWS\System32\ole32.dll
0x00007ffeda2c0000 - 0x00007ffedabb7000 	C:\WINDOWS\SYSTEM32\windows.storage.dll
0x00007ffeda180000 - 0x00007ffeda2bf000 	C:\WINDOWS\SYSTEM32\wintypes.dll
0x00007ffeddf20000 - 0x00007ffede014000 	C:\WINDOWS\System32\SHCORE.dll
0x00007ffeddec0000 - 0x00007ffeddf1e000 	C:\WINDOWS\System32\shlwapi.dll
0x00007ffedc290000 - 0x00007ffedc2b1000 	C:\WINDOWS\SYSTEM32\profapi.dll
0x00007ffe70660000 - 0x00007ffe70737000 	C:\Users\migue\.jdks\openjdk-22.0.1\bin\jsvml.dll
0x00007ffece570000 - 0x00007ffece580000 	C:\Users\migue\.jdks\openjdk-22.0.1\bin\net.dll
0x00007ffedb8f0000 - 0x00007ffedb959000 	C:\WINDOWS\system32\mswsock.dll
0x00007ffeb0700000 - 0x00007ffeb0716000 	C:\Users\migue\.jdks\openjdk-22.0.1\bin\nio.dll
0x00007ffeac8c0000 - 0x00007ffeac8d7000 	C:\Users\migue\.jdks\openjdk-22.0.1\bin\zip.dll
0x00000260c1d10000 - 0x00000260c1d13000 	C:\Users\migue\.openjfx\cache\22-ea+11\amd64\api-ms-win-core-console-l1-1-0.dll
0x00000260c1d20000 - 0x00000260c1d23000 	C:\Users\migue\.openjfx\cache\22-ea+11\amd64\api-ms-win-core-console-l1-2-0.dll
0x00000260c1d30000 - 0x00000260c1d33000 	C:\Users\migue\.openjfx\cache\22-ea+11\amd64\api-ms-win-core-datetime-l1-1-0.dll
0x00000260c1d40000 - 0x00000260c1d43000 	C:\Users\migue\.openjfx\cache\22-ea+11\amd64\api-ms-win-core-debug-l1-1-0.dll
0x00000260c1d50000 - 0x00000260c1d53000 	C:\Users\migue\.openjfx\cache\22-ea+11\amd64\api-ms-win-core-errorhandling-l1-1-0.dll
0x00000260c1d60000 - 0x00000260c1d64000 	C:\Users\migue\.openjfx\cache\22-ea+11\amd64\api-ms-win-core-file-l1-1-0.dll
0x00000260c1d70000 - 0x00000260c1d73000 	C:\Users\migue\.openjfx\cache\22-ea+11\amd64\api-ms-win-core-file-l1-2-0.dll
0x00000260c1d80000 - 0x00000260c1d83000 	C:\Users\migue\.openjfx\cache\22-ea+11\amd64\api-ms-win-core-file-l2-1-0.dll
0x00000260c1d90000 - 0x00000260c1d93000 	C:\Users\migue\.openjfx\cache\22-ea+11\amd64\api-ms-win-core-handle-l1-1-0.dll
0x00000260c1da0000 - 0x00000260c1da3000 	C:\Users\migue\.openjfx\cache\22-ea+11\amd64\api-ms-win-core-heap-l1-1-0.dll
0x00000260c1db0000 - 0x00000260c1db3000 	C:\Users\migue\.openjfx\cache\22-ea+11\amd64\api-ms-win-core-interlocked-l1-1-0.dll
0x00000260c1dc0000 - 0x00000260c1dc3000 	C:\Users\migue\.openjfx\cache\22-ea+11\amd64\api-ms-win-core-libraryloader-l1-1-0.dll
0x00000260c1dd0000 - 0x00000260c1dd3000 	C:\Users\migue\.openjfx\cache\22-ea+11\amd64\api-ms-win-core-localization-l1-2-0.dll
0x00000260c1de0000 - 0x00000260c1de3000 	C:\Users\migue\.openjfx\cache\22-ea+11\amd64\api-ms-win-core-memory-l1-1-0.dll
0x00000260c1df0000 - 0x00000260c1df3000 	C:\Users\migue\.openjfx\cache\22-ea+11\amd64\api-ms-win-core-namedpipe-l1-1-0.dll
0x00000260c1e00000 - 0x00000260c1e03000 	C:\Users\migue\.openjfx\cache\22-ea+11\amd64\api-ms-win-core-processenvironment-l1-1-0.dll
0x00000260c1e10000 - 0x00000260c1e13000 	C:\Users\migue\.openjfx\cache\22-ea+11\amd64\api-ms-win-core-processthreads-l1-1-0.dll
0x00000260c1e20000 - 0x00000260c1e23000 	C:\Users\migue\.openjfx\cache\22-ea+11\amd64\api-ms-win-core-processthreads-l1-1-1.dll
0x00000260c1e30000 - 0x00000260c1e33000 	C:\Users\migue\.openjfx\cache\22-ea+11\amd64\api-ms-win-core-profile-l1-1-0.dll
0x00000260c1e40000 - 0x00000260c1e43000 	C:\Users\migue\.openjfx\cache\22-ea+11\amd64\api-ms-win-core-rtlsupport-l1-1-0.dll
0x00000260c1e50000 - 0x00000260c1e53000 	C:\Users\migue\.openjfx\cache\22-ea+11\amd64\api-ms-win-core-string-l1-1-0.dll
0x00000260c1e60000 - 0x00000260c1e63000 	C:\Users\migue\.openjfx\cache\22-ea+11\amd64\api-ms-win-core-synch-l1-1-0.dll
0x00000260c1e70000 - 0x00000260c1e73000 	C:\Users\migue\.openjfx\cache\22-ea+11\amd64\api-ms-win-core-synch-l1-2-0.dll
0x00000260c1e80000 - 0x00000260c1e83000 	C:\Users\migue\.openjfx\cache\22-ea+11\amd64\api-ms-win-core-sysinfo-l1-1-0.dll
0x00000260c1e90000 - 0x00000260c1e93000 	C:\Users\migue\.openjfx\cache\22-ea+11\amd64\api-ms-win-core-timezone-l1-1-0.dll
0x00000260c1ea0000 - 0x00000260c1ea3000 	C:\Users\migue\.openjfx\cache\22-ea+11\amd64\api-ms-win-core-util-l1-1-0.dll
0x00000260c1eb0000 - 0x00000260c1eb3000 	C:\Users\migue\.openjfx\cache\22-ea+11\amd64\api-ms-win-crt-conio-l1-1-0.dll
0x00000260c1ec0000 - 0x00000260c1ec4000 	C:\Users\migue\.openjfx\cache\22-ea+11\amd64\api-ms-win-crt-convert-l1-1-0.dll
0x00000260c1ed0000 - 0x00000260c1ed3000 	C:\Users\migue\.openjfx\cache\22-ea+11\amd64\api-ms-win-crt-environment-l1-1-0.dll
0x00000260c1ee0000 - 0x00000260c1ee3000 	C:\Users\migue\.openjfx\cache\22-ea+11\amd64\api-ms-win-crt-filesystem-l1-1-0.dll
0x00000260c1ef0000 - 0x00000260c1ef3000 	C:\Users\migue\.openjfx\cache\22-ea+11\amd64\api-ms-win-crt-heap-l1-1-0.dll
0x00000260c1f00000 - 0x00000260c1f03000 	C:\Users\migue\.openjfx\cache\22-ea+11\amd64\api-ms-win-crt-locale-l1-1-0.dll
0x00000260c1f10000 - 0x00000260c1f15000 	C:\Users\migue\.openjfx\cache\22-ea+11\amd64\api-ms-win-crt-math-l1-1-0.dll
0x00000260c1f20000 - 0x00000260c1f25000 	C:\Users\migue\.openjfx\cache\22-ea+11\amd64\api-ms-win-crt-multibyte-l1-1-0.dll
0x00000260c1f30000 - 0x00000260c1f40000 	C:\Users\migue\.openjfx\cache\22-ea+11\amd64\api-ms-win-crt-private-l1-1-0.dll
0x00000260c1f40000 - 0x00000260c1f43000 	C:\Users\migue\.openjfx\cache\22-ea+11\amd64\api-ms-win-crt-process-l1-1-0.dll
0x00000260c1f50000 - 0x00000260c1f54000 	C:\Users\migue\.openjfx\cache\22-ea+11\amd64\api-ms-win-crt-runtime-l1-1-0.dll
0x00000260c1f60000 - 0x00000260c1f64000 	C:\Users\migue\.openjfx\cache\22-ea+11\amd64\api-ms-win-crt-stdio-l1-1-0.dll
0x00000260c1f70000 - 0x00000260c1f74000 	C:\Users\migue\.openjfx\cache\22-ea+11\amd64\api-ms-win-crt-string-l1-1-0.dll
0x00000260c1f80000 - 0x00000260c1f83000 	C:\Users\migue\.openjfx\cache\22-ea+11\amd64\api-ms-win-crt-time-l1-1-0.dll
0x00000260c1f90000 - 0x00000260c1f93000 	C:\Users\migue\.openjfx\cache\22-ea+11\amd64\api-ms-win-crt-utility-l1-1-0.dll
0x00007ffeacd50000 - 0x00007ffeace4c000 	C:\Users\migue\.openjfx\cache\22-ea+11\amd64\ucrtbase.dll
0x00007ffed0ec0000 - 0x00007ffed0edb000 	C:\Users\migue\.openjfx\cache\22-ea+11\amd64\vcruntime140.dll
0x00007ffed02e0000 - 0x00007ffed02ec000 	C:\Users\migue\.openjfx\cache\22-ea+11\amd64\vcruntime140_1.dll
0x00007ffe75dd0000 - 0x00007ffe75e5e000 	C:\Users\migue\.openjfx\cache\22-ea+11\amd64\msvcp140.dll
0x00007ffed02d0000 - 0x00007ffed02d9000 	C:\Users\migue\.openjfx\cache\22-ea+11\amd64\msvcp140_1.dll
0x00007ffece5e0000 - 0x00007ffece60f000 	C:\Users\migue\.openjfx\cache\22-ea+11\amd64\msvcp140_2.dll
0x00007ffeacd20000 - 0x00007ffeacd4f000 	C:\Users\migue\.openjfx\cache\22-ea+11\amd64\prism_d3d.dll
0x00007ffe9e930000 - 0x00007ffe9ead8000 	C:\WINDOWS\system32\d3d9.dll
0x00007ffed9a70000 - 0x00007ffed9a9b000 	C:\WINDOWS\SYSTEM32\dwmapi.dll
0x00007ffed9ae0000 - 0x00007ffed9b19000 	C:\WINDOWS\SYSTEM32\dxcore.dll
0x00007ffed9830000 - 0x00007ffed98da000 	C:\WINDOWS\system32\uxtheme.dll
0x00007ffecd990000 - 0x00007ffecda4e000 	C:\WINDOWS\System32\DriverStore\FileRepository\nv_dispi.inf_amd64_de8e1115ac61e38a\nvldumdx.dll
0x00007ffedbcb0000 - 0x00007ffedbcc2000 	C:\WINDOWS\SYSTEM32\msasn1.dll
0x00007ffed54b0000 - 0x00007ffed54e2000 	C:\WINDOWS\SYSTEM32\cryptnet.dll
0x00007ffedcae0000 - 0x00007ffedcc47000 	C:\WINDOWS\System32\CRYPT32.dll
0x00007ffed5350000 - 0x00007ffed54a8000 	C:\WINDOWS\SYSTEM32\drvstore.dll
0x00007ffedc010000 - 0x00007ffedc03c000 	C:\WINDOWS\SYSTEM32\devobj.dll
0x00007ffedc040000 - 0x00007ffedc08e000 	C:\WINDOWS\SYSTEM32\cfgmgr32.dll
0x00007ffedbc00000 - 0x00007ffedbc49000 	C:\WINDOWS\SYSTEM32\wldp.dll
0x00007ffedbb50000 - 0x00007ffedbb5c000 	C:\WINDOWS\SYSTEM32\cryptbase.dll
0x00007ffedccd0000 - 0x00007ffedcd3b000 	C:\WINDOWS\System32\wintrust.dll
0x00007ffedefa0000 - 0x00007ffedefbf000 	C:\WINDOWS\System32\imagehlp.dll
0x00007ffedbb60000 - 0x00007ffedbb7b000 	C:\WINDOWS\SYSTEM32\CRYPTSP.dll
0x00007ffedb3e0000 - 0x00007ffedb415000 	C:\WINDOWS\system32\rsaenh.dll
0x00007ffec92e0000 - 0x00007ffecb4fe000 	C:\WINDOWS\System32\DriverStore\FileRepository\nv_dispi.inf_amd64_de8e1115ac61e38a\nvgpucomp64.dll
0x00007ffe3fcb0000 - 0x00007ffe4205f000 	C:\WINDOWS\System32\DriverStore\FileRepository\nv_dispi.inf_amd64_de8e1115ac61e38a\nvd3dumx.dll
0x00007ffecfb50000 - 0x00007ffecfb99000 	C:\WINDOWS\SYSTEM32\directxdatabasehelper.dll
0x00007ffeab600000 - 0x00007ffeab642000 	C:\Users\migue\.openjfx\cache\22-ea+11\amd64\glass.dll
0x00007ffedd740000 - 0x00007ffedd836000 	C:\WINDOWS\System32\COMDLG32.dll
0x00007ffede940000 - 0x00007ffedea93000 	C:\WINDOWS\System32\MSCTF.dll

dbghelp: loaded successfully - version: 4.0.5 - missing functions: none
symbol engine: initialized successfully - sym options: 0x614 - pdb path: .;C:\Users\migue\.jdks\openjdk-22.0.1\bin;C:\WINDOWS\SYSTEM32;C:\WINDOWS\WinSxS\amd64_microsoft.windows.common-controls_6595b64144ccf1df_6.0.22621.3672_none_2713b9d173822955;C:\Users\migue\.jdks\openjdk-22.0.1\bin\server;C:\Users\migue\.openjfx\cache\22-ea+11\amd64;C:\WINDOWS\System32\DriverStore\FileRepository\nv_dispi.inf_amd64_de8e1115ac61e38a

VM Arguments:
jvm_args: -Dfile.encoding=windows-1252 -Dsun.stdout.encoding=windows-1252 -Dsun.stderr.encoding=windows-1252 
java_command: C:\Users\migue\IdeaProjects\PomoFX_Win\out\artifacts\PomoFX_Win_jar\PomoFX_Win.jar
java_class_path (initial): C:\Users\migue\IdeaProjects\PomoFX_Win\out\artifacts\PomoFX_Win_jar\PomoFX_Win.jar
Launcher Type: SUN_STANDARD

[Global flags]
     intx CICompilerCount                          = 15                                        {product} {ergonomic}
     uint ConcGCThreads                            = 6                                         {product} {ergonomic}
     uint G1ConcRefinementThreads                  = 23                                        {product} {ergonomic}
   size_t G1HeapRegionSize                         = 4194304                                   {product} {ergonomic}
   size_t InitialHeapSize                          = 536870912                                 {product} {ergonomic}
   size_t MarkStackSize                            = 4194304                                   {product} {ergonomic}
   size_t MaxHeapSize                              = 8568963072                                {product} {ergonomic}
   size_t MaxNewSize                               = 5138022400                                {product} {ergonomic}
   size_t MinHeapDeltaBytes                        = 4194304                                   {product} {ergonomic}
   size_t MinHeapSize                              = 8388608                                   {product} {ergonomic}
    uintx NonNMethodCodeHeapSize                   = 8192380                                {pd product} {ergonomic}
    uintx NonProfiledCodeHeapSize                  = 121732930                              {pd product} {ergonomic}
    uintx ProfiledCodeHeapSize                     = 121732930                              {pd product} {ergonomic}
    uintx ReservedCodeCacheSize                    = 251658240                              {pd product} {ergonomic}
     bool SegmentedCodeCache                       = true                                      {product} {ergonomic}
   size_t SoftMaxHeapSize                          = 8568963072                             {manageable} {ergonomic}
     bool UseCompressedOops                        = true                           {product lp64_product} {ergonomic}
     bool UseG1GC                                  = true                                      {product} {ergonomic}
     bool UseLargePagesIndividualAllocation        = false                                  {pd product} {ergonomic}

Logging:
Log output configuration:
 #0: stdout all=warning uptime,level,tags foldmultilines=false
 #1: stderr all=off uptime,level,tags foldmultilines=false

Environment Variables:
PATH=C:\Program Files\Eclipse Adoptium\jdk-17.0.1.12-hotspot\bin;C:\Program Files (x86)\Razer Chroma SDK\bin;C:\Program Files\Razer Chroma SDK\bin;C:\Program Files (x86)\Razer\ChromaBroadcast\bin;C:\Program Files\Razer\ChromaBroadcast\bin;C:\Program Files\Common Files\Oracle\Java\javapath;C:\Program Files (x86)\Common Files\Oracle\Java\java8path;C:\Program Files (x86)\Common Files\Oracle\Java\javapath;C:\Windows\system32;C:\Windows;C:\Windows\System32\Wbem;C:\Windows\System32\WindowsPowerShell\v1.0\;C:\Windows\System32\OpenSSH\;C:\Program Files (x86)\NVIDIA Corporation\PhysX\Common;C:\Windows\system32\config\systemprofile\AppData\Local\Microsoft\WindowsApps;C:\ProgramData\chocolatey\bin;C:\Program Files\PuTTY\;C:\Program Files\dotnet\;C:\WINDOWS\system32;C:\WINDOWS;C:\WINDOWS\System32\Wbem;C:\WINDOWS\System32\WindowsPowerShell\v1.0\;C:\WINDOWS\System32\OpenSSH\;C:\Program Files\NVIDIA Corporation\NVIDIA App\NvDLISR;C:\Program Files\nodejs\;C:\Program Files (x86)\Common Files\Acronis\SnapAPI\;C:\Program Files (x86)\Common Files\Acronis\VirtualFile\;C:\Program Files (x86)\Common Files\Acronis\VirtualFile64\;C:\Program Files (x86)\Common Files\Acronis\FileProtector\;C:\Program Files (x86)\Common Files\Acronis\FileProtector64\;C:\Program Files\Git\cmd;C:\Users\migue\scoop\shims;C:\Users\migue\AppData\Local\Microsoft\WindowsApps;C:\Users\migue\AppData\Local\Programs\Microsoft VS Code\bin;C:\Users\migue\AppData\Local\Pandoc\;C:\Users\migue\AppData\Local\Programs\espanso;C:\Users\migue\AppData\Local\Microsoft\WindowsApps;C:\Users\migue\AppData\Local\GitHubDesktop\bin;C:\Users\migue\AppData\Local\spicetify;C:\Users\migue\AppData\Roaming\npm
USERNAME=migue
OS=Windows_NT
PROCESSOR_IDENTIFIER=AMD64 Family 25 Model 33 Stepping 0, AuthenticAMD
TMP=C:\Users\migue\AppData\Local\Temp
TEMP=C:\Users\migue\AppData\Local\Temp




Periodic native trim disabled

---------------  S Y S T E M  ---------------

OS:
 Windows 11 , 64 bit Build 22621 (10.0.22621.3672)
OS uptime: 0 days 0:08 hours

CPU: total 32 (initial active 32) (32 cores per cpu, 2 threads per core) family 25 model 33 stepping 0 microcode 0x0, cx8, cmov, fxsr, ht, mmx, 3dnowpref, sse, sse2, sse3, ssse3, sse4a, sse4.1, sse4.2, popcnt, lzcnt, tsc, tscinvbit, avx, avx2, aes, erms, clmul, bmi1, bmi2, adx, sha, fma, vzeroupper, clflush, clflushopt, rdtscp, rdpid, fsrm, f16c, pku, cet_ss
Processor Information for all 32 processors :
  Max Mhz: 3401, Current Mhz: 3401, Mhz Limit: 3401

Memory: 4k page, system-wide physical 32681M (17086M free)
TotalPageFile size 37545M (AvailPageFile size 19255M)
current process WorkingSet (physical memory assigned to process): 72M, peak: 72M
current process commit charge ("private bytes"): 656M, peak: 656M

vm_info: OpenJDK 64-Bit Server VM (22.0.1+8-16) for windows-amd64 JRE (22.0.1+8-16), built on 2024-03-12T10:33:16Z by "mach5one" with MS VC++ 17.6 (VS2022)

END.
