#
# A fatal error has been detected by the Java Runtime Environment:
#
#  EXCEPTION_ACCESS_VIOLATION (0xc0000005) at pc=0x00007ffcc9e70502, pid=35848, tid=27708
#
# JRE version: OpenJDK Runtime Environment (22.0.1+8) (build 22.0.1+8-16)
# Java VM: OpenJDK 64-Bit Server VM (22.0.1+8-16, mixed mode, sharing, tiered, compressed oops, compressed class ptrs, g1 gc, windows-amd64)
# Problematic frame:
# V  [jvm.dll+0x450502]
#
# No core dump will be written. Minidumps are not enabled by default on client versions of Windows
#
# If you would like to submit a bug report, please visit:
#   https://bugreport.java.com/bugreport/crash.jsp
#

---------------  S U M M A R Y ------------

Command Line: -Dfile.encoding=windows-1252 -Dsun.stdout.encoding=windows-1252 -Dsun.stderr.encoding=windows-1252 C:\Users\migue\IdeaProjects\PomoFX_Win\out\artifacts\PomoFX_Win_jar\PomoFX_Win.jar

Host: AMD Ryzen 9 5950X 16-Core Processor            , 32 cores, 31G,  Windows 11 , 64 bit Build 22621 (10.0.22621.3527)
Time: Tue May 28 19:12:23 2024 Pacific Daylight Time elapsed time: 0.393583 seconds (0d 0h 0m 0s)

---------------  T H R E A D  ---------------

Current thread (0x000001df818f4e70):  JavaThread "WindowsNativeRunloopThread"        [_thread_in_vm, id=27708, stack(0x000000c2bdf00000,0x000000c2be000000) (1024K)]

Stack: [0x000000c2bdf00000,0x000000c2be000000],  sp=0x000000c2bdfff4d0,  free space=1021k
Native frames: (J=compiled Java code, j=interpreted, Vv=VM code, C=native code)
V  [jvm.dll+0x450502]  (no source info available)
C  [glass.dll+0x510c]  (no source info available)
C  [glass.dll+0xa706]  (no source info available)
C  0x000001df293ccfc7  (no source info available)

The last pc belongs to native method entry point (kind = native) (printed below).
Java frames: (J=compiled Java code, j=interpreted, Vv=VM code)
j  com.sun.glass.ui.win.WinApplication._runLoop(Ljava/lang/Runnable;)V+0
j  com.sun.glass.ui.win.WinApplication.lambda$runLoop$3(ILjava/lang/Runnable;)V+8
j  com.sun.glass.ui.win.WinApplication$$Lambda+0x000001df41032418.run()V+12
j  java.lang.Thread.runWith(Ljava/lang/Object;Ljava/lang/Runnable;)V+5 java.base@22.0.1
j  java.lang.Thread.run()V+19 java.base@22.0.1
v  ~StubRoutines::call_stub 0x000001df293c100d

siginfo: EXCEPTION_ACCESS_VIOLATION (0xc0000005), reading address 0x0000000000000000


Registers:
RAX=0x0000000000000000, RBX=0x000001df818f4e70, RCX=0x000001df818f5230, RDX=0x000000c2bdfff6b8
RSP=0x000000c2bdfff4d0, RBP=0x000000c2bdfff5d8, RSI=0x0000000000000000, RDI=0x000001df818f5230
R8 =0x0000000000000000, R9 =0x000000c2bdfff5d8, R10=0x0000000000000000, R11=0x0000000000000246
R12=0x0000000000000000, R13=0x000001df824f7d40, R14=0x000000c2bdfff6b8, R15=0x000001df818f4e70
RIP=0x00007ffcc9e70502, EFLAGS=0x0000000000010246


Register to memory mapping:

RAX=0x0 is null
RBX=0x000001df818f4e70 is a thread
RCX=0x000001df818f5230 points into unknown readable memory: 0x00007ffcca5fdac0 | c0 da 5f ca fc 7f 00 00
RDX=0x000000c2bdfff6b8 is pointing into the stack for thread: 0x000001df818f4e70
RSP=0x000000c2bdfff4d0 is pointing into the stack for thread: 0x000001df818f4e70
RBP=0x000000c2bdfff5d8 is pointing into the stack for thread: 0x000001df818f4e70
RSI=0x0 is null
RDI=0x000001df818f5230 points into unknown readable memory: 0x00007ffcca5fdac0 | c0 da 5f ca fc 7f 00 00
R8 =0x0 is null
R9 =0x000000c2bdfff5d8 is pointing into the stack for thread: 0x000001df818f4e70
R10=0x0 is null
R11=0x0000000000000246 is an unknown value
R12=0x0 is null
R13={method} {0x000001df824f7d48} '_runLoop' '(Ljava/lang/Runnable;)V' in 'com/sun/glass/ui/win/WinApplication'
R14=0x000000c2bdfff6b8 is pointing into the stack for thread: 0x000001df818f4e70
R15=0x000001df818f4e70 is a thread

Top of Stack: (sp=0x000000c2bdfff4d0)
0x000000c2bdfff4d0:   000000c2bdfff4e0 0000000000000001
0x000000c2bdfff4e0:   0000000000000000 000000c2bdfff4f8
0x000000c2bdfff4f0:   00006a9575aebcb0 0000000000320030
0x000000c2bdfff500:   00007ffdbf681f00 00007ffdbcc10f11
0x000000c2bdfff510:   000000c2bdfff5c8 0000000000000000
0x000000c2bdfff520:   000001df818f4e70 0000000000000000
0x000000c2bdfff530:   0000000000000000 00007ffdbf6a72f0
0x000000c2bdfff540:   000001df81978610 00007ffdbe6d54ef
0x000000c2bdfff550:   0000000000180016 00007ffdbf681e58
0x000000c2bdfff560:   000000c2bdfff550 0000000000000000
0x000000c2bdfff570:   000001df818f4e70 000000c2bdfff6c0
0x000000c2bdfff580:   000001df818f5230 00007ffda3ed510c
0x000000c2bdfff590:   0000000000000000 000000c2bdfff698
0x000000c2bdfff5a0:   000000c2bdfff6b8 000001df818f5230
0x000000c2bdfff5b0:   000000c2bdfff6b8 00007ffda3eda706
0x000000c2bdfff5c0:   000001df824f7d40 000001df00000000
0x000000c2bdfff5d0:   0000000000000000 0000000000000000
0x000000c2bdfff5e0:   000001df293c89b6 000001df293cce38
0x000000c2bdfff5f0:   000001df824f7d40 000001df824f7d40
0x000000c2bdfff600:   000001df824f7d40 000000c2bdfff6c0
0x000000c2bdfff610:   000001df293c89b6 000001df293ccfc7
0x000000c2bdfff620:   000001df824f7d40 000000c2bdfffbf0
0x000000c2bdfff630:   3ff0000000000000 000001df818f4e70
0x000000c2bdfff640:   000000c2bdfffbf0 000001df293ccc5b
0x000000c2bdfff650:   fffffffffffffff7 000001df824f7d40
0x000000c2bdfff660:   0000000000000005 000001df8251d428
0x000000c2bdfff670:   0000000000000000 0000000620638958
0x000000c2bdfff680:   000001df824f7d40 0000000000000000
0x000000c2bdfff690:   000000c2bdfff6b8 000000c2bdfff710
0x000000c2bdfff6a0:   000001df293c88c0 0000000000000000
0x000000c2bdfff6b0:   000001df293ca517 00000006206ad3d8
0x000000c2bdfff6c0:   00000006206a6e70 fffffffffffffff7 

Instructions: (pc=0x00007ffcc9e70502)
0x00007ffcc9e70402:   ff 48 8b 4b 08 48 8b 43 10 48 89 41 10 48 8b 4b
0x00007ffcc9e70412:   08 48 8b 43 18 48 89 41 18 48 8b 4b 08 48 8b 43
0x00007ffcc9e70422:   20 48 89 41 20 48 8d 8f a0 03 00 00 e8 bd 85 ec
0x00007ffcc9e70432:   ff 90 c7 87 54 04 00 00 04 00 00 00 48 81 c4 b8
0x00007ffcc9e70442:   00 00 00 41 5f 41 5e 5f 5e 5d 5b c3 cc cc 48 89
0x00007ffcc9e70452:   5c 24 08 48 89 6c 24 10 48 89 74 24 18 57 41 56
0x00007ffcc9e70462:   41 57 48 81 ec a0 00 00 00 8b 81 b8 00 00 00 48
0x00007ffcc9e70472:   8d 99 40 fc ff ff 05 53 21 ff ff 49 8b e9 49 8b
0x00007ffcc9e70482:   f0 4c 8b f2 48 8b f9 83 f8 01 77 08 48 8b cb e8
0x00007ffcc9e70492:   ca 17 fa ff 80 3d 97 2b 7f 00 00 c7 83 54 04 00
0x00007ffcc9e704a2:   00 06 00 00 00 75 06 e8 92 23 28 00 90 48 8b 83
0x00007ffcc9e704b2:   58 04 00 00 a8 01 74 0d 45 33 c0 b2 01 48 8b cb
0x00007ffcc9e704c2:   e8 e9 5e 2f 00 8b 83 50 04 00 00 a8 0c 74 08 48
0x00007ffcc9e704d2:   8b cb e8 27 2c fa ff c7 83 54 04 00 00 06 00 00
0x00007ffcc9e704e2:   00 48 83 7b 08 00 48 89 5c 24 50 48 c7 44 24 58
0x00007ffcc9e704f2:   00 00 00 00 74 0a 48 8d 4c 24 50 e8 0e fd 2b 00
0x00007ffcc9e70502:   48 8b 16 48 8d 4c 24 70 c6 44 24 40 0e e8 ac b1
0x00007ffcc9e70512:   00 00 48 8d 44 24 70 48 89 5c 24 30 48 89 44 24
0x00007ffcc9e70522:   28 4c 8d 3d 46 9e 5b 00 41 b9 01 00 00 00 48 89
0x00007ffcc9e70532:   74 24 20 4d 8b c6 4c 89 7c 24 70 48 8d 54 24 40
0x00007ffcc9e70542:   48 89 ac 24 98 00 00 00 48 8b cf e8 7e bf 00 00
0x00007ffcc9e70552:   48 83 7c 24 58 00 4c 89 7c 24 70 48 c7 84 24 98
0x00007ffcc9e70562:   00 00 00 00 00 00 00 74 0a 48 8d 4c 24 50 e8 1b
0x00007ffcc9e70572:   fd 2b 00 48 8b bb 98 01 00 00 48 8b 47 10 48 83
0x00007ffcc9e70582:   38 00 74 08 48 8b cf e8 72 37 f5 ff 48 8b 4f 08
0x00007ffcc9e70592:   48 8b 47 10 48 89 41 10 48 8b 4f 08 48 8b 47 18
0x00007ffcc9e705a2:   48 89 41 18 48 8b 4f 08 48 8b 47 20 48 89 41 20
0x00007ffcc9e705b2:   48 8d 8b a0 03 00 00 e8 32 84 ec ff 4c 8d 9c 24
0x00007ffcc9e705c2:   a0 00 00 00 90 49 8b 6b 28 49 8b 73 30 c7 83 54
0x00007ffcc9e705d2:   04 00 00 04 00 00 00 49 8b 5b 20 49 8b e3 41 5f
0x00007ffcc9e705e2:   41 5e 5f c3 cc cc cc cc cc cc cc cc cc cc 48 89
0x00007ffcc9e705f2:   5c 24 08 48 89 6c 24 10 48 89 74 24 18 48 89 7c 


Stack slot to memory mapping:

stack at sp + 0 slots: 0x000000c2bdfff4e0 is pointing into the stack for thread: 0x000001df818f4e70
stack at sp + 1 slots: 0x0000000000000001 is an unknown value
stack at sp + 2 slots: 0x0 is null
stack at sp + 3 slots: 0x000000c2bdfff4f8 is pointing into the stack for thread: 0x000001df818f4e70
stack at sp + 4 slots: 0x00006a9575aebcb0 is an unknown value
stack at sp + 5 slots: 0x0000000000320030 is an unknown value
stack at sp + 6 slots: 0x00007ffdbf681f00 ole32.dll
stack at sp + 7 slots: 0x00007ffdbcc10f11 KERNELBASE.dll

native method entry point (kind = native)  [0x000001df293ccba0, 0x000001df293cd6c0]  2848 bytes
[MachCode]
  0x000001df293ccba0: 488b 4b08 | 0fb7 492e | 584c 8d74 | ccf8 6800 | 0000 0068 | 0000 0000 | 5055 488b | ec41 5568 
  0x000001df293ccbc0: 0000 0000 | 4c8b 6b08 | 4d8d 6d38 | 5348 8b53 | 0848 8b52 | 0848 8b52 | 1848 8b52 | 7048 8b12 
  0x000001df293ccbe0: 5248 8b53 | 1048 85d2 | 0f84 0700 | 0000 4881 | c210 0100 | 0052 488b | 5308 488b | 5208 488b 
  0x000001df293ccc00: 5210 5249 | 8bc6 482b | c548 c1e8 | 0350 6800 | 0000 0068 | f7ff ffff | 41c6 8781 | 0400 0001 
  0x000001df293ccc20: 488b 4310 | 4885 c074 | 208b 88cc | 0000 0083 | c102 8988 | cc00 0000 | 2388 e000 | 0000 0f84 
  0x000001df293ccc40: cb09 0000 | e9cf 0000 | 0048 8b43 | 1848 85c0 | 0f85 b000 | 0000 e805 | 0000 00e9 | 9900 0000 
  0x000001df293ccc60: 488b d348 | 8d44 2408 | 4c89 6dc0 | 498b cfc5 | f877 4989 | afb0 0300 | 0049 8987 | a003 0000 
  0x000001df293ccc80: 4883 ec20 | 40f6 c40f | 0f84 1900 | 0000 4883 | ec08 48b8 | a0a3 dfc9 | fc7f 0000 | ffd0 4883 
  0x000001df293ccca0: c408 e90c | 0000 0048 | b8a0 a3df | c9fc 7f00 | 00ff d048 | 83c4 2049 | c787 a003 | 0000 0000 
  0x000001df293cccc0: 0000 49c7 | 87b0 0300 | 0000 0000 | 0049 c787 | a803 0000 | 0000 0000 | c5f8 7749 | 837f 0800 
  0x000001df293ccce0: 0f84 0500 | 0000 e915 | 42ff ff4c | 8b6d c04c | 8b75 c84e | 8d74 f500 | c348 8b43 | 1848 85c0 
  0x000001df293ccd00: 0f84 1200 | 0000 8b48 | 0883 c102 | 8948 0823 | 481c 0f84 | f708 0000 | 493b a7f0 | 0400 000f 
  0x000001df293ccd20: 8748 0000 | 0089 8424 | 00f0 ffff | 8984 2400 | e0ff ff89 | 8424 00d0 | ffff 8984 | 2400 c0ff 
  0x000001df293ccd40: ff89 8424 | 00b0 ffff | 8984 2400 | a0ff ff89 | 8424 0090 | ffff 8984 | 2400 80ff | ff49 3ba7 
  0x000001df293ccd60: e804 0000 | 7607 4989 | a7f0 0400 | 0041 c687 | 8104 0000 | 0049 ba9c | 3066 cafc | 7f00 0041 
  0x000001df293ccd80: 803a 000f | 843e 0000 | 0048 8b55 | e849 8bcf | 4883 ec20 | 40f6 c40f | 0f84 1900 | 0000 4883 
  0x000001df293ccda0: ec08 48b8 | 40b5 16ca | fc7f 0000 | ffd0 4883 | c408 e90c | 0000 0048 | b840 b516 | cafc 7f00 
  0x000001df293ccdc0: 00ff d048 | 83c4 2048 | 8b5d e84c | 8b5b 0845 | 0fb7 5b2e | 41c1 e303 | 492b e348 | 83ec 2048 
  0x000001df293ccde0: 83e4 f04c | 8b5b 604d | 85db 0f85 | ab00 0000 | e805 0000 | 00e9 9900 | 0000 488b | d348 8d44 
  0x000001df293cce00: 2408 4c89 | 6dc0 498b | cfc5 f877 | 4989 afb0 | 0300 0049 | 8987 a003 | 0000 4883 | ec20 40f6 
  0x000001df293cce20: c40f 0f84 | 1900 0000 | 4883 ec08 | 48b8 c0ca | dfc9 fc7f | 0000 ffd0 | 4883 c408 | e90c 0000 
  0x000001df293cce40: 0048 b8c0 | cadf c9fc | 7f00 00ff | d048 83c4 | 2049 c787 | a003 0000 | 0000 0000 | 49c7 87b0 
  0x000001df293cce60: 0300 0000 | 0000 0049 | c787 a803 | 0000 0000 | 0000 c5f8 | 7749 837f | 0800 0f84 | 0500 0000 
  0x000001df293cce80: e97b 40ff | ff4c 8b6d | c04c 8b75 | c84e 8d74 | f500 c348 | 8b5d e84c | 8b5b 6041 | ffd3 488b 
  0x000001df293ccea0: 5de8 4889 | 4518 448b | 5b28 41f6 | c308 0f84 | 1b00 0000 | 4c8b 5b08 | 4d8b 5b08 | 4d8b 5b18 
  0x000001df293ccec0: 4d8b 5b70 | 4d8b 1b4c | 895d 1048 | 8d55 1048 | 8b43 5849 | ba40 0c17 | cafc 7f00 | 0049 3bc2 
  0x000001df293ccee0: 0f85 ab00 | 0000 e805 | 0000 00e9 | 9900 0000 | 488b d348 | 8d44 2408 | 4c89 6dc0 | 498b cfc5 
  0x000001df293ccf00: f877 4989 | afb0 0300 | 0049 8987 | a003 0000 | 4883 ec20 | 40f6 c40f | 0f84 1900 | 0000 4883 
  0x000001df293ccf20: ec08 48b8 | c0ca dfc9 | fc7f 0000 | ffd0 4883 | c408 e90c | 0000 0048 | b8c0 cadf | c9fc 7f00 
  0x000001df293ccf40: 00ff d048 | 83c4 2049 | c787 a003 | 0000 0000 | 0000 49c7 | 87b0 0300 | 0000 0000 | 0049 c787 
  0x000001df293ccf60: a803 0000 | 0000 0000 | c5f8 7749 | 837f 0800 | 0f84 0500 | 0000 e985 | 3fff ff4c | 8b6d c04c 
  0x000001df293ccf80: 8b75 c84e | 8d74 f500 | c348 8b5d | e848 8b43 | 5849 8d8f | c003 0000 | c5f8 7749 | 89af b003 
  0x000001df293ccfa0: 0000 49ba | 98cf 3c29 | df01 0000 | 4d89 97a8 | 0300 0049 | 89a7 a003 | 0000 41c7 | 8754 0400 
  0x000001df293ccfc0: 0004 0000 | 00ff d0c5 | f877 4883 | ec10 c5fb | 1104 2448 | 83ec 1048 | 8904 2448 | c744 2408 
  0x000001df293ccfe0: 0000 0000 | 41c7 8754 | 0400 0005 | 0000 00f0 | 8344 24c0 | 0049 3baf | 5804 0000 | 0f87 0e00 
  0x000001df293cd000: 0000 4183 | bf50 0400 | 0000 0f84 | 2000 0000 | 498b cf4c | 8be4 4883 | ec20 4883 | e4f0 48b8 
  0x000001df293cd020: d01e e1c9 | fc7f 0000 | ffd0 498b | e44d 33e4 | 41c7 8754 | 0400 0008 | 0000 0049 | c787 a003 
  0x000001df293cd040: 0000 0000 | 0000 49c7 | 87b0 0300 | 0000 0000 | 0049 c787 | a803 0000 | 0000 0000 | c5f8 774d 
  0x000001df293cd060: 8b9f 3004 | 0000 41c7 | 8300 0100 | 0000 0000 | 0049 bb1a | a53c 29df | 0100 004c | 3b5d 180f 
  0x000001df293cd080: 8524 0200 | 0048 8b04 | 2448 83c4 | 1048 85c0 | 0f84 fe01 | 0000 a803 | 0f85 0800 | 0000 488b 
  0x000001df293cd0a0: 00e9 ee01 | 0000 a801 | 0f85 0900 | 0000 488b | 40fe e9dd | 0100 0048 | 8b40 ff41 | 807f 3800 
  0x000001df293cd0c0: 0f84 ce01 | 0000 4883 | f800 0f84 | c401 0000 | 4d8b 5f28 | 4983 fb00 | 0f84 1400 | 0000 4983 
  0x000001df293cd0e0: eb08 4d89 | 5f28 4d03 | 5f30 4989 | 03e9 a201 | 0000 4881 | ecd0 0000 | 0048 8904 | 2448 894c 
  0x000001df293cd100: 2408 4889 | 5424 1048 | 8974 2418 | 4889 7c24 | 204c 8944 | 2428 4c89 | 4c24 304c | 8954 2438 
  0x000001df293cd120: 4c89 5c24 | 40c5 fb11 | 4424 50c5 | fb11 4c24 | 58c5 fb11 | 5424 60c5 | fb11 5c24 | 68c5 fb11 
  0x000001df293cd140: 6424 70c5 | fb11 6c24 | 78c5 fb11 | b424 8000 | 0000 c5fb | 11bc 2488 | 0000 00c5 | 7b11 8424 
  0x000001df293cd160: 9000 0000 | c57b 118c | 2498 0000 | 00c5 7b11 | 9424 a000 | 0000 c57b | 119c 24a8 | 0000 00c5 
  0x000001df293cd180: 7b11 a424 | b000 0000 | c57b 11ac | 24b8 0000 | 00c5 7b11 | b424 c000 | 0000 c57b | 11bc 24c8 
  0x000001df293cd1a0: 0000 0049 | 8bd7 488b | c848 83ec | 2040 f6c4 | 0f0f 8419 | 0000 0048 | 83ec 0848 | b8e0 3ed4 
  0x000001df293cd1c0: c9fc 7f00 | 00ff d048 | 83c4 08e9 | 0c00 0000 | 48b8 e03e | d4c9 fc7f | 0000 ffd0 | 4883 c420 
  0x000001df293cd1e0: c57b 10bc | 24c8 0000 | 00c5 7b10 | b424 c000 | 0000 c57b | 10ac 24b8 | 0000 00c5 | 7b10 a424 
  0x000001df293cd200: b000 0000 | c57b 109c | 24a8 0000 | 00c5 7b10 | 9424 a000 | 0000 c57b | 108c 2498 | 0000 00c5 
  0x000001df293cd220: 7b10 8424 | 9000 0000 | c5fb 10bc | 2488 0000 | 00c5 fb10 | b424 8000 | 0000 c5fb | 106c 2478 
  0x000001df293cd240: c5fb 1064 | 2470 c5fb | 105c 2468 | c5fb 1054 | 2460 c5fb | 104c 2458 | c5fb 1044 | 2450 4c8b 
  0x000001df293cd260: 5c24 404c | 8b54 2438 | 4c8b 4c24 | 304c 8b44 | 2428 488b | 7c24 2048 | 8b74 2418 | 488b 5424 
  0x000001df293cd280: 1048 8b4c | 2408 488b | 0424 4881 | c4d0 0000 | 00c5 f877 | 4889 4510 | 4883 ec10 | 4889 0424 
  0x000001df293cd2a0: 48c7 4424 | 0800 0000 | 0041 83bf | d004 0000 | 020f 85bf | 0000 0048 | 81ec 8000 | 0000 4889 
  0x000001df293cd2c0: 4424 7848 | 894c 2470 | 4889 5424 | 6848 895c | 2460 4889 | 6c24 5048 | 8974 2448 | 4889 7c24 
  0x000001df293cd2e0: 404c 8944 | 2438 4c89 | 4c24 304c | 8954 2428 | 4c89 5c24 | 204c 8964 | 2418 4c89 | 6c24 104c 
  0x000001df293cd300: 8974 2408 | 4c89 3c24 | 4c8b e448 | 83ec 2048 | 83e4 f048 | b890 ed16 | cafc 7f00 | 00ff d049 
  0x000001df293cd320: 8be4 4c8b | 3c24 4c8b | 7424 084c | 8b6c 2410 | 4c8b 6424 | 184c 8b5c | 2420 4c8b | 5424 284c 
  0x000001df293cd340: 8b4c 2430 | 4c8b 4424 | 3848 8b7c | 2440 488b | 7424 4848 | 8b6c 2450 | 488b 5c24 | 6048 8b54 
  0x000001df293cd360: 2468 488b | 4c24 7048 | 8b44 2478 | 4881 c480 | 0000 004d | 33e4 488b | 5de8 4c8b | 6b08 4d8d 
  0x000001df293cd380: 6d38 4983 | 7f08 000f | 84bb 0000 | 00e8 0500 | 0000 e996 | 0000 0048 | 8d44 2408 | 4c89 6dc0 
  0x000001df293cd3a0: 498b cfc5 | f877 4989 | afb0 0300 | 0049 8987 | a003 0000 | 4883 ec20 | 40f6 c40f | 0f84 1900 
  0x000001df293cd3c0: 0000 4883 | ec08 48b8 | 00e9 dfc9 | fc7f 0000 | ffd0 4883 | c408 e90c | 0000 0048 | b800 e9df 
  0x000001df293cd3e0: c9fc 7f00 | 00ff d048 | 83c4 2049 | c787 a003 | 0000 0000 | 0000 49c7 | 87b0 0300 | 0000 0000 
  0x000001df293cd400: 0049 c787 | a803 0000 | 0000 0000 | c5f8 7749 | 837f 0800 | 0f84 0500 | 0000 e9e1 | 3aff ff4c 
  0x000001df293cd420: 8b6d c04c | 8b75 c84e | 8d74 f500 | c348 b9d0 | 183e cafc | 7f00 0048 | 83e4 f048 | b8c0 9405 
  0x000001df293cd440: cafc 7f00 | 00ff d0f4 | 448b 5b28 | 41f6 c320 | 0f84 4401 | 0000 488d | 55a8 4c8b | 5a08 4d85 
  0x000001df293cd460: db0f 85bb | 0000 00e8 | 0500 0000 | e996 0000 | 0048 8d44 | 2408 4c89 | 6dc0 498b | cfc5 f877 
  0x000001df293cd480: 4989 afb0 | 0300 0049 | 8987 a003 | 0000 4883 | ec20 40f6 | c40f 0f84 | 1900 0000 | 4883 ec08 
  0x000001df293cd4a0: 48b8 30e8 | dfc9 fc7f | 0000 ffd0 | 4883 c408 | e90c 0000 | 0048 b830 | e8df c9fc | 7f00 00ff 
  0x000001df293cd4c0: d048 83c4 | 2049 c787 | a003 0000 | 0000 0000 | 49c7 87b0 | 0300 0000 | 0000 0049 | c787 a803 
  0x000001df293cd4e0: 0000 0000 | 0000 c5f8 | 7749 837f | 0800 0f84 | 0500 0000 | e907 3aff | ff4c 8b6d | c04c 8b75 
  0x000001df293cd500: c84e 8d74 | f500 c348 | b9d0 183e | cafc 7f00 | 0048 83e4 | f048 b8c0 | 9405 cafc | 7f00 00ff 
  0x000001df293cd520: d0f4 4c89 | 6dc0 488d | 024c 8b4a | 0848 c742 | 0800 0000 | 004c 8b00 | 4d85 c00f | 840b 0000 
  0x000001df293cd540: 00f0 4d0f | b101 0f85 | 0c00 0000 | 49ff 8f58 | 0500 00e9 | 3e00 0000 | 4c89 4a08 | 488b ca48 
  0x000001df293cd560: 83ec 2040 | f6c4 0f0f | 8419 0000 | 0048 83ec | 0848 b8c0 | badf c9fc | 7f00 00ff | d048 83c4 
  0x000001df293cd580: 08e9 0c00 | 0000 48b8 | c0ba dfc9 | fc7f 0000 | ffd0 4883 | c420 4c8b | 6dc0 49ba | 9c30 66ca 
  0x000001df293cd5a0: fc7f 0000 | 4180 3a00 | 0f84 3e00 | 0000 488b | 55e8 498b | cf48 83ec | 2040 f6c4 | 0f0f 8419 
  0x000001df293cd5c0: 0000 0048 | 83ec 0848 | b840 b516 | cafc 7f00 | 00ff d048 | 83c4 08e9 | 0c00 0000 | 48b8 40b5 
  0x000001df293cd5e0: 16ca fc7f | 0000 ffd0 | 4883 c420 | 488b 0424 | 4883 c410 | c5fb 1004 | 2448 83c4 | 104c 8b5d 
  0x000001df293cd600: 1841 ffd3 | 4c8b 5df8 | c95f 498b | e3ff e7ba | 0000 0000 | e805 0000 | 00e9 9600 | 0000 488d 
  0x000001df293cd620: 4424 084c | 896d c049 | 8bcf c5f8 | 7749 89af | b003 0000 | 4989 87a0 | 0300 0048 | 83ec 2040 
  0x000001df293cd640: f6c4 0f0f | 8419 0000 | 0048 83ec | 0848 b880 | aedf c9fc | 7f00 00ff | d048 83c4 | 08e9 0c00 
  0x000001df293cd660: 0000 48b8 | 80ae dfc9 | fc7f 0000 | ffd0 4883 | c420 49c7 | 87a0 0300 | 0000 0000 | 0049 c787 
  0x000001df293cd680: b003 0000 | 0000 0000 | 49c7 87a8 | 0300 0000 | 0000 00c5 | f877 4983 | 7f08 000f | 8405 0000 
  0x000001df293cd6a0: 00e9 5a38 | ffff 4c8b | 6dc0 4c8b | 75c8 4e8d | 74f5 00c3 | 488b 5de8 | e95b f6ff | ff66 6690 
[/MachCode]

---------------  P R O C E S S  ---------------

Threads class SMR info:
_java_thread_list=0x000001df8188be70, length=21, elements={
0x000001df178af0d0, 0x000001df3e7fc5a0, 0x000001df3e8014d0, 0x000001df3e803cb0,
0x000001df3e806fb0, 0x000001df3e809a30, 0x000001df3e80d990, 0x000001df3e80e720,
0x000001df8108c380, 0x000001df81146290, 0x000001df81258110, 0x000001df8125afa0,
0x000001df81267bd0, 0x000001df81266760, 0x000001df8134b220, 0x000001df81266e30,
0x000001df81264550, 0x000001df812652f0, 0x000001df81861d20, 0x000001df818f8100,
0x000001df818f4e70
}

Java Threads: ( => current thread )
  0x000001df178af0d0 JavaThread "main"                              [_thread_blocked, id=39624, stack(0x000000c2bc300000,0x000000c2bc400000) (1024K)]
  0x000001df3e7fc5a0 JavaThread "Reference Handler"          daemon [_thread_blocked, id=38944, stack(0x000000c2bcb00000,0x000000c2bcc00000) (1024K)]
  0x000001df3e8014d0 JavaThread "Finalizer"                  daemon [_thread_blocked, id=36592, stack(0x000000c2bcc00000,0x000000c2bcd00000) (1024K)]
  0x000001df3e803cb0 JavaThread "Signal Dispatcher"          daemon [_thread_blocked, id=40168, stack(0x000000c2bcd00000,0x000000c2bce00000) (1024K)]
  0x000001df3e806fb0 JavaThread "Attach Listener"            daemon [_thread_blocked, id=4760, stack(0x000000c2bce00000,0x000000c2bcf00000) (1024K)]
  0x000001df3e809a30 JavaThread "Service Thread"             daemon [_thread_blocked, id=5004, stack(0x000000c2bcf00000,0x000000c2bd000000) (1024K)]
  0x000001df3e80d990 JavaThread "Monitor Deflation Thread"   daemon [_thread_blocked, id=21124, stack(0x000000c2bd000000,0x000000c2bd100000) (1024K)]
  0x000001df3e80e720 JavaThread "C2 CompilerThread0"         daemon [_thread_blocked, id=3912, stack(0x000000c2bd100000,0x000000c2bd200000) (1024K)]
  0x000001df8108c380 JavaThread "C1 CompilerThread0"         daemon [_thread_blocked, id=15288, stack(0x000000c2bd200000,0x000000c2bd300000) (1024K)]
  0x000001df81146290 JavaThread "C1 CompilerThread1"         daemon [_thread_blocked, id=3060, stack(0x000000c2bd300000,0x000000c2bd400000) (1024K)]
  0x000001df81258110 JavaThread "Notification Thread"        daemon [_thread_blocked, id=40316, stack(0x000000c2bd400000,0x000000c2bd500000) (1024K)]
  0x000001df8125afa0 JavaThread "Common-Cleaner"             daemon [_thread_blocked, id=9372, stack(0x000000c2bd500000,0x000000c2bd600000) (1024K)]
  0x000001df81267bd0 JavaThread "C1 CompilerThread2"         daemon [_thread_blocked, id=40268, stack(0x000000c2bd600000,0x000000c2bd700000) (1024K)]
  0x000001df81266760 JavaThread "C2 CompilerThread1"         daemon [_thread_blocked, id=38440, stack(0x000000c2bd700000,0x000000c2bd800000) (1024K)]
  0x000001df8134b220 JavaThread "JavaFX-Launcher"                   [_thread_blocked, id=39724, stack(0x000000c2bd800000,0x000000c2bd900000) (1024K)]
  0x000001df81266e30 JavaThread "C1 CompilerThread3"         daemon [_thread_blocked, id=40724, stack(0x000000c2bd900000,0x000000c2bda00000) (1024K)]
  0x000001df81264550 JavaThread "C1 CompilerThread4"         daemon [_thread_blocked, id=11156, stack(0x000000c2bda00000,0x000000c2bdb00000) (1024K)]
  0x000001df812652f0 JavaThread "C2 CompilerThread2"         daemon [_thread_blocked, id=15352, stack(0x000000c2bdb00000,0x000000c2bdc00000) (1024K)]
  0x000001df81861d20 JavaThread "QuantumRenderer-0"          daemon [_thread_blocked, id=26408, stack(0x000000c2bdc00000,0x000000c2bdd00000) (1024K)]
  0x000001df818f8100 JavaThread "InvokeLaterDispatcher"      daemon [_thread_blocked, id=40320, stack(0x000000c2bde00000,0x000000c2bdf00000) (1024K)]
=>0x000001df818f4e70 JavaThread "WindowsNativeRunloopThread"        [_thread_in_vm, id=27708, stack(0x000000c2bdf00000,0x000000c2be000000) (1024K)]
Total: 21

Other Threads:
  0x000001df3e7e32d0 VMThread "VM Thread"                           [id=40776, stack(0x000000c2bca00000,0x000000c2bcb00000) (1024K)]
  0x000001df81080dc0 WatcherThread "VM Periodic Task Thread"        [id=26468, stack(0x000000c2bc900000,0x000000c2bca00000) (1024K)]
  0x000001df19d15690 WorkerThread "GC Thread#0"                     [id=40352, stack(0x000000c2bc400000,0x000000c2bc500000) (1024K)]
  0x000001df19d27c50 ConcurrentGCThread "G1 Main Marker"            [id=23016, stack(0x000000c2bc500000,0x000000c2bc600000) (1024K)]
  0x000001df19d28f00 WorkerThread "G1 Conc#0"                       [id=40952, stack(0x000000c2bc600000,0x000000c2bc700000) (1024K)]
  0x000001df3e70bd30 ConcurrentGCThread "G1 Refine#0"               [id=37668, stack(0x000000c2bc700000,0x000000c2bc800000) (1024K)]
  0x000001df3e70c8b0 ConcurrentGCThread "G1 Service"                [id=4616, stack(0x000000c2bc800000,0x000000c2bc900000) (1024K)]
Total: 7

Threads with active compile tasks:
Total: 0

VM state: not at safepoint (normal execution)

VM Mutex/Monitor currently owned by a thread: None

Heap address: 0x0000000601400000, size: 8172 MB, Compressed Oops mode: Zero based, Oop shift amount: 3

CDS archive(s) mapped at: [0x000001df40000000-0x000001df40c50000-0x000001df40c50000), size 12910592, SharedBaseAddress: 0x000001df40000000, ArchiveRelocationMode: 1.
Compressed class space mapped at: 0x000001df41000000-0x000001df81000000, reserved size: 1073741824
Narrow klass base: 0x000001df40000000, Narrow klass shift: 0, Narrow klass range: 0x41000000

GC Precious Log:
 CardTable entry size: 512
 Card Set container configuration: InlinePtr #cards 4 size 8 Array Of Cards #cards 32 size 80 Howl #buckets 8 coarsen threshold 7372 Howl Bitmap #cards 1024 size 144 coarsen threshold 921 Card regions per heap region 1 cards per card region 8192
 CPUs: 32 total, 32 available
 Memory: 32681M
 Large Page Support: Disabled
 NUMA Support: Disabled
 Compressed Oops: Enabled (Zero based)
 Heap Region Size: 4M
 Heap Min Capacity: 8M
 Heap Initial Capacity: 512M
 Heap Max Capacity: 8172M
 Pre-touch: Disabled
 Parallel Workers: 23
 Concurrent Workers: 6
 Concurrent Refinement Workers: 23
 Periodic GC: Disabled

Heap:
 garbage-first heap   total reserved 8368128K, committed 524288K, used 8192K [0x0000000601400000, 0x0000000800000000)
  region size 4096K, 4 young (16384K), 0 survivors (0K)
 Metaspace       used 3281K, committed 3520K, reserved 1114112K
  class space    used 339K, committed 448K, reserved 1048576K

Heap Regions: E=young(eden), S=young(survivor), O=old, HS=humongous(starts), HC=humongous(continues), CS=collection set, F=free, TAMS=top-at-mark-start, PB=parsable bottom
|   0|0x0000000601400000, 0x0000000601400000, 0x0000000601800000|  0%| F|  |TAMS 0x0000000601400000| PB 0x0000000601400000| Untracked |  0
|   1|0x0000000601800000, 0x0000000601800000, 0x0000000601c00000|  0%| F|  |TAMS 0x0000000601800000| PB 0x0000000601800000| Untracked |  0
|   2|0x0000000601c00000, 0x0000000601c00000, 0x0000000602000000|  0%| F|  |TAMS 0x0000000601c00000| PB 0x0000000601c00000| Untracked |  0
|   3|0x0000000602000000, 0x0000000602000000, 0x0000000602400000|  0%| F|  |TAMS 0x0000000602000000| PB 0x0000000602000000| Untracked |  0
|   4|0x0000000602400000, 0x0000000602400000, 0x0000000602800000|  0%| F|  |TAMS 0x0000000602400000| PB 0x0000000602400000| Untracked |  0
|   5|0x0000000602800000, 0x0000000602800000, 0x0000000602c00000|  0%| F|  |TAMS 0x0000000602800000| PB 0x0000000602800000| Untracked |  0
|   6|0x0000000602c00000, 0x0000000602c00000, 0x0000000603000000|  0%| F|  |TAMS 0x0000000602c00000| PB 0x0000000602c00000| Untracked |  0
|   7|0x0000000603000000, 0x0000000603000000, 0x0000000603400000|  0%| F|  |TAMS 0x0000000603000000| PB 0x0000000603000000| Untracked |  0
|   8|0x0000000603400000, 0x0000000603400000, 0x0000000603800000|  0%| F|  |TAMS 0x0000000603400000| PB 0x0000000603400000| Untracked |  0
|   9|0x0000000603800000, 0x0000000603800000, 0x0000000603c00000|  0%| F|  |TAMS 0x0000000603800000| PB 0x0000000603800000| Untracked |  0
|  10|0x0000000603c00000, 0x0000000603c00000, 0x0000000604000000|  0%| F|  |TAMS 0x0000000603c00000| PB 0x0000000603c00000| Untracked |  0
|  11|0x0000000604000000, 0x0000000604000000, 0x0000000604400000|  0%| F|  |TAMS 0x0000000604000000| PB 0x0000000604000000| Untracked |  0
|  12|0x0000000604400000, 0x0000000604400000, 0x0000000604800000|  0%| F|  |TAMS 0x0000000604400000| PB 0x0000000604400000| Untracked |  0
|  13|0x0000000604800000, 0x0000000604800000, 0x0000000604c00000|  0%| F|  |TAMS 0x0000000604800000| PB 0x0000000604800000| Untracked |  0
|  14|0x0000000604c00000, 0x0000000604c00000, 0x0000000605000000|  0%| F|  |TAMS 0x0000000604c00000| PB 0x0000000604c00000| Untracked |  0
|  15|0x0000000605000000, 0x0000000605000000, 0x0000000605400000|  0%| F|  |TAMS 0x0000000605000000| PB 0x0000000605000000| Untracked |  0
|  16|0x0000000605400000, 0x0000000605400000, 0x0000000605800000|  0%| F|  |TAMS 0x0000000605400000| PB 0x0000000605400000| Untracked |  0
|  17|0x0000000605800000, 0x0000000605800000, 0x0000000605c00000|  0%| F|  |TAMS 0x0000000605800000| PB 0x0000000605800000| Untracked |  0
|  18|0x0000000605c00000, 0x0000000605c00000, 0x0000000606000000|  0%| F|  |TAMS 0x0000000605c00000| PB 0x0000000605c00000| Untracked |  0
|  19|0x0000000606000000, 0x0000000606000000, 0x0000000606400000|  0%| F|  |TAMS 0x0000000606000000| PB 0x0000000606000000| Untracked |  0
|  20|0x0000000606400000, 0x0000000606400000, 0x0000000606800000|  0%| F|  |TAMS 0x0000000606400000| PB 0x0000000606400000| Untracked |  0
|  21|0x0000000606800000, 0x0000000606800000, 0x0000000606c00000|  0%| F|  |TAMS 0x0000000606800000| PB 0x0000000606800000| Untracked |  0
|  22|0x0000000606c00000, 0x0000000606c00000, 0x0000000607000000|  0%| F|  |TAMS 0x0000000606c00000| PB 0x0000000606c00000| Untracked |  0
|  23|0x0000000607000000, 0x0000000607000000, 0x0000000607400000|  0%| F|  |TAMS 0x0000000607000000| PB 0x0000000607000000| Untracked |  0
|  24|0x0000000607400000, 0x0000000607400000, 0x0000000607800000|  0%| F|  |TAMS 0x0000000607400000| PB 0x0000000607400000| Untracked |  0
|  25|0x0000000607800000, 0x0000000607800000, 0x0000000607c00000|  0%| F|  |TAMS 0x0000000607800000| PB 0x0000000607800000| Untracked |  0
|  26|0x0000000607c00000, 0x0000000607c00000, 0x0000000608000000|  0%| F|  |TAMS 0x0000000607c00000| PB 0x0000000607c00000| Untracked |  0
|  27|0x0000000608000000, 0x0000000608000000, 0x0000000608400000|  0%| F|  |TAMS 0x0000000608000000| PB 0x0000000608000000| Untracked |  0
|  28|0x0000000608400000, 0x0000000608400000, 0x0000000608800000|  0%| F|  |TAMS 0x0000000608400000| PB 0x0000000608400000| Untracked |  0
|  29|0x0000000608800000, 0x0000000608800000, 0x0000000608c00000|  0%| F|  |TAMS 0x0000000608800000| PB 0x0000000608800000| Untracked |  0
|  30|0x0000000608c00000, 0x0000000608c00000, 0x0000000609000000|  0%| F|  |TAMS 0x0000000608c00000| PB 0x0000000608c00000| Untracked |  0
|  31|0x0000000609000000, 0x0000000609000000, 0x0000000609400000|  0%| F|  |TAMS 0x0000000609000000| PB 0x0000000609000000| Untracked |  0
|  32|0x0000000609400000, 0x0000000609400000, 0x0000000609800000|  0%| F|  |TAMS 0x0000000609400000| PB 0x0000000609400000| Untracked |  0
|  33|0x0000000609800000, 0x0000000609800000, 0x0000000609c00000|  0%| F|  |TAMS 0x0000000609800000| PB 0x0000000609800000| Untracked |  0
|  34|0x0000000609c00000, 0x0000000609c00000, 0x000000060a000000|  0%| F|  |TAMS 0x0000000609c00000| PB 0x0000000609c00000| Untracked |  0
|  35|0x000000060a000000, 0x000000060a000000, 0x000000060a400000|  0%| F|  |TAMS 0x000000060a000000| PB 0x000000060a000000| Untracked |  0
|  36|0x000000060a400000, 0x000000060a400000, 0x000000060a800000|  0%| F|  |TAMS 0x000000060a400000| PB 0x000000060a400000| Untracked |  0
|  37|0x000000060a800000, 0x000000060a800000, 0x000000060ac00000|  0%| F|  |TAMS 0x000000060a800000| PB 0x000000060a800000| Untracked |  0
|  38|0x000000060ac00000, 0x000000060ac00000, 0x000000060b000000|  0%| F|  |TAMS 0x000000060ac00000| PB 0x000000060ac00000| Untracked |  0
|  39|0x000000060b000000, 0x000000060b000000, 0x000000060b400000|  0%| F|  |TAMS 0x000000060b000000| PB 0x000000060b000000| Untracked |  0
|  40|0x000000060b400000, 0x000000060b400000, 0x000000060b800000|  0%| F|  |TAMS 0x000000060b400000| PB 0x000000060b400000| Untracked |  0
|  41|0x000000060b800000, 0x000000060b800000, 0x000000060bc00000|  0%| F|  |TAMS 0x000000060b800000| PB 0x000000060b800000| Untracked |  0
|  42|0x000000060bc00000, 0x000000060bc00000, 0x000000060c000000|  0%| F|  |TAMS 0x000000060bc00000| PB 0x000000060bc00000| Untracked |  0
|  43|0x000000060c000000, 0x000000060c000000, 0x000000060c400000|  0%| F|  |TAMS 0x000000060c000000| PB 0x000000060c000000| Untracked |  0
|  44|0x000000060c400000, 0x000000060c400000, 0x000000060c800000|  0%| F|  |TAMS 0x000000060c400000| PB 0x000000060c400000| Untracked |  0
|  45|0x000000060c800000, 0x000000060c800000, 0x000000060cc00000|  0%| F|  |TAMS 0x000000060c800000| PB 0x000000060c800000| Untracked |  0
|  46|0x000000060cc00000, 0x000000060cc00000, 0x000000060d000000|  0%| F|  |TAMS 0x000000060cc00000| PB 0x000000060cc00000| Untracked |  0
|  47|0x000000060d000000, 0x000000060d000000, 0x000000060d400000|  0%| F|  |TAMS 0x000000060d000000| PB 0x000000060d000000| Untracked |  0
|  48|0x000000060d400000, 0x000000060d400000, 0x000000060d800000|  0%| F|  |TAMS 0x000000060d400000| PB 0x000000060d400000| Untracked |  0
|  49|0x000000060d800000, 0x000000060d800000, 0x000000060dc00000|  0%| F|  |TAMS 0x000000060d800000| PB 0x000000060d800000| Untracked |  0
|  50|0x000000060dc00000, 0x000000060dc00000, 0x000000060e000000|  0%| F|  |TAMS 0x000000060dc00000| PB 0x000000060dc00000| Untracked |  0
|  51|0x000000060e000000, 0x000000060e000000, 0x000000060e400000|  0%| F|  |TAMS 0x000000060e000000| PB 0x000000060e000000| Untracked |  0
|  52|0x000000060e400000, 0x000000060e400000, 0x000000060e800000|  0%| F|  |TAMS 0x000000060e400000| PB 0x000000060e400000| Untracked |  0
|  53|0x000000060e800000, 0x000000060e800000, 0x000000060ec00000|  0%| F|  |TAMS 0x000000060e800000| PB 0x000000060e800000| Untracked |  0
|  54|0x000000060ec00000, 0x000000060ec00000, 0x000000060f000000|  0%| F|  |TAMS 0x000000060ec00000| PB 0x000000060ec00000| Untracked |  0
|  55|0x000000060f000000, 0x000000060f000000, 0x000000060f400000|  0%| F|  |TAMS 0x000000060f000000| PB 0x000000060f000000| Untracked |  0
|  56|0x000000060f400000, 0x000000060f400000, 0x000000060f800000|  0%| F|  |TAMS 0x000000060f400000| PB 0x000000060f400000| Untracked |  0
|  57|0x000000060f800000, 0x000000060f800000, 0x000000060fc00000|  0%| F|  |TAMS 0x000000060f800000| PB 0x000000060f800000| Untracked |  0
|  58|0x000000060fc00000, 0x000000060fc00000, 0x0000000610000000|  0%| F|  |TAMS 0x000000060fc00000| PB 0x000000060fc00000| Untracked |  0
|  59|0x0000000610000000, 0x0000000610000000, 0x0000000610400000|  0%| F|  |TAMS 0x0000000610000000| PB 0x0000000610000000| Untracked |  0
|  60|0x0000000610400000, 0x0000000610400000, 0x0000000610800000|  0%| F|  |TAMS 0x0000000610400000| PB 0x0000000610400000| Untracked |  0
|  61|0x0000000610800000, 0x0000000610800000, 0x0000000610c00000|  0%| F|  |TAMS 0x0000000610800000| PB 0x0000000610800000| Untracked |  0
|  62|0x0000000610c00000, 0x0000000610c00000, 0x0000000611000000|  0%| F|  |TAMS 0x0000000610c00000| PB 0x0000000610c00000| Untracked |  0
|  63|0x0000000611000000, 0x0000000611000000, 0x0000000611400000|  0%| F|  |TAMS 0x0000000611000000| PB 0x0000000611000000| Untracked |  0
|  64|0x0000000611400000, 0x0000000611400000, 0x0000000611800000|  0%| F|  |TAMS 0x0000000611400000| PB 0x0000000611400000| Untracked |  0
|  65|0x0000000611800000, 0x0000000611800000, 0x0000000611c00000|  0%| F|  |TAMS 0x0000000611800000| PB 0x0000000611800000| Untracked |  0
|  66|0x0000000611c00000, 0x0000000611c00000, 0x0000000612000000|  0%| F|  |TAMS 0x0000000611c00000| PB 0x0000000611c00000| Untracked |  0
|  67|0x0000000612000000, 0x0000000612000000, 0x0000000612400000|  0%| F|  |TAMS 0x0000000612000000| PB 0x0000000612000000| Untracked |  0
|  68|0x0000000612400000, 0x0000000612400000, 0x0000000612800000|  0%| F|  |TAMS 0x0000000612400000| PB 0x0000000612400000| Untracked |  0
|  69|0x0000000612800000, 0x0000000612800000, 0x0000000612c00000|  0%| F|  |TAMS 0x0000000612800000| PB 0x0000000612800000| Untracked |  0
|  70|0x0000000612c00000, 0x0000000612c00000, 0x0000000613000000|  0%| F|  |TAMS 0x0000000612c00000| PB 0x0000000612c00000| Untracked |  0
|  71|0x0000000613000000, 0x0000000613000000, 0x0000000613400000|  0%| F|  |TAMS 0x0000000613000000| PB 0x0000000613000000| Untracked |  0
|  72|0x0000000613400000, 0x0000000613400000, 0x0000000613800000|  0%| F|  |TAMS 0x0000000613400000| PB 0x0000000613400000| Untracked |  0
|  73|0x0000000613800000, 0x0000000613800000, 0x0000000613c00000|  0%| F|  |TAMS 0x0000000613800000| PB 0x0000000613800000| Untracked |  0
|  74|0x0000000613c00000, 0x0000000613c00000, 0x0000000614000000|  0%| F|  |TAMS 0x0000000613c00000| PB 0x0000000613c00000| Untracked |  0
|  75|0x0000000614000000, 0x0000000614000000, 0x0000000614400000|  0%| F|  |TAMS 0x0000000614000000| PB 0x0000000614000000| Untracked |  0
|  76|0x0000000614400000, 0x0000000614400000, 0x0000000614800000|  0%| F|  |TAMS 0x0000000614400000| PB 0x0000000614400000| Untracked |  0
|  77|0x0000000614800000, 0x0000000614800000, 0x0000000614c00000|  0%| F|  |TAMS 0x0000000614800000| PB 0x0000000614800000| Untracked |  0
|  78|0x0000000614c00000, 0x0000000614c00000, 0x0000000615000000|  0%| F|  |TAMS 0x0000000614c00000| PB 0x0000000614c00000| Untracked |  0
|  79|0x0000000615000000, 0x0000000615000000, 0x0000000615400000|  0%| F|  |TAMS 0x0000000615000000| PB 0x0000000615000000| Untracked |  0
|  80|0x0000000615400000, 0x0000000615400000, 0x0000000615800000|  0%| F|  |TAMS 0x0000000615400000| PB 0x0000000615400000| Untracked |  0
|  81|0x0000000615800000, 0x0000000615800000, 0x0000000615c00000|  0%| F|  |TAMS 0x0000000615800000| PB 0x0000000615800000| Untracked |  0
|  82|0x0000000615c00000, 0x0000000615c00000, 0x0000000616000000|  0%| F|  |TAMS 0x0000000615c00000| PB 0x0000000615c00000| Untracked |  0
|  83|0x0000000616000000, 0x0000000616000000, 0x0000000616400000|  0%| F|  |TAMS 0x0000000616000000| PB 0x0000000616000000| Untracked |  0
|  84|0x0000000616400000, 0x0000000616400000, 0x0000000616800000|  0%| F|  |TAMS 0x0000000616400000| PB 0x0000000616400000| Untracked |  0
|  85|0x0000000616800000, 0x0000000616800000, 0x0000000616c00000|  0%| F|  |TAMS 0x0000000616800000| PB 0x0000000616800000| Untracked |  0
|  86|0x0000000616c00000, 0x0000000616c00000, 0x0000000617000000|  0%| F|  |TAMS 0x0000000616c00000| PB 0x0000000616c00000| Untracked |  0
|  87|0x0000000617000000, 0x0000000617000000, 0x0000000617400000|  0%| F|  |TAMS 0x0000000617000000| PB 0x0000000617000000| Untracked |  0
|  88|0x0000000617400000, 0x0000000617400000, 0x0000000617800000|  0%| F|  |TAMS 0x0000000617400000| PB 0x0000000617400000| Untracked |  0
|  89|0x0000000617800000, 0x0000000617800000, 0x0000000617c00000|  0%| F|  |TAMS 0x0000000617800000| PB 0x0000000617800000| Untracked |  0
|  90|0x0000000617c00000, 0x0000000617c00000, 0x0000000618000000|  0%| F|  |TAMS 0x0000000617c00000| PB 0x0000000617c00000| Untracked |  0
|  91|0x0000000618000000, 0x0000000618000000, 0x0000000618400000|  0%| F|  |TAMS 0x0000000618000000| PB 0x0000000618000000| Untracked |  0
|  92|0x0000000618400000, 0x0000000618400000, 0x0000000618800000|  0%| F|  |TAMS 0x0000000618400000| PB 0x0000000618400000| Untracked |  0
|  93|0x0000000618800000, 0x0000000618800000, 0x0000000618c00000|  0%| F|  |TAMS 0x0000000618800000| PB 0x0000000618800000| Untracked |  0
|  94|0x0000000618c00000, 0x0000000618c00000, 0x0000000619000000|  0%| F|  |TAMS 0x0000000618c00000| PB 0x0000000618c00000| Untracked |  0
|  95|0x0000000619000000, 0x0000000619000000, 0x0000000619400000|  0%| F|  |TAMS 0x0000000619000000| PB 0x0000000619000000| Untracked |  0
|  96|0x0000000619400000, 0x0000000619400000, 0x0000000619800000|  0%| F|  |TAMS 0x0000000619400000| PB 0x0000000619400000| Untracked |  0
|  97|0x0000000619800000, 0x0000000619800000, 0x0000000619c00000|  0%| F|  |TAMS 0x0000000619800000| PB 0x0000000619800000| Untracked |  0
|  98|0x0000000619c00000, 0x0000000619c00000, 0x000000061a000000|  0%| F|  |TAMS 0x0000000619c00000| PB 0x0000000619c00000| Untracked |  0
|  99|0x000000061a000000, 0x000000061a000000, 0x000000061a400000|  0%| F|  |TAMS 0x000000061a000000| PB 0x000000061a000000| Untracked |  0
| 100|0x000000061a400000, 0x000000061a400000, 0x000000061a800000|  0%| F|  |TAMS 0x000000061a400000| PB 0x000000061a400000| Untracked |  0
| 101|0x000000061a800000, 0x000000061a800000, 0x000000061ac00000|  0%| F|  |TAMS 0x000000061a800000| PB 0x000000061a800000| Untracked |  0
| 102|0x000000061ac00000, 0x000000061ac00000, 0x000000061b000000|  0%| F|  |TAMS 0x000000061ac00000| PB 0x000000061ac00000| Untracked |  0
| 103|0x000000061b000000, 0x000000061b000000, 0x000000061b400000|  0%| F|  |TAMS 0x000000061b000000| PB 0x000000061b000000| Untracked |  0
| 104|0x000000061b400000, 0x000000061b400000, 0x000000061b800000|  0%| F|  |TAMS 0x000000061b400000| PB 0x000000061b400000| Untracked |  0
| 105|0x000000061b800000, 0x000000061b800000, 0x000000061bc00000|  0%| F|  |TAMS 0x000000061b800000| PB 0x000000061b800000| Untracked |  0
| 106|0x000000061bc00000, 0x000000061bc00000, 0x000000061c000000|  0%| F|  |TAMS 0x000000061bc00000| PB 0x000000061bc00000| Untracked |  0
| 107|0x000000061c000000, 0x000000061c000000, 0x000000061c400000|  0%| F|  |TAMS 0x000000061c000000| PB 0x000000061c000000| Untracked |  0
| 108|0x000000061c400000, 0x000000061c400000, 0x000000061c800000|  0%| F|  |TAMS 0x000000061c400000| PB 0x000000061c400000| Untracked |  0
| 109|0x000000061c800000, 0x000000061c800000, 0x000000061cc00000|  0%| F|  |TAMS 0x000000061c800000| PB 0x000000061c800000| Untracked |  0
| 110|0x000000061cc00000, 0x000000061cc00000, 0x000000061d000000|  0%| F|  |TAMS 0x000000061cc00000| PB 0x000000061cc00000| Untracked |  0
| 111|0x000000061d000000, 0x000000061d000000, 0x000000061d400000|  0%| F|  |TAMS 0x000000061d000000| PB 0x000000061d000000| Untracked |  0
| 112|0x000000061d400000, 0x000000061d400000, 0x000000061d800000|  0%| F|  |TAMS 0x000000061d400000| PB 0x000000061d400000| Untracked |  0
| 113|0x000000061d800000, 0x000000061d800000, 0x000000061dc00000|  0%| F|  |TAMS 0x000000061d800000| PB 0x000000061d800000| Untracked |  0
| 114|0x000000061dc00000, 0x000000061dc00000, 0x000000061e000000|  0%| F|  |TAMS 0x000000061dc00000| PB 0x000000061dc00000| Untracked |  0
| 115|0x000000061e000000, 0x000000061e000000, 0x000000061e400000|  0%| F|  |TAMS 0x000000061e000000| PB 0x000000061e000000| Untracked |  0
| 116|0x000000061e400000, 0x000000061e400000, 0x000000061e800000|  0%| F|  |TAMS 0x000000061e400000| PB 0x000000061e400000| Untracked |  0
| 117|0x000000061e800000, 0x000000061e800000, 0x000000061ec00000|  0%| F|  |TAMS 0x000000061e800000| PB 0x000000061e800000| Untracked |  0
| 118|0x000000061ec00000, 0x000000061ec00000, 0x000000061f000000|  0%| F|  |TAMS 0x000000061ec00000| PB 0x000000061ec00000| Untracked |  0
| 119|0x000000061f000000, 0x000000061f000000, 0x000000061f400000|  0%| F|  |TAMS 0x000000061f000000| PB 0x000000061f000000| Untracked |  0
| 120|0x000000061f400000, 0x000000061f400000, 0x000000061f800000|  0%| F|  |TAMS 0x000000061f400000| PB 0x000000061f400000| Untracked |  0
| 121|0x000000061f800000, 0x000000061f800000, 0x000000061fc00000|  0%| F|  |TAMS 0x000000061f800000| PB 0x000000061f800000| Untracked |  0
| 122|0x000000061fc00000, 0x000000061fc00000, 0x0000000620000000|  0%| F|  |TAMS 0x000000061fc00000| PB 0x000000061fc00000| Untracked |  0
| 123|0x0000000620000000, 0x0000000620000000, 0x0000000620400000|  0%| F|  |TAMS 0x0000000620000000| PB 0x0000000620000000| Untracked |  0
| 124|0x0000000620400000, 0x00000006207ffb70, 0x0000000620800000| 99%| E|  |TAMS 0x0000000620400000| PB 0x0000000620400000| Complete |  0
| 125|0x0000000620800000, 0x0000000620c00000, 0x0000000620c00000|100%| E|CS|TAMS 0x0000000620800000| PB 0x0000000620800000| Complete |  0
| 126|0x0000000620c00000, 0x0000000621000000, 0x0000000621000000|100%| E|CS|TAMS 0x0000000620c00000| PB 0x0000000620c00000| Complete |  0
| 127|0x0000000621000000, 0x0000000621400000, 0x0000000621400000|100%| E|  |TAMS 0x0000000621000000| PB 0x0000000621000000| Complete |  0

Card table byte_map: [0x000001df332f0000,0x000001df342f0000] _byte_map_base: 0x000001df302e6000

Marking Bits: (CMBitMap*) 0x000001df19d15da0
 Bits: [0x000001df342f0000, 0x000001df3c2a0000)

Polling page: 0x000001df17c00000

Metaspace:

Usage:
  Non-class:      2.87 MB used.
      Class:    339.36 KB used.
       Both:      3.20 MB used.

Virtual space:
  Non-class space:       64.00 MB reserved,       3.00 MB (  5%) committed,  1 nodes.
      Class space:        1.00 GB reserved,     448.00 KB ( <1%) committed,  1 nodes.
             Both:        1.06 GB reserved,       3.44 MB ( <1%) committed. 

Chunk freelists:
   Non-Class:  10.85 MB
       Class:  15.54 MB
        Both:  26.39 MB

MaxMetaspaceSize: unlimited
CompressedClassSpaceSize: 1.00 GB
Initial GC threshold: 21.00 MB
Current GC threshold: 21.00 MB
CDS: on
 - commit_granule_bytes: 65536.
 - commit_granule_words: 8192.
 - virtual_space_node_default_size: 8388608.
 - enlarge_chunks_in_place: 1.
 - use_allocation_guard: 0.


Internal statistics:

num_allocs_failed_limit: 0.
num_arena_births: 110.
num_arena_deaths: 0.
num_vsnodes_births: 2.
num_vsnodes_deaths: 0.
num_space_committed: 55.
num_space_uncommitted: 0.
num_chunks_returned_to_freelist: 0.
num_chunks_taken_from_freelist: 186.
num_chunk_merges: 0.
num_chunk_splits: 118.
num_chunks_enlarged: 70.
num_inconsistent_stats: 0.

CodeHeap 'non-profiled nmethods': size=118848Kb used=286Kb max_used=286Kb free=118562Kb
 bounds [0x000001df29ba0000, 0x000001df29e10000, 0x000001df30fb0000]
CodeHeap 'profiled nmethods': size=118848Kb used=1585Kb max_used=1585Kb free=117262Kb
 bounds [0x000001df21fb0000, 0x000001df22220000, 0x000001df293c0000]
CodeHeap 'non-nmethods': size=8064Kb used=3650Kb max_used=3663Kb free=4413Kb
 bounds [0x000001df293c0000, 0x000001df29760000, 0x000001df29ba0000]
 total_blobs=1465 nmethods=970 adapters=396
 compilation: enabled
              stopped_count=0, restarted_count=0
 full_count=0

Compilation events (20 events):
Event: 0.371 Thread 0x000001df8108c380 nmethod 954 0x000001df22136610 code [0x000001df22136800, 0x000001df22136c78]
Event: 0.371 Thread 0x000001df81264550 nmethod 953 0x000001df22136e10 code [0x000001df22136fc0, 0x000001df221372d8]
Event: 0.372 Thread 0x000001df3e80e720  956       4       java.lang.invoke.MemberName::getReferenceKind (12 bytes)
Event: 0.372 Thread 0x000001df3e80e720 nmethod 956 0x000001df29be6210 code [0x000001df29be6380, 0x000001df29be6410]
Event: 0.372 Thread 0x000001df81146290  958       3       sun.invoke.util.BytecodeDescriptor::unparse (24 bytes)
Event: 0.372 Thread 0x000001df81267bd0  959       3       jdk.internal.org.objectweb.asm.MethodWriter::visitLabel (330 bytes)
Event: 0.372 Thread 0x000001df81264550  960       3       jdk.internal.org.objectweb.asm.MethodWriter::endCurrentBasicBlockWithNoSuccessor (94 bytes)
Event: 0.372 Thread 0x000001df81146290 nmethod 958 0x000001df22137390 code [0x000001df22137540, 0x000001df22137740]
Event: 0.373 Thread 0x000001df81266e30  962       3       jdk.internal.org.objectweb.asm.MethodVisitor::<init> (78 bytes)
Event: 0.373 Thread 0x000001df81146290  963       3       jdk.internal.org.objectweb.asm.MethodWriter::visitMethodInsn (191 bytes)
Event: 0.373 Thread 0x000001df8108c380  964       3       jdk.internal.org.objectweb.asm.SymbolTable::addConstantMethodref (24 bytes)
Event: 0.373 Thread 0x000001df81264550 nmethod 960 0x000001df22137810 code [0x000001df22137a00, 0x000001df22138090]
Event: 0.373 Thread 0x000001df8108c380 nmethod 964 0x000001df22138290 code [0x000001df22138440, 0x000001df221385e0]
Event: 0.373 Thread 0x000001df8108c380  966       3       java.lang.invoke.DirectMethodHandle::preparedLambdaForm (31 bytes)
Event: 0.373 Thread 0x000001df81267bd0 nmethod 959 0x000001df22138690 code [0x000001df22138920, 0x000001df221396a0]
Event: 0.373 Thread 0x000001df81266e30 nmethod 962 0x000001df22139910 code [0x000001df22139b40, 0x000001df2213a2e0]
Event: 0.373 Thread 0x000001df81146290 nmethod 963 0x000001df2213a590 code [0x000001df2213a7c0, 0x000001df2213af28]
Event: 0.373 Thread 0x000001df8108c380 nmethod 966 0x000001df2213b290 code [0x000001df2213b480, 0x000001df2213b918]
Event: 0.373 Thread 0x000001df8108c380  968       3       jdk.internal.org.objectweb.asm.SymbolTable::addTypeInternal (85 bytes)
Event: 0.373 Thread 0x000001df8108c380 nmethod 968 0x000001df2213bb10 code [0x000001df2213bce0, 0x000001df2213c300]

GC Heap History (0 events):
No events

Dll operation events (20 events):
Event: 0.225 Loaded shared library C:\Users\migue\.openjfx\cache\22-ea+11\amd64\api-ms-win-crt-filesystem-l1-1-0.dll
Event: 0.227 Loaded shared library C:\Users\migue\.openjfx\cache\22-ea+11\amd64\api-ms-win-crt-heap-l1-1-0.dll
Event: 0.230 Loaded shared library C:\Users\migue\.openjfx\cache\22-ea+11\amd64\api-ms-win-crt-locale-l1-1-0.dll
Event: 0.233 Loaded shared library C:\Users\migue\.openjfx\cache\22-ea+11\amd64\api-ms-win-crt-math-l1-1-0.dll
Event: 0.236 Loaded shared library C:\Users\migue\.openjfx\cache\22-ea+11\amd64\api-ms-win-crt-multibyte-l1-1-0.dll
Event: 0.239 Loaded shared library C:\Users\migue\.openjfx\cache\22-ea+11\amd64\api-ms-win-crt-private-l1-1-0.dll
Event: 0.242 Loaded shared library C:\Users\migue\.openjfx\cache\22-ea+11\amd64\api-ms-win-crt-process-l1-1-0.dll
Event: 0.244 Loaded shared library C:\Users\migue\.openjfx\cache\22-ea+11\amd64\api-ms-win-crt-runtime-l1-1-0.dll
Event: 0.247 Loaded shared library C:\Users\migue\.openjfx\cache\22-ea+11\amd64\api-ms-win-crt-stdio-l1-1-0.dll
Event: 0.250 Loaded shared library C:\Users\migue\.openjfx\cache\22-ea+11\amd64\api-ms-win-crt-string-l1-1-0.dll
Event: 0.253 Loaded shared library C:\Users\migue\.openjfx\cache\22-ea+11\amd64\api-ms-win-crt-time-l1-1-0.dll
Event: 0.255 Loaded shared library C:\Users\migue\.openjfx\cache\22-ea+11\amd64\api-ms-win-crt-utility-l1-1-0.dll
Event: 0.264 Loaded shared library C:\Users\migue\.openjfx\cache\22-ea+11\amd64\ucrtbase.dll
Event: 0.267 Loaded shared library C:\Users\migue\.openjfx\cache\22-ea+11\amd64\vcruntime140.dll
Event: 0.270 Loaded shared library C:\Users\migue\.openjfx\cache\22-ea+11\amd64\vcruntime140_1.dll
Event: 0.276 Loaded shared library C:\Users\migue\.openjfx\cache\22-ea+11\amd64\msvcp140.dll
Event: 0.278 Loaded shared library C:\Users\migue\.openjfx\cache\22-ea+11\amd64\msvcp140_1.dll
Event: 0.282 Loaded shared library C:\Users\migue\.openjfx\cache\22-ea+11\amd64\msvcp140_2.dll
Event: 0.304 Loaded shared library C:\Users\migue\.openjfx\cache\22-ea+11\amd64\prism_d3d.dll
Event: 0.370 Loaded shared library C:\Users\migue\.openjfx\cache\22-ea+11\amd64\glass.dll

Deoptimization events (20 events):
Event: 0.046 Thread 0x000001df178af0d0 DEOPT PACKING pc=0x000001df21fcd849 sp=0x000000c2bc3fddb0
Event: 0.046 Thread 0x000001df178af0d0 DEOPT UNPACKING pc=0x000001df29414e42 sp=0x000000c2bc3fd220 mode 0
Event: 0.165 Thread 0x000001df8134b220 DEOPT PACKING pc=0x000001df21fcc8fc sp=0x000000c2bd8febb0
Event: 0.165 Thread 0x000001df8134b220 DEOPT UNPACKING pc=0x000001df29414e42 sp=0x000000c2bd8fdfd0 mode 0
Event: 0.184 Thread 0x000001df8134b220 DEOPT PACKING pc=0x000001df21fc96cc sp=0x000000c2bd8fefc0
Event: 0.184 Thread 0x000001df8134b220 DEOPT UNPACKING pc=0x000001df29414e42 sp=0x000000c2bd8fe428 mode 0
Event: 0.266 Thread 0x000001df8134b220 DEOPT PACKING pc=0x000001df220bdbdf sp=0x000000c2bd8fee70
Event: 0.266 Thread 0x000001df8134b220 DEOPT UNPACKING pc=0x000001df29414e42 sp=0x000000c2bd8fe290 mode 0
Event: 0.358 Thread 0x000001df81861d20 Uncommon trap: trap_request=0xffffff45 fr.pc=0x000001df29bbe840 relative=0x0000000000000040
Event: 0.358 Thread 0x000001df81861d20 Uncommon trap: reason=unstable_if action=reinterpret pc=0x000001df29bbe840 method=java.util.concurrent.locks.AbstractQueuedSynchronizer.signalNext(Ljava/util/concurrent/locks/AbstractQueuedSynchronizer$Node;)V @ 1 c2
Event: 0.358 Thread 0x000001df81861d20 DEOPT PACKING pc=0x000001df29bbe840 sp=0x000000c2bdcfee60
Event: 0.358 Thread 0x000001df81861d20 DEOPT UNPACKING pc=0x000001df294146a2 sp=0x000000c2bdcfedf8 mode 2
Event: 0.371 Thread 0x000001df8134b220 Uncommon trap: trap_request=0xffffff45 fr.pc=0x000001df29bbbc80 relative=0x0000000000000160
Event: 0.371 Thread 0x000001df8134b220 Uncommon trap: reason=unstable_if action=reinterpret pc=0x000001df29bbbc80 method=java.util.concurrent.locks.ReentrantLock$NonfairSync.initialTryLock()Z @ 10 c2
Event: 0.371 Thread 0x000001df8134b220 DEOPT PACKING pc=0x000001df29bbbc80 sp=0x000000c2bd8fe100
Event: 0.371 Thread 0x000001df8134b220 DEOPT UNPACKING pc=0x000001df294146a2 sp=0x000000c2bd8fe0a8 mode 2
Event: 0.371 Thread 0x000001df8134b220 Uncommon trap: trap_request=0xffffff45 fr.pc=0x000001df29bbe274 relative=0x00000000000000d4
Event: 0.371 Thread 0x000001df8134b220 Uncommon trap: reason=unstable_if action=reinterpret pc=0x000001df29bbe274 method=java.util.concurrent.locks.ReentrantLock$Sync.tryRelease(I)Z @ 26 c2
Event: 0.371 Thread 0x000001df8134b220 DEOPT PACKING pc=0x000001df29bbe274 sp=0x000000c2bd8fe100
Event: 0.371 Thread 0x000001df8134b220 DEOPT UNPACKING pc=0x000001df294146a2 sp=0x000000c2bd8fe0a0 mode 2

Classes loaded (20 events):
Event: 0.364 Loading class java/lang/ProcessEnvironment
Event: 0.364 Loading class java/lang/ProcessEnvironment done
Event: 0.364 Loading class java/lang/ProcessEnvironment$NameComparator
Event: 0.365 Loading class java/lang/ProcessEnvironment$NameComparator done
Event: 0.365 Loading class java/lang/ProcessEnvironment$EntryComparator
Event: 0.365 Loading class java/lang/ProcessEnvironment$EntryComparator done
Event: 0.365 Loading class java/lang/ProcessEnvironment$CheckedEntrySet
Event: 0.365 Loading class java/lang/ProcessEnvironment$CheckedEntrySet done
Event: 0.365 Loading class java/lang/ProcessEnvironment$CheckedEntrySet$1
Event: 0.365 Loading class java/lang/ProcessEnvironment$CheckedEntrySet$1 done
Event: 0.365 Loading class java/lang/ProcessEnvironment$CheckedEntry
Event: 0.365 Loading class java/lang/ProcessEnvironment$CheckedEntry done
Event: 0.371 Loading class java/lang/Throwable$WrappedPrintStream
Event: 0.371 Loading class java/lang/Throwable$PrintStreamOrWriter
Event: 0.371 Loading class java/lang/Throwable$PrintStreamOrWriter done
Event: 0.371 Loading class java/lang/Throwable$WrappedPrintStream done
Event: 0.371 Loading class java/util/concurrent/BlockingDeque
Event: 0.371 Loading class java/util/concurrent/BlockingDeque done
Event: 0.371 Loading class java/util/concurrent/LinkedBlockingDeque
Event: 0.372 Loading class java/util/concurrent/LinkedBlockingDeque done

Classes unloaded (0 events):
No events

Classes redefined (0 events):
No events

Internal exceptions (10 events):
Event: 0.056 Thread 0x000001df178af0d0 Exception <a 'java/lang/NoSuchMethodError'{0x0000000620cb1208}: 'java.lang.Object java.lang.invoke.DirectMethodHandle$Holder.newInvokeSpecial(java.lang.Object, java.lang.Object, java.lang.Object, java.lang.Object, java.lang.Object)'> (0x0000000620cb1208) 
thrown [s\open\src\hotspot\share\interpreter\linkResolver.cpp, line 774]
Event: 0.057 Thread 0x000001df8134b220 Exception <a 'java/lang/NoSuchMethodError'{0x0000000620d0ecb0}: 'void java.lang.invoke.DirectMethodHandle$Holder.invokeStatic(java.lang.Object, java.lang.Object)'> (0x0000000620d0ecb0) 
thrown [s\open\src\hotspot\share\interpreter\linkResolver.cpp, line 774]
Event: 0.090 Thread 0x000001df8134b220 Exception <a 'java/lang/NoSuchMethodError'{0x0000000620ecd398}: 'java.lang.Object java.lang.invoke.DirectMethodHandle$Holder.invokeStatic(java.lang.Object, int, java.lang.Object)'> (0x0000000620ecd398) 
thrown [s\open\src\hotspot\share\interpreter\linkResolver.cpp, line 774]
Event: 0.094 Thread 0x000001df8134b220 Exception <a 'java/lang/NoSuchMethodError'{0x0000000620ef11e0}: 'void java.lang.invoke.DirectMethodHandle$Holder.invokeSpecial(java.lang.Object, java.lang.Object, java.lang.Object)'> (0x0000000620ef11e0) 
thrown [s\open\src\hotspot\share\interpreter\linkResolver.cpp, line 774]
Event: 0.098 Thread 0x000001df8134b220 Exception <a 'java/lang/ClassNotFoundException'{0x0000000620fa06e0}: sun/util/logging/resources/spi/loggingProvider> (0x0000000620fa06e0) 
thrown [s\open\src\hotspot\share\classfile\systemDictionary.cpp, line 313]
Event: 0.297 Thread 0x000001df8134b220 Exception <a 'java/lang/NoSuchMethodError'{0x0000000620585908}: 'void java.lang.invoke.DirectMethodHandle$Holder.invokeStatic(java.lang.Object, java.lang.Object, java.lang.Object)'> (0x0000000620585908) 
thrown [s\open\src\hotspot\share\interpreter\linkResolver.cpp, line 774]
Event: 0.359 Thread 0x000001df8134b220 Exception <a 'java/lang/NoSuchMethodError'{0x0000000620619bd8}: 'int java.lang.invoke.DirectMethodHandle$Holder.invokeStaticInit(java.lang.Object, java.lang.Object, java.lang.Object)'> (0x0000000620619bd8) 
thrown [s\open\src\hotspot\share\interpreter\linkResolver.cpp, line 774]
Event: 0.370 Thread 0x000001df8134b220 Exception <a 'java/lang/NoSuchMethodError'{0x00000006206a45e0}: notifyThemeChanged> (0x00000006206a45e0) 
thrown [s\open\src\hotspot\share\prims\jni.cpp, line 1077]
Event: 0.373 Thread 0x000001df8134b220 Exception <a 'java/lang/NoSuchMethodError'{0x00000006206b5248}: 'java.lang.Object java.lang.invoke.DirectMethodHandle$Holder.newInvokeSpecial(java.lang.Object, java.lang.Object, int, java.lang.Object)'> (0x00000006206b5248) 
thrown [s\open\src\hotspot\share\interpreter\linkResolver.cpp, line 774]
Event: 0.373 Thread 0x000001df8134b220 Exception <a 'java/lang/NoSuchMethodError'{0x00000006206b91d0}: 'java.lang.Object java.lang.invoke.DirectMethodHandle$Holder.invokeSpecial(java.lang.Object, java.lang.Object, java.lang.Object, int, java.lang.Object)'> (0x00000006206b91d0) 
thrown [s\open\src\hotspot\share\interpreter\linkResolver.cpp, line 774]

ZGC Phase Switch (0 events):
No events

VM Operations (4 events):
Event: 0.043 Executing VM operation: HandshakeAllThreads (Deoptimize)
Event: 0.043 Executing VM operation: HandshakeAllThreads (Deoptimize) done
Event: 0.364 Executing VM operation: HandshakeAllThreads (Deoptimize)
Event: 0.364 Executing VM operation: HandshakeAllThreads (Deoptimize) done

Events (20 events):
Event: 0.024 Thread 0x000001df3e7fc5a0 Thread added: 0x000001df3e7fc5a0
Event: 0.024 Thread 0x000001df3e8014d0 Thread added: 0x000001df3e8014d0
Event: 0.024 Thread 0x000001df3e803cb0 Thread added: 0x000001df3e803cb0
Event: 0.024 Thread 0x000001df3e806fb0 Thread added: 0x000001df3e806fb0
Event: 0.024 Thread 0x000001df3e809a30 Thread added: 0x000001df3e809a30
Event: 0.024 Thread 0x000001df3e80d990 Thread added: 0x000001df3e80d990
Event: 0.024 Thread 0x000001df3e80e720 Thread added: 0x000001df3e80e720
Event: 0.024 Thread 0x000001df8108c380 Thread added: 0x000001df8108c380
Event: 0.027 Thread 0x000001df81146290 Thread added: 0x000001df81146290
Event: 0.033 Thread 0x000001df81258110 Thread added: 0x000001df81258110
Event: 0.033 Thread 0x000001df8125afa0 Thread added: 0x000001df8125afa0
Event: 0.039 Thread 0x000001df81267bd0 Thread added: 0x000001df81267bd0
Event: 0.046 Thread 0x000001df81266760 Thread added: 0x000001df81266760
Event: 0.057 Thread 0x000001df8134b220 Thread added: 0x000001df8134b220
Event: 0.082 Thread 0x000001df81266e30 Thread added: 0x000001df81266e30
Event: 0.082 Thread 0x000001df81264550 Thread added: 0x000001df81264550
Event: 0.086 Thread 0x000001df812652f0 Thread added: 0x000001df812652f0
Event: 0.298 Thread 0x000001df81861d20 Thread added: 0x000001df81861d20
Event: 0.372 Thread 0x000001df818f8100 Thread added: 0x000001df818f8100
Event: 0.374 Thread 0x000001df818f4e70 Thread added: 0x000001df818f4e70


Dynamic libraries:
0x00007ff783f20000 - 0x00007ff783f2e000 	C:\Users\migue\.jdks\openjdk-22.0.1\bin\java.exe
0x00007ffdbf890000 - 0x00007ffdbfaa7000 	C:\WINDOWS\SYSTEM32\ntdll.dll
0x00007ffdbe4f0000 - 0x00007ffdbe5b4000 	C:\WINDOWS\System32\KERNEL32.DLL
0x00007ffdbcbb0000 - 0x00007ffdbcf57000 	C:\WINDOWS\System32\KERNELBASE.dll
0x00007ffdbd1f0000 - 0x00007ffdbd301000 	C:\WINDOWS\System32\ucrtbase.dll
0x00007ffdb7f90000 - 0x00007ffdb7fa7000 	C:\Users\migue\.jdks\openjdk-22.0.1\bin\jli.dll
0x00007ffdb7f10000 - 0x00007ffdb7f2b000 	C:\Users\migue\.jdks\openjdk-22.0.1\bin\VCRUNTIME140.dll
0x00007ffdbd6c0000 - 0x00007ffdbd86e000 	C:\WINDOWS\System32\USER32.dll
0x00007ffdbd440000 - 0x00007ffdbd466000 	C:\WINDOWS\System32\win32u.dll
0x00007ffdbde80000 - 0x00007ffdbdea9000 	C:\WINDOWS\System32\GDI32.dll
0x00007ffdbd470000 - 0x00007ffdbd589000 	C:\WINDOWS\System32\gdi32full.dll
0x00007ffdbd150000 - 0x00007ffdbd1ea000 	C:\WINDOWS\System32\msvcp_win.dll
0x00007ffda8520000 - 0x00007ffda87b3000 	C:\WINDOWS\WinSxS\amd64_microsoft.windows.common-controls_6595b64144ccf1df_6.0.22621.3527_none_270e469b73872a76\COMCTL32.dll
0x00007ffdbd990000 - 0x00007ffdbda37000 	C:\WINDOWS\System32\msvcrt.dll
0x00007ffdbda40000 - 0x00007ffdbda71000 	C:\WINDOWS\System32\IMM32.DLL
0x00007ffdb7f00000 - 0x00007ffdb7f0c000 	C:\Users\migue\.jdks\openjdk-22.0.1\bin\vcruntime140_1.dll
0x00007ffda41f0000 - 0x00007ffda427e000 	C:\Users\migue\.jdks\openjdk-22.0.1\bin\msvcp140.dll
0x00007ffcc9a20000 - 0x00007ffcca767000 	C:\Users\migue\.jdks\openjdk-22.0.1\bin\server\jvm.dll
0x00007ffdbf740000 - 0x00007ffdbf7f2000 	C:\WINDOWS\System32\ADVAPI32.dll
0x00007ffdbeb50000 - 0x00007ffdbebf8000 	C:\WINDOWS\System32\sechost.dll
0x00007ffdbd590000 - 0x00007ffdbd5b8000 	C:\WINDOWS\System32\bcrypt.dll
0x00007ffdbd870000 - 0x00007ffdbd985000 	C:\WINDOWS\System32\RPCRT4.dll
0x00007ffdbe9e0000 - 0x00007ffdbea51000 	C:\WINDOWS\System32\WS2_32.dll
0x00007ffdbba30000 - 0x00007ffdbba7d000 	C:\WINDOWS\SYSTEM32\POWRPROF.dll
0x00007ffdb3310000 - 0x00007ffdb3344000 	C:\WINDOWS\SYSTEM32\WINMM.dll
0x00007ffdb5db0000 - 0x00007ffdb5dba000 	C:\WINDOWS\SYSTEM32\VERSION.dll
0x00007ffdbba10000 - 0x00007ffdbba23000 	C:\WINDOWS\SYSTEM32\UMPDC.dll
0x00007ffdbbcc0000 - 0x00007ffdbbcd8000 	C:\WINDOWS\SYSTEM32\kernel.appcore.dll
0x00007ffdb7ef0000 - 0x00007ffdb7efa000 	C:\Users\migue\.jdks\openjdk-22.0.1\bin\jimage.dll
0x00007ffdb3550000 - 0x00007ffdb3782000 	C:\WINDOWS\SYSTEM32\DBGHELP.DLL
0x00007ffdbe5e0000 - 0x00007ffdbe968000 	C:\WINDOWS\System32\combase.dll
0x00007ffdbea60000 - 0x00007ffdbeb37000 	C:\WINDOWS\System32\OLEAUT32.dll
0x00007ffd93ad0000 - 0x00007ffd93b02000 	C:\WINDOWS\SYSTEM32\dbgcore.DLL
0x00007ffdbd0d0000 - 0x00007ffdbd149000 	C:\WINDOWS\System32\bcryptPrimitives.dll
0x00007ffdb7ed0000 - 0x00007ffdb7eee000 	C:\Users\migue\.jdks\openjdk-22.0.1\bin\java.dll
0x00007ffdbec00000 - 0x00007ffdbf45c000 	C:\WINDOWS\System32\SHELL32.dll
0x00007ffdbf590000 - 0x00007ffdbf735000 	C:\WINDOWS\System32\ole32.dll
0x00007ffdbab00000 - 0x00007ffdbb3f6000 	C:\WINDOWS\SYSTEM32\windows.storage.dll
0x00007ffdba9c0000 - 0x00007ffdbaafe000 	C:\WINDOWS\SYSTEM32\wintypes.dll
0x00007ffdbd5c0000 - 0x00007ffdbd6b5000 	C:\WINDOWS\System32\SHCORE.dll
0x00007ffdbe980000 - 0x00007ffdbe9de000 	C:\WINDOWS\System32\shlwapi.dll
0x00007ffdbcae0000 - 0x00007ffdbcb01000 	C:\WINDOWS\SYSTEM32\profapi.dll
0x00007ffda4110000 - 0x00007ffda41e7000 	C:\Users\migue\.jdks\openjdk-22.0.1\bin\jsvml.dll
0x00007ffdb7ea0000 - 0x00007ffdb7eb0000 	C:\Users\migue\.jdks\openjdk-22.0.1\bin\net.dll
0x00007ffdbc130000 - 0x00007ffdbc199000 	C:\WINDOWS\system32\mswsock.dll
0x00007ffdb7e80000 - 0x00007ffdb7e96000 	C:\Users\migue\.jdks\openjdk-22.0.1\bin\nio.dll
0x00007ffdb6680000 - 0x00007ffdb6697000 	C:\Users\migue\.jdks\openjdk-22.0.1\bin\zip.dll
0x000001df17c70000 - 0x000001df17c73000 	C:\Users\migue\.openjfx\cache\22-ea+11\amd64\api-ms-win-core-console-l1-1-0.dll
0x000001df19b60000 - 0x000001df19b63000 	C:\Users\migue\.openjfx\cache\22-ea+11\amd64\api-ms-win-core-console-l1-2-0.dll
0x000001df19b70000 - 0x000001df19b73000 	C:\Users\migue\.openjfx\cache\22-ea+11\amd64\api-ms-win-core-datetime-l1-1-0.dll
0x000001df19b80000 - 0x000001df19b83000 	C:\Users\migue\.openjfx\cache\22-ea+11\amd64\api-ms-win-core-debug-l1-1-0.dll
0x000001df19b90000 - 0x000001df19b93000 	C:\Users\migue\.openjfx\cache\22-ea+11\amd64\api-ms-win-core-errorhandling-l1-1-0.dll
0x000001df19ba0000 - 0x000001df19ba4000 	C:\Users\migue\.openjfx\cache\22-ea+11\amd64\api-ms-win-core-file-l1-1-0.dll
0x000001df19bb0000 - 0x000001df19bb3000 	C:\Users\migue\.openjfx\cache\22-ea+11\amd64\api-ms-win-core-file-l1-2-0.dll
0x000001df19bc0000 - 0x000001df19bc3000 	C:\Users\migue\.openjfx\cache\22-ea+11\amd64\api-ms-win-core-file-l2-1-0.dll
0x000001df19bd0000 - 0x000001df19bd3000 	C:\Users\migue\.openjfx\cache\22-ea+11\amd64\api-ms-win-core-handle-l1-1-0.dll
0x000001df19be0000 - 0x000001df19be3000 	C:\Users\migue\.openjfx\cache\22-ea+11\amd64\api-ms-win-core-heap-l1-1-0.dll
0x000001df19bf0000 - 0x000001df19bf3000 	C:\Users\migue\.openjfx\cache\22-ea+11\amd64\api-ms-win-core-interlocked-l1-1-0.dll
0x000001df19c00000 - 0x000001df19c03000 	C:\Users\migue\.openjfx\cache\22-ea+11\amd64\api-ms-win-core-libraryloader-l1-1-0.dll
0x000001df19c10000 - 0x000001df19c13000 	C:\Users\migue\.openjfx\cache\22-ea+11\amd64\api-ms-win-core-localization-l1-2-0.dll
0x000001df19c20000 - 0x000001df19c23000 	C:\Users\migue\.openjfx\cache\22-ea+11\amd64\api-ms-win-core-memory-l1-1-0.dll
0x000001df3ff60000 - 0x000001df3ff63000 	C:\Users\migue\.openjfx\cache\22-ea+11\amd64\api-ms-win-core-namedpipe-l1-1-0.dll
0x000001df3ff70000 - 0x000001df3ff73000 	C:\Users\migue\.openjfx\cache\22-ea+11\amd64\api-ms-win-core-processenvironment-l1-1-0.dll
0x000001df3ff80000 - 0x000001df3ff83000 	C:\Users\migue\.openjfx\cache\22-ea+11\amd64\api-ms-win-core-processthreads-l1-1-0.dll
0x000001df3ff90000 - 0x000001df3ff93000 	C:\Users\migue\.openjfx\cache\22-ea+11\amd64\api-ms-win-core-processthreads-l1-1-1.dll
0x000001df3ffa0000 - 0x000001df3ffa3000 	C:\Users\migue\.openjfx\cache\22-ea+11\amd64\api-ms-win-core-profile-l1-1-0.dll
0x000001df3ffb0000 - 0x000001df3ffb3000 	C:\Users\migue\.openjfx\cache\22-ea+11\amd64\api-ms-win-core-rtlsupport-l1-1-0.dll
0x000001df3ffc0000 - 0x000001df3ffc3000 	C:\Users\migue\.openjfx\cache\22-ea+11\amd64\api-ms-win-core-string-l1-1-0.dll
0x000001df3ffd0000 - 0x000001df3ffd3000 	C:\Users\migue\.openjfx\cache\22-ea+11\amd64\api-ms-win-core-synch-l1-1-0.dll
0x000001df3ffe0000 - 0x000001df3ffe3000 	C:\Users\migue\.openjfx\cache\22-ea+11\amd64\api-ms-win-core-synch-l1-2-0.dll
0x000001df3fff0000 - 0x000001df3fff3000 	C:\Users\migue\.openjfx\cache\22-ea+11\amd64\api-ms-win-core-sysinfo-l1-1-0.dll
0x000001df81c00000 - 0x000001df81c03000 	C:\Users\migue\.openjfx\cache\22-ea+11\amd64\api-ms-win-core-timezone-l1-1-0.dll
0x000001df81c10000 - 0x000001df81c13000 	C:\Users\migue\.openjfx\cache\22-ea+11\amd64\api-ms-win-core-util-l1-1-0.dll
0x000001df81c20000 - 0x000001df81c23000 	C:\Users\migue\.openjfx\cache\22-ea+11\amd64\api-ms-win-crt-conio-l1-1-0.dll
0x000001df81c30000 - 0x000001df81c34000 	C:\Users\migue\.openjfx\cache\22-ea+11\amd64\api-ms-win-crt-convert-l1-1-0.dll
0x000001df81c40000 - 0x000001df81c43000 	C:\Users\migue\.openjfx\cache\22-ea+11\amd64\api-ms-win-crt-environment-l1-1-0.dll
0x000001df81c50000 - 0x000001df81c53000 	C:\Users\migue\.openjfx\cache\22-ea+11\amd64\api-ms-win-crt-filesystem-l1-1-0.dll
0x000001df81c60000 - 0x000001df81c63000 	C:\Users\migue\.openjfx\cache\22-ea+11\amd64\api-ms-win-crt-heap-l1-1-0.dll
0x000001df81c70000 - 0x000001df81c73000 	C:\Users\migue\.openjfx\cache\22-ea+11\amd64\api-ms-win-crt-locale-l1-1-0.dll
0x000001df81c80000 - 0x000001df81c85000 	C:\Users\migue\.openjfx\cache\22-ea+11\amd64\api-ms-win-crt-math-l1-1-0.dll
0x000001df81c90000 - 0x000001df81c95000 	C:\Users\migue\.openjfx\cache\22-ea+11\amd64\api-ms-win-crt-multibyte-l1-1-0.dll
0x000001df81ca0000 - 0x000001df81cb0000 	C:\Users\migue\.openjfx\cache\22-ea+11\amd64\api-ms-win-crt-private-l1-1-0.dll
0x000001df81cb0000 - 0x000001df81cb3000 	C:\Users\migue\.openjfx\cache\22-ea+11\amd64\api-ms-win-crt-process-l1-1-0.dll
0x000001df81cc0000 - 0x000001df81cc4000 	C:\Users\migue\.openjfx\cache\22-ea+11\amd64\api-ms-win-crt-runtime-l1-1-0.dll
0x000001df81cd0000 - 0x000001df81cd4000 	C:\Users\migue\.openjfx\cache\22-ea+11\amd64\api-ms-win-crt-stdio-l1-1-0.dll
0x000001df81ce0000 - 0x000001df81ce4000 	C:\Users\migue\.openjfx\cache\22-ea+11\amd64\api-ms-win-crt-string-l1-1-0.dll
0x000001df81cf0000 - 0x000001df81cf3000 	C:\Users\migue\.openjfx\cache\22-ea+11\amd64\api-ms-win-crt-time-l1-1-0.dll
0x000001df81d00000 - 0x000001df81d03000 	C:\Users\migue\.openjfx\cache\22-ea+11\amd64\api-ms-win-crt-utility-l1-1-0.dll
0x00007ffda3fb0000 - 0x00007ffda40ac000 	C:\Users\migue\.openjfx\cache\22-ea+11\amd64\ucrtbase.dll
0x00007ffdb3ea0000 - 0x00007ffdb3ebb000 	C:\Users\migue\.openjfx\cache\22-ea+11\amd64\vcruntime140.dll
0x00007ffdb4770000 - 0x00007ffdb477c000 	C:\Users\migue\.openjfx\cache\22-ea+11\amd64\vcruntime140_1.dll
0x00007ffda3f20000 - 0x00007ffda3fae000 	C:\Users\migue\.openjfx\cache\22-ea+11\amd64\msvcp140.dll
0x00007ffdb3e90000 - 0x00007ffdb3e99000 	C:\Users\migue\.openjfx\cache\22-ea+11\amd64\msvcp140_1.dll
0x00007ffdb3bb0000 - 0x00007ffdb3bdf000 	C:\Users\migue\.openjfx\cache\22-ea+11\amd64\msvcp140_2.dll
0x00007ffdb3800000 - 0x00007ffdb382f000 	C:\Users\migue\.openjfx\cache\22-ea+11\amd64\prism_d3d.dll
0x00007ffd7ede0000 - 0x00007ffd7ef89000 	C:\WINDOWS\system32\d3d9.dll
0x00007ffdba2c0000 - 0x00007ffdba2eb000 	C:\WINDOWS\SYSTEM32\dwmapi.dll
0x00007ffdba330000 - 0x00007ffdba369000 	C:\WINDOWS\SYSTEM32\dxcore.dll
0x00007ffdba040000 - 0x00007ffdba0eb000 	C:\WINDOWS\system32\uxtheme.dll
0x00007ffdb3f90000 - 0x00007ffdb404e000 	C:\WINDOWS\System32\DriverStore\FileRepository\nv_dispi.inf_amd64_de8e1115ac61e38a\nvldumdx.dll
0x00007ffdbc4f0000 - 0x00007ffdbc502000 	C:\WINDOWS\SYSTEM32\msasn1.dll
0x00007ffdb3d70000 - 0x00007ffdb3da2000 	C:\WINDOWS\SYSTEM32\cryptnet.dll
0x00007ffdbcf60000 - 0x00007ffdbd0c8000 	C:\WINDOWS\System32\CRYPT32.dll
0x00007ffdb3c10000 - 0x00007ffdb3d68000 	C:\WINDOWS\SYSTEM32\drvstore.dll
0x00007ffdbc860000 - 0x00007ffdbc88c000 	C:\WINDOWS\SYSTEM32\devobj.dll
0x00007ffdbc890000 - 0x00007ffdbc8de000 	C:\WINDOWS\SYSTEM32\cfgmgr32.dll
0x00007ffdbc440000 - 0x00007ffdbc489000 	C:\WINDOWS\SYSTEM32\wldp.dll
0x00007ffdbc390000 - 0x00007ffdbc39c000 	C:\WINDOWS\SYSTEM32\cryptbase.dll
0x00007ffdbd3d0000 - 0x00007ffdbd43b000 	C:\WINDOWS\System32\wintrust.dll
0x00007ffdbdb10000 - 0x00007ffdbdb2f000 	C:\WINDOWS\System32\imagehlp.dll
0x00007ffdbc3a0000 - 0x00007ffdbc3bb000 	C:\WINDOWS\SYSTEM32\CRYPTSP.dll
0x00007ffdbbc20000 - 0x00007ffdbbc55000 	C:\WINDOWS\system32\rsaenh.dll
0x00007ffdaebb0000 - 0x00007ffdb0dce000 	C:\WINDOWS\System32\DriverStore\FileRepository\nv_dispi.inf_amd64_de8e1115ac61e38a\nvgpucomp64.dll
0x00007ffd219f0000 - 0x00007ffd23d9f000 	C:\WINDOWS\System32\DriverStore\FileRepository\nv_dispi.inf_amd64_de8e1115ac61e38a\nvd3dumx.dll
0x00007ffdb7de0000 - 0x00007ffdb7e2a000 	C:\WINDOWS\SYSTEM32\directxdatabasehelper.dll
0x00007ffda3ed0000 - 0x00007ffda3f12000 	C:\Users\migue\.openjfx\cache\22-ea+11\amd64\glass.dll
0x00007ffdbdbc0000 - 0x00007ffdbdcb7000 	C:\WINDOWS\System32\COMDLG32.dll
0x00007ffdbdeb0000 - 0x00007ffdbe003000 	C:\WINDOWS\System32\MSCTF.dll

dbghelp: loaded successfully - version: 4.0.5 - missing functions: none
symbol engine: initialized successfully - sym options: 0x614 - pdb path: .;C:\Users\migue\.jdks\openjdk-22.0.1\bin;C:\WINDOWS\SYSTEM32;C:\WINDOWS\WinSxS\amd64_microsoft.windows.common-controls_6595b64144ccf1df_6.0.22621.3527_none_270e469b73872a76;C:\Users\migue\.jdks\openjdk-22.0.1\bin\server;C:\Users\migue\.openjfx\cache\22-ea+11\amd64;C:\WINDOWS\System32\DriverStore\FileRepository\nv_dispi.inf_amd64_de8e1115ac61e38a

VM Arguments:
jvm_args: -Dfile.encoding=windows-1252 -Dsun.stdout.encoding=windows-1252 -Dsun.stderr.encoding=windows-1252 
java_command: C:\Users\migue\IdeaProjects\PomoFX_Win\out\artifacts\PomoFX_Win_jar\PomoFX_Win.jar
java_class_path (initial): C:\Users\migue\IdeaProjects\PomoFX_Win\out\artifacts\PomoFX_Win_jar\PomoFX_Win.jar
Launcher Type: SUN_STANDARD

[Global flags]
     intx CICompilerCount                          = 15                                        {product} {ergonomic}
     uint ConcGCThreads                            = 6                                         {product} {ergonomic}
     uint G1ConcRefinementThreads                  = 23                                        {product} {ergonomic}
   size_t G1HeapRegionSize                         = 4194304                                   {product} {ergonomic}
   size_t InitialHeapSize                          = 536870912                                 {product} {ergonomic}
   size_t MarkStackSize                            = 4194304                                   {product} {ergonomic}
   size_t MaxHeapSize                              = 8568963072                                {product} {ergonomic}
   size_t MaxNewSize                               = 5138022400                                {product} {ergonomic}
   size_t MinHeapDeltaBytes                        = 4194304                                   {product} {ergonomic}
   size_t MinHeapSize                              = 8388608                                   {product} {ergonomic}
    uintx NonNMethodCodeHeapSize                   = 8192380                                {pd product} {ergonomic}
    uintx NonProfiledCodeHeapSize                  = 121732930                              {pd product} {ergonomic}
    uintx ProfiledCodeHeapSize                     = 121732930                              {pd product} {ergonomic}
    uintx ReservedCodeCacheSize                    = 251658240                              {pd product} {ergonomic}
     bool SegmentedCodeCache                       = true                                      {product} {ergonomic}
   size_t SoftMaxHeapSize                          = 8568963072                             {manageable} {ergonomic}
     bool UseCompressedOops                        = true                           {product lp64_product} {ergonomic}
     bool UseG1GC                                  = true                                      {product} {ergonomic}
     bool UseLargePagesIndividualAllocation        = false                                  {pd product} {ergonomic}

Logging:
Log output configuration:
 #0: stdout all=warning uptime,level,tags foldmultilines=false
 #1: stderr all=off uptime,level,tags foldmultilines=false

Environment Variables:
PATH=C:\Program Files\Eclipse Adoptium\jdk-17.0.1.12-hotspot\bin;C:\Program Files (x86)\Razer Chroma SDK\bin;C:\Program Files\Razer Chroma SDK\bin;C:\Program Files (x86)\Razer\ChromaBroadcast\bin;C:\Program Files\Razer\ChromaBroadcast\bin;C:\Program Files\Common Files\Oracle\Java\javapath;C:\Program Files (x86)\Common Files\Oracle\Java\java8path;C:\Program Files (x86)\Common Files\Oracle\Java\javapath;C:\Windows\system32;C:\Windows;C:\Windows\System32\Wbem;C:\Windows\System32\WindowsPowerShell\v1.0\;C:\Windows\System32\OpenSSH\;C:\Program Files (x86)\NVIDIA Corporation\PhysX\Common;C:\Windows\system32\config\systemprofile\AppData\Local\Microsoft\WindowsApps;C:\ProgramData\chocolatey\bin;C:\Program Files\PuTTY\;C:\Program Files\dotnet\;C:\WINDOWS\system32;C:\WINDOWS;C:\WINDOWS\System32\Wbem;C:\WINDOWS\System32\WindowsPowerShell\v1.0\;C:\WINDOWS\System32\OpenSSH\;C:\Program Files\NVIDIA Corporation\NVIDIA App\NvDLISR;C:\Program Files\nodejs\;C:\Program Files\Git\cmd;C:\Program Files (x86)\Common Files\Acronis\SnapAPI\;C:\Program Files (x86)\Common Files\Acronis\VirtualFile\;C:\Program Files (x86)\Common Files\Acronis\VirtualFile64\;C:\Program Files (x86)\Common Files\Acronis\FileProtector\;C:\Program Files (x86)\Common Files\Acronis\FileProtector64\;C:\Users\migue\scoop\shims;C:\Users\migue\AppData\Local\Microsoft\WindowsApps;C:\Users\migue\AppData\Local\Programs\Microsoft VS Code\bin;C:\Users\migue\AppData\Local\Pandoc\;C:\Users\migue\AppData\Local\Programs\espanso;C:\Users\migue\AppData\Local\Microsoft\WindowsApps;C:\Users\migue\AppData\Local\GitHubDesktop\bin;C:\Users\migue\AppData\Local\spicetify;C:\Users\migue\AppData\Roaming\npm
USERNAME=migue
OS=Windows_NT
PROCESSOR_IDENTIFIER=AMD64 Family 25 Model 33 Stepping 0, AuthenticAMD
TMP=C:\Users\migue\AppData\Local\Temp
TEMP=C:\Users\migue\AppData\Local\Temp




Periodic native trim disabled

---------------  S Y S T E M  ---------------

OS:
 Windows 11 , 64 bit Build 22621 (10.0.22621.3527)
OS uptime: 0 days 2:11 hours

CPU: total 32 (initial active 32) (32 cores per cpu, 2 threads per core) family 25 model 33 stepping 0 microcode 0x0, cx8, cmov, fxsr, ht, mmx, 3dnowpref, sse, sse2, sse3, ssse3, sse4a, sse4.1, sse4.2, popcnt, lzcnt, tsc, tscinvbit, avx, avx2, aes, erms, clmul, bmi1, bmi2, adx, sha, fma, vzeroupper, clflush, clflushopt, rdtscp, rdpid, fsrm, f16c, pku, cet_ss
Processor Information for all 32 processors :
  Max Mhz: 3401, Current Mhz: 3401, Mhz Limit: 3401

Memory: 4k page, system-wide physical 32681M (16071M free)
TotalPageFile size 37545M (AvailPageFile size 14047M)
current process WorkingSet (physical memory assigned to process): 72M, peak: 72M
current process commit charge ("private bytes"): 656M, peak: 656M

vm_info: OpenJDK 64-Bit Server VM (22.0.1+8-16) for windows-amd64 JRE (22.0.1+8-16), built on 2024-03-12T10:33:16Z by "mach5one" with MS VC++ 17.6 (VS2022)

END.
